{
  "title": "",
  "ctx": null,
  "suites": [
    {
      "title": "JsonSchema – JSON Schema 2019-09",
      "ctx": null,
      "suites": [
        {
          "title": "tbd",
          "ctx": null,
          "suites": [],
          "tests": [
            {
              "type": "test",
              "title": "2.1 ID - The value MUST be a URL that identifies the schema associated with the verifiable credential.",
              "body": "async function() {\n          await generateTestResults(i.name, schemaVersionName, jsonSchemaType, this.test.title);\n          this.test.cell = {columnId: i.name, rowId: this.test.title};\n          const result = await checkTestResults(i.name, schemaVersionName, jsonSchemaType, this.test.title);\n          should.equal(result, TestResult.success);\n        }",
              "async": 0,
              "sync": true,
              "_timeout": 150000,
              "_slow": 75,
              "_retries": -1,
              "timedOut": false,
              "_currentRetry": 0,
              "pending": false,
              "file": "/home/runner/work/vc-json-schema-test-suite/vc-json-schema-test-suite/tests/jsonschema.js",
              "parent": "k5NKSaTO3IgcNBDA3dBAm",
              "ctx": null,
              "_testId": "urn:uuid:d4254138-6a46-436c-9ac3-954af30b7e96",
              "_events": {},
              "_eventsCount": 1,
              "timer": {
                "_idleTimeout": -1,
                "_idlePrev": null,
                "_idleNext": null,
                "_idleStart": 223,
                "_onTimeout": null,
                "_repeat": null,
                "_destroyed": true
              },
              "cell": {
                "columnId": "tbd",
                "rowId": "2.1 ID - The value MUST be a URL that identifies the schema associated with the verifiable credential."
              },
              "duration": 225,
              "state": "failed",
              "err": {
                "name": "AssertionError",
                "message": "expected 'error' to equal 'success'",
                "showDiff": true,
                "actual": "error",
                "expected": "success",
                "operator": "strictEqual",
                "stack": "AssertionError: expected 'error' to equal 'success'\n    at should.equal (node_modules/chai/lib/chai/interface/should.js:98:35)\n    at Context.<anonymous> (file:///home/runner/work/vc-json-schema-test-suite/vc-json-schema-test-suite/tests/jsonschema.js:31:18)"
              }
            },
            {
              "type": "test",
              "title": "2.1 The type property MUST be JsonSchema.",
              "body": "async function() {\n          await generateTestResults(i.name, schemaVersionName, jsonSchemaType, this.test.title);\n          this.test.cell = {columnId: i.name, rowId: this.test.title};\n          const result = await checkTestResults(i.name, schemaVersionName, jsonSchemaType, this.test.title);\n          should.equal(result, TestResult.success);\n        }",
              "async": 0,
              "sync": true,
              "_timeout": 150000,
              "_slow": 75,
              "_retries": -1,
              "timedOut": false,
              "_currentRetry": 0,
              "pending": false,
              "file": "/home/runner/work/vc-json-schema-test-suite/vc-json-schema-test-suite/tests/jsonschema.js",
              "parent": "k5NKSaTO3IgcNBDA3dBAm",
              "ctx": null,
              "_testId": "urn:uuid:d57d04bd-5c1d-45b9-a60b-53bf5a9c6783",
              "_events": {},
              "_eventsCount": 1,
              "timer": {
                "_idleTimeout": -1,
                "_idlePrev": null,
                "_idleNext": null,
                "_idleStart": 449,
                "_onTimeout": null,
                "_repeat": null,
                "_destroyed": true
              },
              "cell": {
                "columnId": "tbd",
                "rowId": "2.1 The type property MUST be JsonSchema."
              },
              "duration": 223,
              "state": "failed",
              "err": {
                "name": "AssertionError",
                "message": "expected 'error' to equal 'success'",
                "showDiff": true,
                "actual": "error",
                "expected": "success",
                "operator": "strictEqual",
                "stack": "AssertionError: expected 'error' to equal 'success'\n    at should.equal (node_modules/chai/lib/chai/interface/should.js:98:35)\n    at Context.<anonymous> (file:///home/runner/work/vc-json-schema-test-suite/vc-json-schema-test-suite/tests/jsonschema.js:38:18)"
              }
            },
            {
              "type": "test",
              "title": "3 Implementers MUST provide support for JSON Schema specifications where, in the following table, the required column's value is yes",
              "body": "function() {\n          this.test.cell = {columnId: i.name, rowId: this.test.title};\n          if (schemaVersionName === JsonSchemaVersions['202012']) {\n            should.equal(true, true);\n          } else {\n            this.skip();\n          }\n        }",
              "async": 0,
              "sync": true,
              "_timeout": 150000,
              "_slow": 75,
              "_retries": -1,
              "timedOut": false,
              "_currentRetry": 0,
              "pending": true,
              "file": "/home/runner/work/vc-json-schema-test-suite/vc-json-schema-test-suite/tests/jsonschema.js",
              "parent": "k5NKSaTO3IgcNBDA3dBAm",
              "ctx": null,
              "_testId": "urn:uuid:8603bf77-e7e2-4332-9bc6-18be1ac83225",
              "_events": {},
              "_eventsCount": 1,
              "cell": {
                "columnId": "tbd",
                "rowId": "3 Implementers MUST provide support for JSON Schema specifications where, in the following table, the required column's value is yes"
              },
              "duration": 1,
              "state": "pending"
            },
            {
              "type": "test",
              "title": "3.1.1 The $id MUST be present and its value MUST represent a valid URI-reference",
              "body": "async function() {\n          await generateTestResults(i.name, schemaVersionName, jsonSchemaType, this.test.title);\n          this.test.cell = {columnId: i.name, rowId: this.test.title};\n          const result = await checkTestResults(i.name, schemaVersionName, jsonSchemaType, this.test.title);\n          should.equal(result, TestResult.success);\n        }",
              "async": 0,
              "sync": true,
              "_timeout": 150000,
              "_slow": 75,
              "_retries": -1,
              "timedOut": false,
              "_currentRetry": 0,
              "pending": false,
              "file": "/home/runner/work/vc-json-schema-test-suite/vc-json-schema-test-suite/tests/jsonschema.js",
              "parent": "k5NKSaTO3IgcNBDA3dBAm",
              "ctx": null,
              "_testId": "urn:uuid:dc269304-f893-4165-b50f-1869809e9393",
              "_events": {},
              "_eventsCount": 1,
              "timer": {
                "_idleTimeout": -1,
                "_idlePrev": null,
                "_idleNext": null,
                "_idleStart": 675,
                "_onTimeout": null,
                "_repeat": null,
                "_destroyed": true
              },
              "cell": {
                "columnId": "tbd",
                "rowId": "3.1.1 The $id MUST be present and its value MUST represent a valid URI-reference"
              },
              "duration": 263,
              "state": "failed",
              "err": {
                "name": "AssertionError",
                "message": "expected 'error' to equal 'success'",
                "showDiff": true,
                "actual": "error",
                "expected": "success",
                "operator": "strictEqual",
                "stack": "AssertionError: expected 'error' to equal 'success'\n    at should.equal (node_modules/chai/lib/chai/interface/should.js:98:35)\n    at Context.<anonymous> (file:///home/runner/work/vc-json-schema-test-suite/vc-json-schema-test-suite/tests/jsonschema.js:54:18)"
              }
            },
            {
              "type": "test",
              "title": "3.1.2, 4 The $schema property MUST be present in each schema",
              "body": "async function() {\n          await generateTestResults(i.name, schemaVersionName, jsonSchemaType, this.test.title);\n          this.test.cell = {columnId: i.name, rowId: this.test.title};\n          const result = await checkTestResults(i.name, schemaVersionName, jsonSchemaType, this.test.title);\n          should.equal(result, TestResult.success);\n        }",
              "async": 0,
              "sync": true,
              "_timeout": 150000,
              "_slow": 75,
              "_retries": -1,
              "timedOut": false,
              "_currentRetry": 0,
              "pending": false,
              "file": "/home/runner/work/vc-json-schema-test-suite/vc-json-schema-test-suite/tests/jsonschema.js",
              "parent": "k5NKSaTO3IgcNBDA3dBAm",
              "ctx": null,
              "_testId": "urn:uuid:5ac50023-b536-4749-9569-0dd013551ccb",
              "_events": {},
              "_eventsCount": 1,
              "timer": {
                "_idleTimeout": -1,
                "_idlePrev": null,
                "_idleNext": null,
                "_idleStart": 936,
                "_onTimeout": null,
                "_repeat": null,
                "_destroyed": true
              },
              "cell": {
                "columnId": "tbd",
                "rowId": "3.1.2, 4 The $schema property MUST be present in each schema"
              },
              "duration": 222,
              "state": "failed",
              "err": {
                "name": "AssertionError",
                "message": "expected 'error' to equal 'success'",
                "showDiff": true,
                "actual": "error",
                "expected": "success",
                "operator": "strictEqual",
                "stack": "AssertionError: expected 'error' to equal 'success'\n    at should.equal (node_modules/chai/lib/chai/interface/should.js:98:35)\n    at Context.<anonymous> (file:///home/runner/work/vc-json-schema-test-suite/vc-json-schema-test-suite/tests/jsonschema.js:62:18)"
              }
            },
            {
              "type": "test",
              "title": "4.2 (Success) Validation MUST result in one of the following three possible outcomes: success, failure, or indeterminate.",
              "body": "async function() {\n          await generateTestResults(i.name, schemaVersionName, jsonSchemaType, this.test.title);\n          this.test.cell = {columnId: i.name, rowId: this.test.title};\n          const result = await checkTestResults(i.name, schemaVersionName, jsonSchemaType, this.test.title);\n          should.equal(result, TestResult.success);\n        }",
              "async": 0,
              "sync": true,
              "_timeout": 150000,
              "_slow": 75,
              "_retries": -1,
              "timedOut": false,
              "_currentRetry": 0,
              "pending": false,
              "file": "/home/runner/work/vc-json-schema-test-suite/vc-json-schema-test-suite/tests/jsonschema.js",
              "parent": "k5NKSaTO3IgcNBDA3dBAm",
              "ctx": null,
              "_testId": "urn:uuid:9b597754-25c4-4e28-8340-244a3612513a",
              "_events": {},
              "_eventsCount": 1,
              "timer": {
                "_idleTimeout": -1,
                "_idlePrev": null,
                "_idleNext": null,
                "_idleStart": 1160,
                "_onTimeout": null,
                "_repeat": null,
                "_destroyed": true
              },
              "cell": {
                "columnId": "tbd",
                "rowId": "4.2 (Success) Validation MUST result in one of the following three possible outcomes: success, failure, or indeterminate."
              },
              "duration": 187,
              "state": "failed",
              "err": {
                "name": "AssertionError",
                "message": "expected 'error' to equal 'success'",
                "showDiff": true,
                "actual": "error",
                "expected": "success",
                "operator": "strictEqual",
                "stack": "AssertionError: expected 'error' to equal 'success'\n    at should.equal (node_modules/chai/lib/chai/interface/should.js:98:35)\n    at Context.<anonymous> (file:///home/runner/work/vc-json-schema-test-suite/vc-json-schema-test-suite/tests/jsonschema.js:69:18)"
              }
            },
            {
              "type": "test",
              "title": "4.2 (Failure) Validation MUST result in one of the following three possible outcomes: success, failure, or indeterminate.",
              "body": "async function() {\n          await generateTestResults(i.name, schemaVersionName, jsonSchemaType, this.test.title);\n          this.test.cell = {columnId: i.name, rowId: this.test.title};\n          const result = await checkTestResults(i.name, schemaVersionName, jsonSchemaType, this.test.title);\n          should.equal(result, TestResult.success);\n        }",
              "async": 0,
              "sync": true,
              "_timeout": 150000,
              "_slow": 75,
              "_retries": -1,
              "timedOut": false,
              "_currentRetry": 0,
              "pending": false,
              "file": "/home/runner/work/vc-json-schema-test-suite/vc-json-schema-test-suite/tests/jsonschema.js",
              "parent": "k5NKSaTO3IgcNBDA3dBAm",
              "ctx": null,
              "_testId": "urn:uuid:b6c6285f-5e08-44cd-b11e-489c7cea004e",
              "_events": {},
              "_eventsCount": 1,
              "timer": {
                "_idleTimeout": -1,
                "_idlePrev": null,
                "_idleNext": null,
                "_idleStart": 1347,
                "_onTimeout": null,
                "_repeat": null,
                "_destroyed": true
              },
              "cell": {
                "columnId": "tbd",
                "rowId": "4.2 (Failure) Validation MUST result in one of the following three possible outcomes: success, failure, or indeterminate."
              },
              "duration": 186,
              "state": "failed",
              "err": {
                "name": "AssertionError",
                "message": "expected 'error' to equal 'success'",
                "showDiff": true,
                "actual": "error",
                "expected": "success",
                "operator": "strictEqual",
                "stack": "AssertionError: expected 'error' to equal 'success'\n    at should.equal (node_modules/chai/lib/chai/interface/should.js:98:35)\n    at Context.<anonymous> (file:///home/runner/work/vc-json-schema-test-suite/vc-json-schema-test-suite/tests/jsonschema.js:76:18)"
              }
            },
            {
              "type": "test",
              "title": "4.2 (Indeterminate) Validation MUST result in one of the following three possible outcomes: success, failure, or indeterminate.",
              "body": "async function() {\n          await generateTestResults(i.name, schemaVersionName, jsonSchemaType, this.test.title);\n          this.test.cell = {columnId: i.name, rowId: this.test.title};\n          const result = await checkTestResults(i.name, schemaVersionName, jsonSchemaType, this.test.title);\n          should.equal(result, TestResult.success);\n        }",
              "async": 0,
              "sync": true,
              "_timeout": 150000,
              "_slow": 75,
              "_retries": -1,
              "timedOut": false,
              "_currentRetry": 0,
              "pending": false,
              "file": "/home/runner/work/vc-json-schema-test-suite/vc-json-schema-test-suite/tests/jsonschema.js",
              "parent": "k5NKSaTO3IgcNBDA3dBAm",
              "ctx": null,
              "_testId": "urn:uuid:fdc3471b-e8cf-4867-9aee-d9e421f0fc74",
              "_events": {},
              "_eventsCount": 1,
              "timer": {
                "_idleTimeout": -1,
                "_idlePrev": null,
                "_idleNext": null,
                "_idleStart": 1534,
                "_onTimeout": null,
                "_repeat": null,
                "_destroyed": true
              },
              "cell": {
                "columnId": "tbd",
                "rowId": "4.2 (Indeterminate) Validation MUST result in one of the following three possible outcomes: success, failure, or indeterminate."
              },
              "duration": 187,
              "state": "failed",
              "err": {
                "name": "AssertionError",
                "message": "expected 'error' to equal 'success'",
                "showDiff": true,
                "actual": "error",
                "expected": "success",
                "operator": "strictEqual",
                "stack": "AssertionError: expected 'error' to equal 'success'\n    at should.equal (node_modules/chai/lib/chai/interface/should.js:98:35)\n    at Context.<anonymous> (file:///home/runner/work/vc-json-schema-test-suite/vc-json-schema-test-suite/tests/jsonschema.js:83:18)"
              }
            }
          ],
          "root": false,
          "pending": false,
          "_retries": -1,
          "_beforeEach": [],
          "_beforeAll": [],
          "_afterEach": [],
          "_afterAll": [],
          "_timeout": 150000,
          "_slow": 75,
          "_bail": false,
          "_onlyTests": [],
          "_onlySuites": [],
          "delayed": false,
          "parent": "gU_42DYwemJ6bhdu_5R5t",
          "file": "/home/runner/work/vc-json-schema-test-suite/vc-json-schema-test-suite/tests/jsonschema.js",
          "_testId": "urn:uuid:c2fe9b0e-f459-4d90-9603-9bee7b16eb95"
        }
      ],
      "tests": [
        {
          "type": "test",
          "title": "2.1 ID - The value MUST be a URL that identifies the schema associated with the verifiable credential.",
          "body": "async function() {\n          await generateTestResults(i.name, schemaVersionName, jsonSchemaType, this.test.title);\n          this.test.cell = {columnId: i.name, rowId: this.test.title};\n          const result = await checkTestResults(i.name, schemaVersionName, jsonSchemaType, this.test.title);\n          should.equal(result, TestResult.success);\n        }",
          "async": 0,
          "sync": true,
          "_timeout": 150000,
          "_slow": 75,
          "_retries": -1,
          "timedOut": false,
          "_currentRetry": 0,
          "pending": false,
          "file": "/home/runner/work/vc-json-schema-test-suite/vc-json-schema-test-suite/tests/jsonschema.js",
          "parent": "k5NKSaTO3IgcNBDA3dBAm",
          "ctx": null,
          "_testId": "urn:uuid:d4254138-6a46-436c-9ac3-954af30b7e96",
          "_events": {},
          "_eventsCount": 1,
          "timer": {
            "_idleTimeout": -1,
            "_idlePrev": null,
            "_idleNext": null,
            "_idleStart": 223,
            "_onTimeout": null,
            "_repeat": null,
            "_destroyed": true
          },
          "cell": {
            "columnId": "tbd",
            "rowId": "2.1 ID - The value MUST be a URL that identifies the schema associated with the verifiable credential."
          },
          "duration": 225,
          "state": "failed",
          "err": {
            "name": "AssertionError",
            "message": "expected 'error' to equal 'success'",
            "showDiff": true,
            "actual": "error",
            "expected": "success",
            "operator": "strictEqual",
            "stack": "AssertionError: expected 'error' to equal 'success'\n    at should.equal (node_modules/chai/lib/chai/interface/should.js:98:35)\n    at Context.<anonymous> (file:///home/runner/work/vc-json-schema-test-suite/vc-json-schema-test-suite/tests/jsonschema.js:31:18)"
          }
        },
        {
          "type": "test",
          "title": "2.1 The type property MUST be JsonSchema.",
          "body": "async function() {\n          await generateTestResults(i.name, schemaVersionName, jsonSchemaType, this.test.title);\n          this.test.cell = {columnId: i.name, rowId: this.test.title};\n          const result = await checkTestResults(i.name, schemaVersionName, jsonSchemaType, this.test.title);\n          should.equal(result, TestResult.success);\n        }",
          "async": 0,
          "sync": true,
          "_timeout": 150000,
          "_slow": 75,
          "_retries": -1,
          "timedOut": false,
          "_currentRetry": 0,
          "pending": false,
          "file": "/home/runner/work/vc-json-schema-test-suite/vc-json-schema-test-suite/tests/jsonschema.js",
          "parent": "k5NKSaTO3IgcNBDA3dBAm",
          "ctx": null,
          "_testId": "urn:uuid:d57d04bd-5c1d-45b9-a60b-53bf5a9c6783",
          "_events": {},
          "_eventsCount": 1,
          "timer": {
            "_idleTimeout": -1,
            "_idlePrev": null,
            "_idleNext": null,
            "_idleStart": 449,
            "_onTimeout": null,
            "_repeat": null,
            "_destroyed": true
          },
          "cell": {
            "columnId": "tbd",
            "rowId": "2.1 The type property MUST be JsonSchema."
          },
          "duration": 223,
          "state": "failed",
          "err": {
            "name": "AssertionError",
            "message": "expected 'error' to equal 'success'",
            "showDiff": true,
            "actual": "error",
            "expected": "success",
            "operator": "strictEqual",
            "stack": "AssertionError: expected 'error' to equal 'success'\n    at should.equal (node_modules/chai/lib/chai/interface/should.js:98:35)\n    at Context.<anonymous> (file:///home/runner/work/vc-json-schema-test-suite/vc-json-schema-test-suite/tests/jsonschema.js:38:18)"
          }
        },
        {
          "type": "test",
          "title": "3 Implementers MUST provide support for JSON Schema specifications where, in the following table, the required column's value is yes",
          "body": "function() {\n          this.test.cell = {columnId: i.name, rowId: this.test.title};\n          if (schemaVersionName === JsonSchemaVersions['202012']) {\n            should.equal(true, true);\n          } else {\n            this.skip();\n          }\n        }",
          "async": 0,
          "sync": true,
          "_timeout": 150000,
          "_slow": 75,
          "_retries": -1,
          "timedOut": false,
          "_currentRetry": 0,
          "pending": true,
          "file": "/home/runner/work/vc-json-schema-test-suite/vc-json-schema-test-suite/tests/jsonschema.js",
          "parent": "k5NKSaTO3IgcNBDA3dBAm",
          "ctx": null,
          "_testId": "urn:uuid:8603bf77-e7e2-4332-9bc6-18be1ac83225",
          "_events": {},
          "_eventsCount": 1,
          "cell": {
            "columnId": "tbd",
            "rowId": "3 Implementers MUST provide support for JSON Schema specifications where, in the following table, the required column's value is yes"
          },
          "duration": 1,
          "state": "pending"
        },
        {
          "type": "test",
          "title": "3.1.1 The $id MUST be present and its value MUST represent a valid URI-reference",
          "body": "async function() {\n          await generateTestResults(i.name, schemaVersionName, jsonSchemaType, this.test.title);\n          this.test.cell = {columnId: i.name, rowId: this.test.title};\n          const result = await checkTestResults(i.name, schemaVersionName, jsonSchemaType, this.test.title);\n          should.equal(result, TestResult.success);\n        }",
          "async": 0,
          "sync": true,
          "_timeout": 150000,
          "_slow": 75,
          "_retries": -1,
          "timedOut": false,
          "_currentRetry": 0,
          "pending": false,
          "file": "/home/runner/work/vc-json-schema-test-suite/vc-json-schema-test-suite/tests/jsonschema.js",
          "parent": "k5NKSaTO3IgcNBDA3dBAm",
          "ctx": null,
          "_testId": "urn:uuid:dc269304-f893-4165-b50f-1869809e9393",
          "_events": {},
          "_eventsCount": 1,
          "timer": {
            "_idleTimeout": -1,
            "_idlePrev": null,
            "_idleNext": null,
            "_idleStart": 675,
            "_onTimeout": null,
            "_repeat": null,
            "_destroyed": true
          },
          "cell": {
            "columnId": "tbd",
            "rowId": "3.1.1 The $id MUST be present and its value MUST represent a valid URI-reference"
          },
          "duration": 263,
          "state": "failed",
          "err": {
            "name": "AssertionError",
            "message": "expected 'error' to equal 'success'",
            "showDiff": true,
            "actual": "error",
            "expected": "success",
            "operator": "strictEqual",
            "stack": "AssertionError: expected 'error' to equal 'success'\n    at should.equal (node_modules/chai/lib/chai/interface/should.js:98:35)\n    at Context.<anonymous> (file:///home/runner/work/vc-json-schema-test-suite/vc-json-schema-test-suite/tests/jsonschema.js:54:18)"
          }
        },
        {
          "type": "test",
          "title": "3.1.2, 4 The $schema property MUST be present in each schema",
          "body": "async function() {\n          await generateTestResults(i.name, schemaVersionName, jsonSchemaType, this.test.title);\n          this.test.cell = {columnId: i.name, rowId: this.test.title};\n          const result = await checkTestResults(i.name, schemaVersionName, jsonSchemaType, this.test.title);\n          should.equal(result, TestResult.success);\n        }",
          "async": 0,
          "sync": true,
          "_timeout": 150000,
          "_slow": 75,
          "_retries": -1,
          "timedOut": false,
          "_currentRetry": 0,
          "pending": false,
          "file": "/home/runner/work/vc-json-schema-test-suite/vc-json-schema-test-suite/tests/jsonschema.js",
          "parent": "k5NKSaTO3IgcNBDA3dBAm",
          "ctx": null,
          "_testId": "urn:uuid:5ac50023-b536-4749-9569-0dd013551ccb",
          "_events": {},
          "_eventsCount": 1,
          "timer": {
            "_idleTimeout": -1,
            "_idlePrev": null,
            "_idleNext": null,
            "_idleStart": 936,
            "_onTimeout": null,
            "_repeat": null,
            "_destroyed": true
          },
          "cell": {
            "columnId": "tbd",
            "rowId": "3.1.2, 4 The $schema property MUST be present in each schema"
          },
          "duration": 222,
          "state": "failed",
          "err": {
            "name": "AssertionError",
            "message": "expected 'error' to equal 'success'",
            "showDiff": true,
            "actual": "error",
            "expected": "success",
            "operator": "strictEqual",
            "stack": "AssertionError: expected 'error' to equal 'success'\n    at should.equal (node_modules/chai/lib/chai/interface/should.js:98:35)\n    at Context.<anonymous> (file:///home/runner/work/vc-json-schema-test-suite/vc-json-schema-test-suite/tests/jsonschema.js:62:18)"
          }
        },
        {
          "type": "test",
          "title": "4.2 (Success) Validation MUST result in one of the following three possible outcomes: success, failure, or indeterminate.",
          "body": "async function() {\n          await generateTestResults(i.name, schemaVersionName, jsonSchemaType, this.test.title);\n          this.test.cell = {columnId: i.name, rowId: this.test.title};\n          const result = await checkTestResults(i.name, schemaVersionName, jsonSchemaType, this.test.title);\n          should.equal(result, TestResult.success);\n        }",
          "async": 0,
          "sync": true,
          "_timeout": 150000,
          "_slow": 75,
          "_retries": -1,
          "timedOut": false,
          "_currentRetry": 0,
          "pending": false,
          "file": "/home/runner/work/vc-json-schema-test-suite/vc-json-schema-test-suite/tests/jsonschema.js",
          "parent": "k5NKSaTO3IgcNBDA3dBAm",
          "ctx": null,
          "_testId": "urn:uuid:9b597754-25c4-4e28-8340-244a3612513a",
          "_events": {},
          "_eventsCount": 1,
          "timer": {
            "_idleTimeout": -1,
            "_idlePrev": null,
            "_idleNext": null,
            "_idleStart": 1160,
            "_onTimeout": null,
            "_repeat": null,
            "_destroyed": true
          },
          "cell": {
            "columnId": "tbd",
            "rowId": "4.2 (Success) Validation MUST result in one of the following three possible outcomes: success, failure, or indeterminate."
          },
          "duration": 187,
          "state": "failed",
          "err": {
            "name": "AssertionError",
            "message": "expected 'error' to equal 'success'",
            "showDiff": true,
            "actual": "error",
            "expected": "success",
            "operator": "strictEqual",
            "stack": "AssertionError: expected 'error' to equal 'success'\n    at should.equal (node_modules/chai/lib/chai/interface/should.js:98:35)\n    at Context.<anonymous> (file:///home/runner/work/vc-json-schema-test-suite/vc-json-schema-test-suite/tests/jsonschema.js:69:18)"
          }
        },
        {
          "type": "test",
          "title": "4.2 (Failure) Validation MUST result in one of the following three possible outcomes: success, failure, or indeterminate.",
          "body": "async function() {\n          await generateTestResults(i.name, schemaVersionName, jsonSchemaType, this.test.title);\n          this.test.cell = {columnId: i.name, rowId: this.test.title};\n          const result = await checkTestResults(i.name, schemaVersionName, jsonSchemaType, this.test.title);\n          should.equal(result, TestResult.success);\n        }",
          "async": 0,
          "sync": true,
          "_timeout": 150000,
          "_slow": 75,
          "_retries": -1,
          "timedOut": false,
          "_currentRetry": 0,
          "pending": false,
          "file": "/home/runner/work/vc-json-schema-test-suite/vc-json-schema-test-suite/tests/jsonschema.js",
          "parent": "k5NKSaTO3IgcNBDA3dBAm",
          "ctx": null,
          "_testId": "urn:uuid:b6c6285f-5e08-44cd-b11e-489c7cea004e",
          "_events": {},
          "_eventsCount": 1,
          "timer": {
            "_idleTimeout": -1,
            "_idlePrev": null,
            "_idleNext": null,
            "_idleStart": 1347,
            "_onTimeout": null,
            "_repeat": null,
            "_destroyed": true
          },
          "cell": {
            "columnId": "tbd",
            "rowId": "4.2 (Failure) Validation MUST result in one of the following three possible outcomes: success, failure, or indeterminate."
          },
          "duration": 186,
          "state": "failed",
          "err": {
            "name": "AssertionError",
            "message": "expected 'error' to equal 'success'",
            "showDiff": true,
            "actual": "error",
            "expected": "success",
            "operator": "strictEqual",
            "stack": "AssertionError: expected 'error' to equal 'success'\n    at should.equal (node_modules/chai/lib/chai/interface/should.js:98:35)\n    at Context.<anonymous> (file:///home/runner/work/vc-json-schema-test-suite/vc-json-schema-test-suite/tests/jsonschema.js:76:18)"
          }
        },
        {
          "type": "test",
          "title": "4.2 (Indeterminate) Validation MUST result in one of the following three possible outcomes: success, failure, or indeterminate.",
          "body": "async function() {\n          await generateTestResults(i.name, schemaVersionName, jsonSchemaType, this.test.title);\n          this.test.cell = {columnId: i.name, rowId: this.test.title};\n          const result = await checkTestResults(i.name, schemaVersionName, jsonSchemaType, this.test.title);\n          should.equal(result, TestResult.success);\n        }",
          "async": 0,
          "sync": true,
          "_timeout": 150000,
          "_slow": 75,
          "_retries": -1,
          "timedOut": false,
          "_currentRetry": 0,
          "pending": false,
          "file": "/home/runner/work/vc-json-schema-test-suite/vc-json-schema-test-suite/tests/jsonschema.js",
          "parent": "k5NKSaTO3IgcNBDA3dBAm",
          "ctx": null,
          "_testId": "urn:uuid:fdc3471b-e8cf-4867-9aee-d9e421f0fc74",
          "_events": {},
          "_eventsCount": 1,
          "timer": {
            "_idleTimeout": -1,
            "_idlePrev": null,
            "_idleNext": null,
            "_idleStart": 1534,
            "_onTimeout": null,
            "_repeat": null,
            "_destroyed": true
          },
          "cell": {
            "columnId": "tbd",
            "rowId": "4.2 (Indeterminate) Validation MUST result in one of the following three possible outcomes: success, failure, or indeterminate."
          },
          "duration": 187,
          "state": "failed",
          "err": {
            "name": "AssertionError",
            "message": "expected 'error' to equal 'success'",
            "showDiff": true,
            "actual": "error",
            "expected": "success",
            "operator": "strictEqual",
            "stack": "AssertionError: expected 'error' to equal 'success'\n    at should.equal (node_modules/chai/lib/chai/interface/should.js:98:35)\n    at Context.<anonymous> (file:///home/runner/work/vc-json-schema-test-suite/vc-json-schema-test-suite/tests/jsonschema.js:83:18)"
          }
        }
      ],
      "root": false,
      "pending": false,
      "_retries": -1,
      "_beforeEach": [],
      "_beforeAll": [],
      "_afterEach": [],
      "_afterAll": [],
      "_timeout": 150000,
      "_slow": 75,
      "_bail": false,
      "_onlyTests": [],
      "_onlySuites": [],
      "delayed": false,
      "parent": "QbPzaVTZlxPjx9zTaSSJu",
      "file": "/home/runner/work/vc-json-schema-test-suite/vc-json-schema-test-suite/tests/jsonschema.js",
      "matrix": true,
      "report": true,
      "implemented": [
        "tbd"
      ],
      "rowLabel": "Test Name",
      "columnLabel": "Implementation",
      "_testId": "urn:uuid:17613140-9778-4462-997c-595b2e9c83f6"
    },
    {
      "title": "JsonSchema – JSON Schema 2020-12",
      "ctx": null,
      "suites": [
        {
          "title": "tbd",
          "ctx": null,
          "suites": [],
          "tests": [
            {
              "type": "test",
              "title": "2.1 ID - The value MUST be a URL that identifies the schema associated with the verifiable credential.",
              "body": "async function() {\n          await generateTestResults(i.name, schemaVersionName, jsonSchemaType, this.test.title);\n          this.test.cell = {columnId: i.name, rowId: this.test.title};\n          const result = await checkTestResults(i.name, schemaVersionName, jsonSchemaType, this.test.title);\n          should.equal(result, TestResult.success);\n        }",
              "async": 0,
              "sync": true,
              "_timeout": 150000,
              "_slow": 75,
              "_retries": -1,
              "timedOut": false,
              "_currentRetry": 0,
              "pending": false,
              "file": "/home/runner/work/vc-json-schema-test-suite/vc-json-schema-test-suite/tests/jsonschema.js",
              "parent": "rRIWEsU3CqaTXh5GJAJdI",
              "ctx": null,
              "_testId": "urn:uuid:42508e24-7b5d-4c85-89c0-fc75920fb9fb",
              "_events": {},
              "_eventsCount": 1,
              "timer": {
                "_idleTimeout": -1,
                "_idlePrev": null,
                "_idleNext": null,
                "_idleStart": 1722,
                "_onTimeout": null,
                "_repeat": null,
                "_destroyed": true
              },
              "cell": {
                "columnId": "tbd",
                "rowId": "2.1 ID - The value MUST be a URL that identifies the schema associated with the verifiable credential."
              },
              "duration": 223,
              "state": "failed",
              "err": {
                "name": "AssertionError",
                "message": "expected 'error' to equal 'success'",
                "showDiff": true,
                "actual": "error",
                "expected": "success",
                "operator": "strictEqual",
                "stack": "AssertionError: expected 'error' to equal 'success'\n    at should.equal (node_modules/chai/lib/chai/interface/should.js:98:35)\n    at Context.<anonymous> (file:///home/runner/work/vc-json-schema-test-suite/vc-json-schema-test-suite/tests/jsonschema.js:31:18)"
              }
            },
            {
              "type": "test",
              "title": "2.1 The type property MUST be JsonSchema.",
              "body": "async function() {\n          await generateTestResults(i.name, schemaVersionName, jsonSchemaType, this.test.title);\n          this.test.cell = {columnId: i.name, rowId: this.test.title};\n          const result = await checkTestResults(i.name, schemaVersionName, jsonSchemaType, this.test.title);\n          should.equal(result, TestResult.success);\n        }",
              "async": 0,
              "sync": true,
              "_timeout": 150000,
              "_slow": 75,
              "_retries": -1,
              "timedOut": false,
              "_currentRetry": 0,
              "pending": false,
              "file": "/home/runner/work/vc-json-schema-test-suite/vc-json-schema-test-suite/tests/jsonschema.js",
              "parent": "rRIWEsU3CqaTXh5GJAJdI",
              "ctx": null,
              "_testId": "urn:uuid:d5e0fca0-5e52-4998-aca2-dba9c2df1dc2",
              "_events": {},
              "_eventsCount": 1,
              "timer": {
                "_idleTimeout": -1,
                "_idlePrev": null,
                "_idleNext": null,
                "_idleStart": 1945,
                "_onTimeout": null,
                "_repeat": null,
                "_destroyed": true
              },
              "cell": {
                "columnId": "tbd",
                "rowId": "2.1 The type property MUST be JsonSchema."
              },
              "duration": 223,
              "state": "failed",
              "err": {
                "name": "AssertionError",
                "message": "expected 'error' to equal 'success'",
                "showDiff": true,
                "actual": "error",
                "expected": "success",
                "operator": "strictEqual",
                "stack": "AssertionError: expected 'error' to equal 'success'\n    at should.equal (node_modules/chai/lib/chai/interface/should.js:98:35)\n    at Context.<anonymous> (file:///home/runner/work/vc-json-schema-test-suite/vc-json-schema-test-suite/tests/jsonschema.js:38:18)"
              }
            },
            {
              "type": "test",
              "title": "3 Implementers MUST provide support for JSON Schema specifications where, in the following table, the required column's value is yes",
              "body": "function() {\n          this.test.cell = {columnId: i.name, rowId: this.test.title};\n          if (schemaVersionName === JsonSchemaVersions['202012']) {\n            should.equal(true, true);\n          } else {\n            this.skip();\n          }\n        }",
              "async": 0,
              "sync": true,
              "_timeout": 150000,
              "_slow": 75,
              "_retries": -1,
              "timedOut": false,
              "_currentRetry": 0,
              "pending": false,
              "file": "/home/runner/work/vc-json-schema-test-suite/vc-json-schema-test-suite/tests/jsonschema.js",
              "parent": "rRIWEsU3CqaTXh5GJAJdI",
              "ctx": null,
              "_testId": "urn:uuid:e3b107af-6c58-408c-82df-15c3213a7a8a",
              "_events": {},
              "_eventsCount": 1,
              "cell": {
                "columnId": "tbd",
                "rowId": "3 Implementers MUST provide support for JSON Schema specifications where, in the following table, the required column's value is yes"
              },
              "duration": 0,
              "state": "passed",
              "speed": "fast"
            },
            {
              "type": "test",
              "title": "3.1.1 The $id MUST be present and its value MUST represent a valid URI-reference",
              "body": "async function() {\n          await generateTestResults(i.name, schemaVersionName, jsonSchemaType, this.test.title);\n          this.test.cell = {columnId: i.name, rowId: this.test.title};\n          const result = await checkTestResults(i.name, schemaVersionName, jsonSchemaType, this.test.title);\n          should.equal(result, TestResult.success);\n        }",
              "async": 0,
              "sync": true,
              "_timeout": 150000,
              "_slow": 75,
              "_retries": -1,
              "timedOut": false,
              "_currentRetry": 0,
              "pending": false,
              "file": "/home/runner/work/vc-json-schema-test-suite/vc-json-schema-test-suite/tests/jsonschema.js",
              "parent": "rRIWEsU3CqaTXh5GJAJdI",
              "ctx": null,
              "_testId": "urn:uuid:411b34f0-a9e0-496d-b88b-3db5bb1d5ed8",
              "_events": {},
              "_eventsCount": 1,
              "timer": {
                "_idleTimeout": -1,
                "_idlePrev": null,
                "_idleNext": null,
                "_idleStart": 2168,
                "_onTimeout": null,
                "_repeat": null,
                "_destroyed": true
              },
              "cell": {
                "columnId": "tbd",
                "rowId": "3.1.1 The $id MUST be present and its value MUST represent a valid URI-reference"
              },
              "duration": 257,
              "state": "failed",
              "err": {
                "name": "AssertionError",
                "message": "expected 'error' to equal 'success'",
                "showDiff": true,
                "actual": "error",
                "expected": "success",
                "operator": "strictEqual",
                "stack": "AssertionError: expected 'error' to equal 'success'\n    at should.equal (node_modules/chai/lib/chai/interface/should.js:98:35)\n    at Context.<anonymous> (file:///home/runner/work/vc-json-schema-test-suite/vc-json-schema-test-suite/tests/jsonschema.js:54:18)"
              }
            },
            {
              "type": "test",
              "title": "3.1.2, 4 The $schema property MUST be present in each schema",
              "body": "async function() {\n          await generateTestResults(i.name, schemaVersionName, jsonSchemaType, this.test.title);\n          this.test.cell = {columnId: i.name, rowId: this.test.title};\n          const result = await checkTestResults(i.name, schemaVersionName, jsonSchemaType, this.test.title);\n          should.equal(result, TestResult.success);\n        }",
              "async": 0,
              "sync": true,
              "_timeout": 150000,
              "_slow": 75,
              "_retries": -1,
              "timedOut": false,
              "_currentRetry": 0,
              "pending": false,
              "file": "/home/runner/work/vc-json-schema-test-suite/vc-json-schema-test-suite/tests/jsonschema.js",
              "parent": "rRIWEsU3CqaTXh5GJAJdI",
              "ctx": null,
              "_testId": "urn:uuid:eafd2a45-bb0b-48a9-9e8a-332226544672",
              "_events": {},
              "_eventsCount": 1,
              "timer": {
                "_idleTimeout": -1,
                "_idlePrev": null,
                "_idleNext": null,
                "_idleStart": 2426,
                "_onTimeout": null,
                "_repeat": null,
                "_destroyed": true
              },
              "cell": {
                "columnId": "tbd",
                "rowId": "3.1.2, 4 The $schema property MUST be present in each schema"
              },
              "duration": 221,
              "state": "failed",
              "err": {
                "name": "AssertionError",
                "message": "expected 'error' to equal 'success'",
                "showDiff": true,
                "actual": "error",
                "expected": "success",
                "operator": "strictEqual",
                "stack": "AssertionError: expected 'error' to equal 'success'\n    at should.equal (node_modules/chai/lib/chai/interface/should.js:98:35)\n    at Context.<anonymous> (file:///home/runner/work/vc-json-schema-test-suite/vc-json-schema-test-suite/tests/jsonschema.js:62:18)"
              }
            },
            {
              "type": "test",
              "title": "4.2 (Success) Validation MUST result in one of the following three possible outcomes: success, failure, or indeterminate.",
              "body": "async function() {\n          await generateTestResults(i.name, schemaVersionName, jsonSchemaType, this.test.title);\n          this.test.cell = {columnId: i.name, rowId: this.test.title};\n          const result = await checkTestResults(i.name, schemaVersionName, jsonSchemaType, this.test.title);\n          should.equal(result, TestResult.success);\n        }",
              "async": 0,
              "sync": true,
              "_timeout": 150000,
              "_slow": 75,
              "_retries": -1,
              "timedOut": false,
              "_currentRetry": 0,
              "pending": false,
              "file": "/home/runner/work/vc-json-schema-test-suite/vc-json-schema-test-suite/tests/jsonschema.js",
              "parent": "rRIWEsU3CqaTXh5GJAJdI",
              "ctx": null,
              "_testId": "urn:uuid:10a99806-351c-43da-a7af-3d03597a2642",
              "_events": {},
              "_eventsCount": 1,
              "timer": {
                "_idleTimeout": -1,
                "_idlePrev": null,
                "_idleNext": null,
                "_idleStart": 2649,
                "_onTimeout": null,
                "_repeat": null,
                "_destroyed": true
              },
              "cell": {
                "columnId": "tbd",
                "rowId": "4.2 (Success) Validation MUST result in one of the following three possible outcomes: success, failure, or indeterminate."
              },
              "duration": 187,
              "state": "failed",
              "err": {
                "name": "AssertionError",
                "message": "expected 'error' to equal 'success'",
                "showDiff": true,
                "actual": "error",
                "expected": "success",
                "operator": "strictEqual",
                "stack": "AssertionError: expected 'error' to equal 'success'\n    at should.equal (node_modules/chai/lib/chai/interface/should.js:98:35)\n    at Context.<anonymous> (file:///home/runner/work/vc-json-schema-test-suite/vc-json-schema-test-suite/tests/jsonschema.js:69:18)"
              }
            },
            {
              "type": "test",
              "title": "4.2 (Failure) Validation MUST result in one of the following three possible outcomes: success, failure, or indeterminate.",
              "body": "async function() {\n          await generateTestResults(i.name, schemaVersionName, jsonSchemaType, this.test.title);\n          this.test.cell = {columnId: i.name, rowId: this.test.title};\n          const result = await checkTestResults(i.name, schemaVersionName, jsonSchemaType, this.test.title);\n          should.equal(result, TestResult.success);\n        }",
              "async": 0,
              "sync": true,
              "_timeout": 150000,
              "_slow": 75,
              "_retries": -1,
              "timedOut": false,
              "_currentRetry": 0,
              "pending": false,
              "file": "/home/runner/work/vc-json-schema-test-suite/vc-json-schema-test-suite/tests/jsonschema.js",
              "parent": "rRIWEsU3CqaTXh5GJAJdI",
              "ctx": null,
              "_testId": "urn:uuid:12c6b372-1b47-4088-8a87-53001ed52a71",
              "_events": {},
              "_eventsCount": 1,
              "timer": {
                "_idleTimeout": -1,
                "_idlePrev": null,
                "_idleNext": null,
                "_idleStart": 2836,
                "_onTimeout": null,
                "_repeat": null,
                "_destroyed": true
              },
              "cell": {
                "columnId": "tbd",
                "rowId": "4.2 (Failure) Validation MUST result in one of the following three possible outcomes: success, failure, or indeterminate."
              },
              "duration": 187,
              "state": "failed",
              "err": {
                "name": "AssertionError",
                "message": "expected 'error' to equal 'success'",
                "showDiff": true,
                "actual": "error",
                "expected": "success",
                "operator": "strictEqual",
                "stack": "AssertionError: expected 'error' to equal 'success'\n    at should.equal (node_modules/chai/lib/chai/interface/should.js:98:35)\n    at Context.<anonymous> (file:///home/runner/work/vc-json-schema-test-suite/vc-json-schema-test-suite/tests/jsonschema.js:76:18)"
              }
            },
            {
              "type": "test",
              "title": "4.2 (Indeterminate) Validation MUST result in one of the following three possible outcomes: success, failure, or indeterminate.",
              "body": "async function() {\n          await generateTestResults(i.name, schemaVersionName, jsonSchemaType, this.test.title);\n          this.test.cell = {columnId: i.name, rowId: this.test.title};\n          const result = await checkTestResults(i.name, schemaVersionName, jsonSchemaType, this.test.title);\n          should.equal(result, TestResult.success);\n        }",
              "async": 0,
              "sync": true,
              "_timeout": 150000,
              "_slow": 75,
              "_retries": -1,
              "timedOut": false,
              "_currentRetry": 0,
              "pending": false,
              "file": "/home/runner/work/vc-json-schema-test-suite/vc-json-schema-test-suite/tests/jsonschema.js",
              "parent": "rRIWEsU3CqaTXh5GJAJdI",
              "ctx": null,
              "_testId": "urn:uuid:8f156efd-03e3-4e7f-a80b-ae9a15e4f133",
              "_events": {},
              "_eventsCount": 1,
              "timer": {
                "_idleTimeout": -1,
                "_idlePrev": null,
                "_idleNext": null,
                "_idleStart": 3023,
                "_onTimeout": null,
                "_repeat": null,
                "_destroyed": true
              },
              "cell": {
                "columnId": "tbd",
                "rowId": "4.2 (Indeterminate) Validation MUST result in one of the following three possible outcomes: success, failure, or indeterminate."
              },
              "duration": 187,
              "state": "failed",
              "err": {
                "name": "AssertionError",
                "message": "expected 'error' to equal 'success'",
                "showDiff": true,
                "actual": "error",
                "expected": "success",
                "operator": "strictEqual",
                "stack": "AssertionError: expected 'error' to equal 'success'\n    at should.equal (node_modules/chai/lib/chai/interface/should.js:98:35)\n    at Context.<anonymous> (file:///home/runner/work/vc-json-schema-test-suite/vc-json-schema-test-suite/tests/jsonschema.js:83:18)"
              }
            }
          ],
          "root": false,
          "pending": false,
          "_retries": -1,
          "_beforeEach": [],
          "_beforeAll": [],
          "_afterEach": [],
          "_afterAll": [],
          "_timeout": 150000,
          "_slow": 75,
          "_bail": false,
          "_onlyTests": [],
          "_onlySuites": [],
          "delayed": false,
          "parent": "Wa9B2GgWJrjdD9i4e4q_m",
          "file": "/home/runner/work/vc-json-schema-test-suite/vc-json-schema-test-suite/tests/jsonschema.js",
          "_testId": "urn:uuid:3853722f-edc2-466c-924b-07056d57b573"
        }
      ],
      "tests": [
        {
          "type": "test",
          "title": "2.1 ID - The value MUST be a URL that identifies the schema associated with the verifiable credential.",
          "body": "async function() {\n          await generateTestResults(i.name, schemaVersionName, jsonSchemaType, this.test.title);\n          this.test.cell = {columnId: i.name, rowId: this.test.title};\n          const result = await checkTestResults(i.name, schemaVersionName, jsonSchemaType, this.test.title);\n          should.equal(result, TestResult.success);\n        }",
          "async": 0,
          "sync": true,
          "_timeout": 150000,
          "_slow": 75,
          "_retries": -1,
          "timedOut": false,
          "_currentRetry": 0,
          "pending": false,
          "file": "/home/runner/work/vc-json-schema-test-suite/vc-json-schema-test-suite/tests/jsonschema.js",
          "parent": "rRIWEsU3CqaTXh5GJAJdI",
          "ctx": null,
          "_testId": "urn:uuid:42508e24-7b5d-4c85-89c0-fc75920fb9fb",
          "_events": {},
          "_eventsCount": 1,
          "timer": {
            "_idleTimeout": -1,
            "_idlePrev": null,
            "_idleNext": null,
            "_idleStart": 1722,
            "_onTimeout": null,
            "_repeat": null,
            "_destroyed": true
          },
          "cell": {
            "columnId": "tbd",
            "rowId": "2.1 ID - The value MUST be a URL that identifies the schema associated with the verifiable credential."
          },
          "duration": 223,
          "state": "failed",
          "err": {
            "name": "AssertionError",
            "message": "expected 'error' to equal 'success'",
            "showDiff": true,
            "actual": "error",
            "expected": "success",
            "operator": "strictEqual",
            "stack": "AssertionError: expected 'error' to equal 'success'\n    at should.equal (node_modules/chai/lib/chai/interface/should.js:98:35)\n    at Context.<anonymous> (file:///home/runner/work/vc-json-schema-test-suite/vc-json-schema-test-suite/tests/jsonschema.js:31:18)"
          }
        },
        {
          "type": "test",
          "title": "2.1 The type property MUST be JsonSchema.",
          "body": "async function() {\n          await generateTestResults(i.name, schemaVersionName, jsonSchemaType, this.test.title);\n          this.test.cell = {columnId: i.name, rowId: this.test.title};\n          const result = await checkTestResults(i.name, schemaVersionName, jsonSchemaType, this.test.title);\n          should.equal(result, TestResult.success);\n        }",
          "async": 0,
          "sync": true,
          "_timeout": 150000,
          "_slow": 75,
          "_retries": -1,
          "timedOut": false,
          "_currentRetry": 0,
          "pending": false,
          "file": "/home/runner/work/vc-json-schema-test-suite/vc-json-schema-test-suite/tests/jsonschema.js",
          "parent": "rRIWEsU3CqaTXh5GJAJdI",
          "ctx": null,
          "_testId": "urn:uuid:d5e0fca0-5e52-4998-aca2-dba9c2df1dc2",
          "_events": {},
          "_eventsCount": 1,
          "timer": {
            "_idleTimeout": -1,
            "_idlePrev": null,
            "_idleNext": null,
            "_idleStart": 1945,
            "_onTimeout": null,
            "_repeat": null,
            "_destroyed": true
          },
          "cell": {
            "columnId": "tbd",
            "rowId": "2.1 The type property MUST be JsonSchema."
          },
          "duration": 223,
          "state": "failed",
          "err": {
            "name": "AssertionError",
            "message": "expected 'error' to equal 'success'",
            "showDiff": true,
            "actual": "error",
            "expected": "success",
            "operator": "strictEqual",
            "stack": "AssertionError: expected 'error' to equal 'success'\n    at should.equal (node_modules/chai/lib/chai/interface/should.js:98:35)\n    at Context.<anonymous> (file:///home/runner/work/vc-json-schema-test-suite/vc-json-schema-test-suite/tests/jsonschema.js:38:18)"
          }
        },
        {
          "type": "test",
          "title": "3 Implementers MUST provide support for JSON Schema specifications where, in the following table, the required column's value is yes",
          "body": "function() {\n          this.test.cell = {columnId: i.name, rowId: this.test.title};\n          if (schemaVersionName === JsonSchemaVersions['202012']) {\n            should.equal(true, true);\n          } else {\n            this.skip();\n          }\n        }",
          "async": 0,
          "sync": true,
          "_timeout": 150000,
          "_slow": 75,
          "_retries": -1,
          "timedOut": false,
          "_currentRetry": 0,
          "pending": false,
          "file": "/home/runner/work/vc-json-schema-test-suite/vc-json-schema-test-suite/tests/jsonschema.js",
          "parent": "rRIWEsU3CqaTXh5GJAJdI",
          "ctx": null,
          "_testId": "urn:uuid:e3b107af-6c58-408c-82df-15c3213a7a8a",
          "_events": {},
          "_eventsCount": 1,
          "cell": {
            "columnId": "tbd",
            "rowId": "3 Implementers MUST provide support for JSON Schema specifications where, in the following table, the required column's value is yes"
          },
          "duration": 0,
          "state": "passed",
          "speed": "fast"
        },
        {
          "type": "test",
          "title": "3.1.1 The $id MUST be present and its value MUST represent a valid URI-reference",
          "body": "async function() {\n          await generateTestResults(i.name, schemaVersionName, jsonSchemaType, this.test.title);\n          this.test.cell = {columnId: i.name, rowId: this.test.title};\n          const result = await checkTestResults(i.name, schemaVersionName, jsonSchemaType, this.test.title);\n          should.equal(result, TestResult.success);\n        }",
          "async": 0,
          "sync": true,
          "_timeout": 150000,
          "_slow": 75,
          "_retries": -1,
          "timedOut": false,
          "_currentRetry": 0,
          "pending": false,
          "file": "/home/runner/work/vc-json-schema-test-suite/vc-json-schema-test-suite/tests/jsonschema.js",
          "parent": "rRIWEsU3CqaTXh5GJAJdI",
          "ctx": null,
          "_testId": "urn:uuid:411b34f0-a9e0-496d-b88b-3db5bb1d5ed8",
          "_events": {},
          "_eventsCount": 1,
          "timer": {
            "_idleTimeout": -1,
            "_idlePrev": null,
            "_idleNext": null,
            "_idleStart": 2168,
            "_onTimeout": null,
            "_repeat": null,
            "_destroyed": true
          },
          "cell": {
            "columnId": "tbd",
            "rowId": "3.1.1 The $id MUST be present and its value MUST represent a valid URI-reference"
          },
          "duration": 257,
          "state": "failed",
          "err": {
            "name": "AssertionError",
            "message": "expected 'error' to equal 'success'",
            "showDiff": true,
            "actual": "error",
            "expected": "success",
            "operator": "strictEqual",
            "stack": "AssertionError: expected 'error' to equal 'success'\n    at should.equal (node_modules/chai/lib/chai/interface/should.js:98:35)\n    at Context.<anonymous> (file:///home/runner/work/vc-json-schema-test-suite/vc-json-schema-test-suite/tests/jsonschema.js:54:18)"
          }
        },
        {
          "type": "test",
          "title": "3.1.2, 4 The $schema property MUST be present in each schema",
          "body": "async function() {\n          await generateTestResults(i.name, schemaVersionName, jsonSchemaType, this.test.title);\n          this.test.cell = {columnId: i.name, rowId: this.test.title};\n          const result = await checkTestResults(i.name, schemaVersionName, jsonSchemaType, this.test.title);\n          should.equal(result, TestResult.success);\n        }",
          "async": 0,
          "sync": true,
          "_timeout": 150000,
          "_slow": 75,
          "_retries": -1,
          "timedOut": false,
          "_currentRetry": 0,
          "pending": false,
          "file": "/home/runner/work/vc-json-schema-test-suite/vc-json-schema-test-suite/tests/jsonschema.js",
          "parent": "rRIWEsU3CqaTXh5GJAJdI",
          "ctx": null,
          "_testId": "urn:uuid:eafd2a45-bb0b-48a9-9e8a-332226544672",
          "_events": {},
          "_eventsCount": 1,
          "timer": {
            "_idleTimeout": -1,
            "_idlePrev": null,
            "_idleNext": null,
            "_idleStart": 2426,
            "_onTimeout": null,
            "_repeat": null,
            "_destroyed": true
          },
          "cell": {
            "columnId": "tbd",
            "rowId": "3.1.2, 4 The $schema property MUST be present in each schema"
          },
          "duration": 221,
          "state": "failed",
          "err": {
            "name": "AssertionError",
            "message": "expected 'error' to equal 'success'",
            "showDiff": true,
            "actual": "error",
            "expected": "success",
            "operator": "strictEqual",
            "stack": "AssertionError: expected 'error' to equal 'success'\n    at should.equal (node_modules/chai/lib/chai/interface/should.js:98:35)\n    at Context.<anonymous> (file:///home/runner/work/vc-json-schema-test-suite/vc-json-schema-test-suite/tests/jsonschema.js:62:18)"
          }
        },
        {
          "type": "test",
          "title": "4.2 (Success) Validation MUST result in one of the following three possible outcomes: success, failure, or indeterminate.",
          "body": "async function() {\n          await generateTestResults(i.name, schemaVersionName, jsonSchemaType, this.test.title);\n          this.test.cell = {columnId: i.name, rowId: this.test.title};\n          const result = await checkTestResults(i.name, schemaVersionName, jsonSchemaType, this.test.title);\n          should.equal(result, TestResult.success);\n        }",
          "async": 0,
          "sync": true,
          "_timeout": 150000,
          "_slow": 75,
          "_retries": -1,
          "timedOut": false,
          "_currentRetry": 0,
          "pending": false,
          "file": "/home/runner/work/vc-json-schema-test-suite/vc-json-schema-test-suite/tests/jsonschema.js",
          "parent": "rRIWEsU3CqaTXh5GJAJdI",
          "ctx": null,
          "_testId": "urn:uuid:10a99806-351c-43da-a7af-3d03597a2642",
          "_events": {},
          "_eventsCount": 1,
          "timer": {
            "_idleTimeout": -1,
            "_idlePrev": null,
            "_idleNext": null,
            "_idleStart": 2649,
            "_onTimeout": null,
            "_repeat": null,
            "_destroyed": true
          },
          "cell": {
            "columnId": "tbd",
            "rowId": "4.2 (Success) Validation MUST result in one of the following three possible outcomes: success, failure, or indeterminate."
          },
          "duration": 187,
          "state": "failed",
          "err": {
            "name": "AssertionError",
            "message": "expected 'error' to equal 'success'",
            "showDiff": true,
            "actual": "error",
            "expected": "success",
            "operator": "strictEqual",
            "stack": "AssertionError: expected 'error' to equal 'success'\n    at should.equal (node_modules/chai/lib/chai/interface/should.js:98:35)\n    at Context.<anonymous> (file:///home/runner/work/vc-json-schema-test-suite/vc-json-schema-test-suite/tests/jsonschema.js:69:18)"
          }
        },
        {
          "type": "test",
          "title": "4.2 (Failure) Validation MUST result in one of the following three possible outcomes: success, failure, or indeterminate.",
          "body": "async function() {\n          await generateTestResults(i.name, schemaVersionName, jsonSchemaType, this.test.title);\n          this.test.cell = {columnId: i.name, rowId: this.test.title};\n          const result = await checkTestResults(i.name, schemaVersionName, jsonSchemaType, this.test.title);\n          should.equal(result, TestResult.success);\n        }",
          "async": 0,
          "sync": true,
          "_timeout": 150000,
          "_slow": 75,
          "_retries": -1,
          "timedOut": false,
          "_currentRetry": 0,
          "pending": false,
          "file": "/home/runner/work/vc-json-schema-test-suite/vc-json-schema-test-suite/tests/jsonschema.js",
          "parent": "rRIWEsU3CqaTXh5GJAJdI",
          "ctx": null,
          "_testId": "urn:uuid:12c6b372-1b47-4088-8a87-53001ed52a71",
          "_events": {},
          "_eventsCount": 1,
          "timer": {
            "_idleTimeout": -1,
            "_idlePrev": null,
            "_idleNext": null,
            "_idleStart": 2836,
            "_onTimeout": null,
            "_repeat": null,
            "_destroyed": true
          },
          "cell": {
            "columnId": "tbd",
            "rowId": "4.2 (Failure) Validation MUST result in one of the following three possible outcomes: success, failure, or indeterminate."
          },
          "duration": 187,
          "state": "failed",
          "err": {
            "name": "AssertionError",
            "message": "expected 'error' to equal 'success'",
            "showDiff": true,
            "actual": "error",
            "expected": "success",
            "operator": "strictEqual",
            "stack": "AssertionError: expected 'error' to equal 'success'\n    at should.equal (node_modules/chai/lib/chai/interface/should.js:98:35)\n    at Context.<anonymous> (file:///home/runner/work/vc-json-schema-test-suite/vc-json-schema-test-suite/tests/jsonschema.js:76:18)"
          }
        },
        {
          "type": "test",
          "title": "4.2 (Indeterminate) Validation MUST result in one of the following three possible outcomes: success, failure, or indeterminate.",
          "body": "async function() {\n          await generateTestResults(i.name, schemaVersionName, jsonSchemaType, this.test.title);\n          this.test.cell = {columnId: i.name, rowId: this.test.title};\n          const result = await checkTestResults(i.name, schemaVersionName, jsonSchemaType, this.test.title);\n          should.equal(result, TestResult.success);\n        }",
          "async": 0,
          "sync": true,
          "_timeout": 150000,
          "_slow": 75,
          "_retries": -1,
          "timedOut": false,
          "_currentRetry": 0,
          "pending": false,
          "file": "/home/runner/work/vc-json-schema-test-suite/vc-json-schema-test-suite/tests/jsonschema.js",
          "parent": "rRIWEsU3CqaTXh5GJAJdI",
          "ctx": null,
          "_testId": "urn:uuid:8f156efd-03e3-4e7f-a80b-ae9a15e4f133",
          "_events": {},
          "_eventsCount": 1,
          "timer": {
            "_idleTimeout": -1,
            "_idlePrev": null,
            "_idleNext": null,
            "_idleStart": 3023,
            "_onTimeout": null,
            "_repeat": null,
            "_destroyed": true
          },
          "cell": {
            "columnId": "tbd",
            "rowId": "4.2 (Indeterminate) Validation MUST result in one of the following three possible outcomes: success, failure, or indeterminate."
          },
          "duration": 187,
          "state": "failed",
          "err": {
            "name": "AssertionError",
            "message": "expected 'error' to equal 'success'",
            "showDiff": true,
            "actual": "error",
            "expected": "success",
            "operator": "strictEqual",
            "stack": "AssertionError: expected 'error' to equal 'success'\n    at should.equal (node_modules/chai/lib/chai/interface/should.js:98:35)\n    at Context.<anonymous> (file:///home/runner/work/vc-json-schema-test-suite/vc-json-schema-test-suite/tests/jsonschema.js:83:18)"
          }
        }
      ],
      "root": false,
      "pending": false,
      "_retries": -1,
      "_beforeEach": [],
      "_beforeAll": [],
      "_afterEach": [],
      "_afterAll": [],
      "_timeout": 150000,
      "_slow": 75,
      "_bail": false,
      "_onlyTests": [],
      "_onlySuites": [],
      "delayed": false,
      "parent": "QbPzaVTZlxPjx9zTaSSJu",
      "file": "/home/runner/work/vc-json-schema-test-suite/vc-json-schema-test-suite/tests/jsonschema.js",
      "matrix": true,
      "report": true,
      "implemented": [
        "tbd"
      ],
      "rowLabel": "Test Name",
      "columnLabel": "Implementation",
      "_testId": "urn:uuid:ec5684b6-8465-44ad-ad37-e266aeedf12c"
    },
    {
      "title": "JsonSchema – JSON Schema Draft-7",
      "ctx": null,
      "suites": [
        {
          "title": "tbd",
          "ctx": null,
          "suites": [],
          "tests": [
            {
              "type": "test",
              "title": "2.1 ID - The value MUST be a URL that identifies the schema associated with the verifiable credential.",
              "body": "async function() {\n          await generateTestResults(i.name, schemaVersionName, jsonSchemaType, this.test.title);\n          this.test.cell = {columnId: i.name, rowId: this.test.title};\n          const result = await checkTestResults(i.name, schemaVersionName, jsonSchemaType, this.test.title);\n          should.equal(result, TestResult.success);\n        }",
              "async": 0,
              "sync": true,
              "_timeout": 150000,
              "_slow": 75,
              "_retries": -1,
              "timedOut": false,
              "_currentRetry": 0,
              "pending": false,
              "file": "/home/runner/work/vc-json-schema-test-suite/vc-json-schema-test-suite/tests/jsonschema.js",
              "parent": "60ieeUs4wXfk_U-MqtET7",
              "ctx": null,
              "_testId": "urn:uuid:92c650dd-5469-447d-8cd5-810e7a692002",
              "_events": {},
              "_eventsCount": 1,
              "timer": {
                "_idleTimeout": -1,
                "_idlePrev": null,
                "_idleNext": null,
                "_idleStart": 3211,
                "_onTimeout": null,
                "_repeat": null,
                "_destroyed": true
              },
              "cell": {
                "columnId": "tbd",
                "rowId": "2.1 ID - The value MUST be a URL that identifies the schema associated with the verifiable credential."
              },
              "duration": 222,
              "state": "failed",
              "err": {
                "name": "AssertionError",
                "message": "expected 'error' to equal 'success'",
                "showDiff": true,
                "actual": "error",
                "expected": "success",
                "operator": "strictEqual",
                "stack": "AssertionError: expected 'error' to equal 'success'\n    at should.equal (node_modules/chai/lib/chai/interface/should.js:98:35)\n    at Context.<anonymous> (file:///home/runner/work/vc-json-schema-test-suite/vc-json-schema-test-suite/tests/jsonschema.js:31:18)"
              }
            },
            {
              "type": "test",
              "title": "2.1 The type property MUST be JsonSchema.",
              "body": "async function() {\n          await generateTestResults(i.name, schemaVersionName, jsonSchemaType, this.test.title);\n          this.test.cell = {columnId: i.name, rowId: this.test.title};\n          const result = await checkTestResults(i.name, schemaVersionName, jsonSchemaType, this.test.title);\n          should.equal(result, TestResult.success);\n        }",
              "async": 0,
              "sync": true,
              "_timeout": 150000,
              "_slow": 75,
              "_retries": -1,
              "timedOut": false,
              "_currentRetry": 0,
              "pending": false,
              "file": "/home/runner/work/vc-json-schema-test-suite/vc-json-schema-test-suite/tests/jsonschema.js",
              "parent": "60ieeUs4wXfk_U-MqtET7",
              "ctx": null,
              "_testId": "urn:uuid:b0d5cc5f-49dd-43d8-8685-4d377838a5ba",
              "_events": {},
              "_eventsCount": 1,
              "timer": {
                "_idleTimeout": -1,
                "_idlePrev": null,
                "_idleNext": null,
                "_idleStart": 3433,
                "_onTimeout": null,
                "_repeat": null,
                "_destroyed": true
              },
              "cell": {
                "columnId": "tbd",
                "rowId": "2.1 The type property MUST be JsonSchema."
              },
              "duration": 221,
              "state": "failed",
              "err": {
                "name": "AssertionError",
                "message": "expected 'error' to equal 'success'",
                "showDiff": true,
                "actual": "error",
                "expected": "success",
                "operator": "strictEqual",
                "stack": "AssertionError: expected 'error' to equal 'success'\n    at should.equal (node_modules/chai/lib/chai/interface/should.js:98:35)\n    at Context.<anonymous> (file:///home/runner/work/vc-json-schema-test-suite/vc-json-schema-test-suite/tests/jsonschema.js:38:18)"
              }
            },
            {
              "type": "test",
              "title": "3 Implementers MUST provide support for JSON Schema specifications where, in the following table, the required column's value is yes",
              "body": "function() {\n          this.test.cell = {columnId: i.name, rowId: this.test.title};\n          if (schemaVersionName === JsonSchemaVersions['202012']) {\n            should.equal(true, true);\n          } else {\n            this.skip();\n          }\n        }",
              "async": 0,
              "sync": true,
              "_timeout": 150000,
              "_slow": 75,
              "_retries": -1,
              "timedOut": false,
              "_currentRetry": 0,
              "pending": true,
              "file": "/home/runner/work/vc-json-schema-test-suite/vc-json-schema-test-suite/tests/jsonschema.js",
              "parent": "60ieeUs4wXfk_U-MqtET7",
              "ctx": null,
              "_testId": "urn:uuid:113eaa46-7f4b-4a15-a058-94177cb11719",
              "_events": {},
              "_eventsCount": 1,
              "cell": {
                "columnId": "tbd",
                "rowId": "3 Implementers MUST provide support for JSON Schema specifications where, in the following table, the required column's value is yes"
              },
              "duration": 0,
              "state": "pending"
            },
            {
              "type": "test",
              "title": "3.1.1 The $id MUST be present and its value MUST represent a valid URI-reference",
              "body": "async function() {\n          await generateTestResults(i.name, schemaVersionName, jsonSchemaType, this.test.title);\n          this.test.cell = {columnId: i.name, rowId: this.test.title};\n          const result = await checkTestResults(i.name, schemaVersionName, jsonSchemaType, this.test.title);\n          should.equal(result, TestResult.success);\n        }",
              "async": 0,
              "sync": true,
              "_timeout": 150000,
              "_slow": 75,
              "_retries": -1,
              "timedOut": false,
              "_currentRetry": 0,
              "pending": false,
              "file": "/home/runner/work/vc-json-schema-test-suite/vc-json-schema-test-suite/tests/jsonschema.js",
              "parent": "60ieeUs4wXfk_U-MqtET7",
              "ctx": null,
              "_testId": "urn:uuid:5b7b8d87-2b98-456b-8067-be08ce68904d",
              "_events": {},
              "_eventsCount": 1,
              "timer": {
                "_idleTimeout": -1,
                "_idlePrev": null,
                "_idleNext": null,
                "_idleStart": 3655,
                "_onTimeout": null,
                "_repeat": null,
                "_destroyed": true
              },
              "cell": {
                "columnId": "tbd",
                "rowId": "3.1.1 The $id MUST be present and its value MUST represent a valid URI-reference"
              },
              "duration": 258,
              "state": "failed",
              "err": {
                "name": "AssertionError",
                "message": "expected 'error' to equal 'success'",
                "showDiff": true,
                "actual": "error",
                "expected": "success",
                "operator": "strictEqual",
                "stack": "AssertionError: expected 'error' to equal 'success'\n    at should.equal (node_modules/chai/lib/chai/interface/should.js:98:35)\n    at Context.<anonymous> (file:///home/runner/work/vc-json-schema-test-suite/vc-json-schema-test-suite/tests/jsonschema.js:54:18)"
              }
            },
            {
              "type": "test",
              "title": "3.1.2, 4 The $schema property MUST be present in each schema",
              "body": "async function() {\n          await generateTestResults(i.name, schemaVersionName, jsonSchemaType, this.test.title);\n          this.test.cell = {columnId: i.name, rowId: this.test.title};\n          const result = await checkTestResults(i.name, schemaVersionName, jsonSchemaType, this.test.title);\n          should.equal(result, TestResult.success);\n        }",
              "async": 0,
              "sync": true,
              "_timeout": 150000,
              "_slow": 75,
              "_retries": -1,
              "timedOut": false,
              "_currentRetry": 0,
              "pending": false,
              "file": "/home/runner/work/vc-json-schema-test-suite/vc-json-schema-test-suite/tests/jsonschema.js",
              "parent": "60ieeUs4wXfk_U-MqtET7",
              "ctx": null,
              "_testId": "urn:uuid:55266d6f-52b8-4049-b128-0d8b44adc7f0",
              "_events": {},
              "_eventsCount": 1,
              "timer": {
                "_idleTimeout": -1,
                "_idlePrev": null,
                "_idleNext": null,
                "_idleStart": 3914,
                "_onTimeout": null,
                "_repeat": null,
                "_destroyed": true
              },
              "cell": {
                "columnId": "tbd",
                "rowId": "3.1.2, 4 The $schema property MUST be present in each schema"
              },
              "duration": 222,
              "state": "failed",
              "err": {
                "name": "AssertionError",
                "message": "expected 'error' to equal 'success'",
                "showDiff": true,
                "actual": "error",
                "expected": "success",
                "operator": "strictEqual",
                "stack": "AssertionError: expected 'error' to equal 'success'\n    at should.equal (node_modules/chai/lib/chai/interface/should.js:98:35)\n    at Context.<anonymous> (file:///home/runner/work/vc-json-schema-test-suite/vc-json-schema-test-suite/tests/jsonschema.js:62:18)"
              }
            },
            {
              "type": "test",
              "title": "4.2 (Success) Validation MUST result in one of the following three possible outcomes: success, failure, or indeterminate.",
              "body": "async function() {\n          await generateTestResults(i.name, schemaVersionName, jsonSchemaType, this.test.title);\n          this.test.cell = {columnId: i.name, rowId: this.test.title};\n          const result = await checkTestResults(i.name, schemaVersionName, jsonSchemaType, this.test.title);\n          should.equal(result, TestResult.success);\n        }",
              "async": 0,
              "sync": true,
              "_timeout": 150000,
              "_slow": 75,
              "_retries": -1,
              "timedOut": false,
              "_currentRetry": 0,
              "pending": false,
              "file": "/home/runner/work/vc-json-schema-test-suite/vc-json-schema-test-suite/tests/jsonschema.js",
              "parent": "60ieeUs4wXfk_U-MqtET7",
              "ctx": null,
              "_testId": "urn:uuid:e8a07b83-2ca6-4e87-aba0-822562844b9f",
              "_events": {},
              "_eventsCount": 1,
              "timer": {
                "_idleTimeout": -1,
                "_idlePrev": null,
                "_idleNext": null,
                "_idleStart": 4136,
                "_onTimeout": null,
                "_repeat": null,
                "_destroyed": true
              },
              "cell": {
                "columnId": "tbd",
                "rowId": "4.2 (Success) Validation MUST result in one of the following three possible outcomes: success, failure, or indeterminate."
              },
              "duration": 187,
              "state": "failed",
              "err": {
                "name": "AssertionError",
                "message": "expected 'error' to equal 'success'",
                "showDiff": true,
                "actual": "error",
                "expected": "success",
                "operator": "strictEqual",
                "stack": "AssertionError: expected 'error' to equal 'success'\n    at should.equal (node_modules/chai/lib/chai/interface/should.js:98:35)\n    at Context.<anonymous> (file:///home/runner/work/vc-json-schema-test-suite/vc-json-schema-test-suite/tests/jsonschema.js:69:18)"
              }
            },
            {
              "type": "test",
              "title": "4.2 (Failure) Validation MUST result in one of the following three possible outcomes: success, failure, or indeterminate.",
              "body": "async function() {\n          await generateTestResults(i.name, schemaVersionName, jsonSchemaType, this.test.title);\n          this.test.cell = {columnId: i.name, rowId: this.test.title};\n          const result = await checkTestResults(i.name, schemaVersionName, jsonSchemaType, this.test.title);\n          should.equal(result, TestResult.success);\n        }",
              "async": 0,
              "sync": true,
              "_timeout": 150000,
              "_slow": 75,
              "_retries": -1,
              "timedOut": false,
              "_currentRetry": 0,
              "pending": false,
              "file": "/home/runner/work/vc-json-schema-test-suite/vc-json-schema-test-suite/tests/jsonschema.js",
              "parent": "60ieeUs4wXfk_U-MqtET7",
              "ctx": null,
              "_testId": "urn:uuid:934d5789-15c6-4640-926f-8f217ff2ae85",
              "_events": {},
              "_eventsCount": 1,
              "timer": {
                "_idleTimeout": -1,
                "_idlePrev": null,
                "_idleNext": null,
                "_idleStart": 4324,
                "_onTimeout": null,
                "_repeat": null,
                "_destroyed": true
              },
              "cell": {
                "columnId": "tbd",
                "rowId": "4.2 (Failure) Validation MUST result in one of the following three possible outcomes: success, failure, or indeterminate."
              },
              "duration": 188,
              "state": "failed",
              "err": {
                "name": "AssertionError",
                "message": "expected 'error' to equal 'success'",
                "showDiff": true,
                "actual": "error",
                "expected": "success",
                "operator": "strictEqual",
                "stack": "AssertionError: expected 'error' to equal 'success'\n    at should.equal (node_modules/chai/lib/chai/interface/should.js:98:35)\n    at Context.<anonymous> (file:///home/runner/work/vc-json-schema-test-suite/vc-json-schema-test-suite/tests/jsonschema.js:76:18)"
              }
            },
            {
              "type": "test",
              "title": "4.2 (Indeterminate) Validation MUST result in one of the following three possible outcomes: success, failure, or indeterminate.",
              "body": "async function() {\n          await generateTestResults(i.name, schemaVersionName, jsonSchemaType, this.test.title);\n          this.test.cell = {columnId: i.name, rowId: this.test.title};\n          const result = await checkTestResults(i.name, schemaVersionName, jsonSchemaType, this.test.title);\n          should.equal(result, TestResult.success);\n        }",
              "async": 0,
              "sync": true,
              "_timeout": 150000,
              "_slow": 75,
              "_retries": -1,
              "timedOut": false,
              "_currentRetry": 0,
              "pending": false,
              "file": "/home/runner/work/vc-json-schema-test-suite/vc-json-schema-test-suite/tests/jsonschema.js",
              "parent": "60ieeUs4wXfk_U-MqtET7",
              "ctx": null,
              "_testId": "urn:uuid:9ca04a70-a1c6-4486-8dbc-f195b4130e9b",
              "_events": {},
              "_eventsCount": 1,
              "timer": {
                "_idleTimeout": -1,
                "_idlePrev": null,
                "_idleNext": null,
                "_idleStart": 4512,
                "_onTimeout": null,
                "_repeat": null,
                "_destroyed": true
              },
              "cell": {
                "columnId": "tbd",
                "rowId": "4.2 (Indeterminate) Validation MUST result in one of the following three possible outcomes: success, failure, or indeterminate."
              },
              "duration": 187,
              "state": "failed",
              "err": {
                "name": "AssertionError",
                "message": "expected 'error' to equal 'success'",
                "showDiff": true,
                "actual": "error",
                "expected": "success",
                "operator": "strictEqual",
                "stack": "AssertionError: expected 'error' to equal 'success'\n    at should.equal (node_modules/chai/lib/chai/interface/should.js:98:35)\n    at Context.<anonymous> (file:///home/runner/work/vc-json-schema-test-suite/vc-json-schema-test-suite/tests/jsonschema.js:83:18)"
              }
            }
          ],
          "root": false,
          "pending": false,
          "_retries": -1,
          "_beforeEach": [],
          "_beforeAll": [],
          "_afterEach": [],
          "_afterAll": [],
          "_timeout": 150000,
          "_slow": 75,
          "_bail": false,
          "_onlyTests": [],
          "_onlySuites": [],
          "delayed": false,
          "parent": "VipQR2GqngP0qo6w0Iis1",
          "file": "/home/runner/work/vc-json-schema-test-suite/vc-json-schema-test-suite/tests/jsonschema.js",
          "_testId": "urn:uuid:63f372e6-fbe3-4a59-8188-00b306e023c2"
        }
      ],
      "tests": [
        {
          "type": "test",
          "title": "2.1 ID - The value MUST be a URL that identifies the schema associated with the verifiable credential.",
          "body": "async function() {\n          await generateTestResults(i.name, schemaVersionName, jsonSchemaType, this.test.title);\n          this.test.cell = {columnId: i.name, rowId: this.test.title};\n          const result = await checkTestResults(i.name, schemaVersionName, jsonSchemaType, this.test.title);\n          should.equal(result, TestResult.success);\n        }",
          "async": 0,
          "sync": true,
          "_timeout": 150000,
          "_slow": 75,
          "_retries": -1,
          "timedOut": false,
          "_currentRetry": 0,
          "pending": false,
          "file": "/home/runner/work/vc-json-schema-test-suite/vc-json-schema-test-suite/tests/jsonschema.js",
          "parent": "60ieeUs4wXfk_U-MqtET7",
          "ctx": null,
          "_testId": "urn:uuid:92c650dd-5469-447d-8cd5-810e7a692002",
          "_events": {},
          "_eventsCount": 1,
          "timer": {
            "_idleTimeout": -1,
            "_idlePrev": null,
            "_idleNext": null,
            "_idleStart": 3211,
            "_onTimeout": null,
            "_repeat": null,
            "_destroyed": true
          },
          "cell": {
            "columnId": "tbd",
            "rowId": "2.1 ID - The value MUST be a URL that identifies the schema associated with the verifiable credential."
          },
          "duration": 222,
          "state": "failed",
          "err": {
            "name": "AssertionError",
            "message": "expected 'error' to equal 'success'",
            "showDiff": true,
            "actual": "error",
            "expected": "success",
            "operator": "strictEqual",
            "stack": "AssertionError: expected 'error' to equal 'success'\n    at should.equal (node_modules/chai/lib/chai/interface/should.js:98:35)\n    at Context.<anonymous> (file:///home/runner/work/vc-json-schema-test-suite/vc-json-schema-test-suite/tests/jsonschema.js:31:18)"
          }
        },
        {
          "type": "test",
          "title": "2.1 The type property MUST be JsonSchema.",
          "body": "async function() {\n          await generateTestResults(i.name, schemaVersionName, jsonSchemaType, this.test.title);\n          this.test.cell = {columnId: i.name, rowId: this.test.title};\n          const result = await checkTestResults(i.name, schemaVersionName, jsonSchemaType, this.test.title);\n          should.equal(result, TestResult.success);\n        }",
          "async": 0,
          "sync": true,
          "_timeout": 150000,
          "_slow": 75,
          "_retries": -1,
          "timedOut": false,
          "_currentRetry": 0,
          "pending": false,
          "file": "/home/runner/work/vc-json-schema-test-suite/vc-json-schema-test-suite/tests/jsonschema.js",
          "parent": "60ieeUs4wXfk_U-MqtET7",
          "ctx": null,
          "_testId": "urn:uuid:b0d5cc5f-49dd-43d8-8685-4d377838a5ba",
          "_events": {},
          "_eventsCount": 1,
          "timer": {
            "_idleTimeout": -1,
            "_idlePrev": null,
            "_idleNext": null,
            "_idleStart": 3433,
            "_onTimeout": null,
            "_repeat": null,
            "_destroyed": true
          },
          "cell": {
            "columnId": "tbd",
            "rowId": "2.1 The type property MUST be JsonSchema."
          },
          "duration": 221,
          "state": "failed",
          "err": {
            "name": "AssertionError",
            "message": "expected 'error' to equal 'success'",
            "showDiff": true,
            "actual": "error",
            "expected": "success",
            "operator": "strictEqual",
            "stack": "AssertionError: expected 'error' to equal 'success'\n    at should.equal (node_modules/chai/lib/chai/interface/should.js:98:35)\n    at Context.<anonymous> (file:///home/runner/work/vc-json-schema-test-suite/vc-json-schema-test-suite/tests/jsonschema.js:38:18)"
          }
        },
        {
          "type": "test",
          "title": "3 Implementers MUST provide support for JSON Schema specifications where, in the following table, the required column's value is yes",
          "body": "function() {\n          this.test.cell = {columnId: i.name, rowId: this.test.title};\n          if (schemaVersionName === JsonSchemaVersions['202012']) {\n            should.equal(true, true);\n          } else {\n            this.skip();\n          }\n        }",
          "async": 0,
          "sync": true,
          "_timeout": 150000,
          "_slow": 75,
          "_retries": -1,
          "timedOut": false,
          "_currentRetry": 0,
          "pending": true,
          "file": "/home/runner/work/vc-json-schema-test-suite/vc-json-schema-test-suite/tests/jsonschema.js",
          "parent": "60ieeUs4wXfk_U-MqtET7",
          "ctx": null,
          "_testId": "urn:uuid:113eaa46-7f4b-4a15-a058-94177cb11719",
          "_events": {},
          "_eventsCount": 1,
          "cell": {
            "columnId": "tbd",
            "rowId": "3 Implementers MUST provide support for JSON Schema specifications where, in the following table, the required column's value is yes"
          },
          "duration": 0,
          "state": "pending"
        },
        {
          "type": "test",
          "title": "3.1.1 The $id MUST be present and its value MUST represent a valid URI-reference",
          "body": "async function() {\n          await generateTestResults(i.name, schemaVersionName, jsonSchemaType, this.test.title);\n          this.test.cell = {columnId: i.name, rowId: this.test.title};\n          const result = await checkTestResults(i.name, schemaVersionName, jsonSchemaType, this.test.title);\n          should.equal(result, TestResult.success);\n        }",
          "async": 0,
          "sync": true,
          "_timeout": 150000,
          "_slow": 75,
          "_retries": -1,
          "timedOut": false,
          "_currentRetry": 0,
          "pending": false,
          "file": "/home/runner/work/vc-json-schema-test-suite/vc-json-schema-test-suite/tests/jsonschema.js",
          "parent": "60ieeUs4wXfk_U-MqtET7",
          "ctx": null,
          "_testId": "urn:uuid:5b7b8d87-2b98-456b-8067-be08ce68904d",
          "_events": {},
          "_eventsCount": 1,
          "timer": {
            "_idleTimeout": -1,
            "_idlePrev": null,
            "_idleNext": null,
            "_idleStart": 3655,
            "_onTimeout": null,
            "_repeat": null,
            "_destroyed": true
          },
          "cell": {
            "columnId": "tbd",
            "rowId": "3.1.1 The $id MUST be present and its value MUST represent a valid URI-reference"
          },
          "duration": 258,
          "state": "failed",
          "err": {
            "name": "AssertionError",
            "message": "expected 'error' to equal 'success'",
            "showDiff": true,
            "actual": "error",
            "expected": "success",
            "operator": "strictEqual",
            "stack": "AssertionError: expected 'error' to equal 'success'\n    at should.equal (node_modules/chai/lib/chai/interface/should.js:98:35)\n    at Context.<anonymous> (file:///home/runner/work/vc-json-schema-test-suite/vc-json-schema-test-suite/tests/jsonschema.js:54:18)"
          }
        },
        {
          "type": "test",
          "title": "3.1.2, 4 The $schema property MUST be present in each schema",
          "body": "async function() {\n          await generateTestResults(i.name, schemaVersionName, jsonSchemaType, this.test.title);\n          this.test.cell = {columnId: i.name, rowId: this.test.title};\n          const result = await checkTestResults(i.name, schemaVersionName, jsonSchemaType, this.test.title);\n          should.equal(result, TestResult.success);\n        }",
          "async": 0,
          "sync": true,
          "_timeout": 150000,
          "_slow": 75,
          "_retries": -1,
          "timedOut": false,
          "_currentRetry": 0,
          "pending": false,
          "file": "/home/runner/work/vc-json-schema-test-suite/vc-json-schema-test-suite/tests/jsonschema.js",
          "parent": "60ieeUs4wXfk_U-MqtET7",
          "ctx": null,
          "_testId": "urn:uuid:55266d6f-52b8-4049-b128-0d8b44adc7f0",
          "_events": {},
          "_eventsCount": 1,
          "timer": {
            "_idleTimeout": -1,
            "_idlePrev": null,
            "_idleNext": null,
            "_idleStart": 3914,
            "_onTimeout": null,
            "_repeat": null,
            "_destroyed": true
          },
          "cell": {
            "columnId": "tbd",
            "rowId": "3.1.2, 4 The $schema property MUST be present in each schema"
          },
          "duration": 222,
          "state": "failed",
          "err": {
            "name": "AssertionError",
            "message": "expected 'error' to equal 'success'",
            "showDiff": true,
            "actual": "error",
            "expected": "success",
            "operator": "strictEqual",
            "stack": "AssertionError: expected 'error' to equal 'success'\n    at should.equal (node_modules/chai/lib/chai/interface/should.js:98:35)\n    at Context.<anonymous> (file:///home/runner/work/vc-json-schema-test-suite/vc-json-schema-test-suite/tests/jsonschema.js:62:18)"
          }
        },
        {
          "type": "test",
          "title": "4.2 (Success) Validation MUST result in one of the following three possible outcomes: success, failure, or indeterminate.",
          "body": "async function() {\n          await generateTestResults(i.name, schemaVersionName, jsonSchemaType, this.test.title);\n          this.test.cell = {columnId: i.name, rowId: this.test.title};\n          const result = await checkTestResults(i.name, schemaVersionName, jsonSchemaType, this.test.title);\n          should.equal(result, TestResult.success);\n        }",
          "async": 0,
          "sync": true,
          "_timeout": 150000,
          "_slow": 75,
          "_retries": -1,
          "timedOut": false,
          "_currentRetry": 0,
          "pending": false,
          "file": "/home/runner/work/vc-json-schema-test-suite/vc-json-schema-test-suite/tests/jsonschema.js",
          "parent": "60ieeUs4wXfk_U-MqtET7",
          "ctx": null,
          "_testId": "urn:uuid:e8a07b83-2ca6-4e87-aba0-822562844b9f",
          "_events": {},
          "_eventsCount": 1,
          "timer": {
            "_idleTimeout": -1,
            "_idlePrev": null,
            "_idleNext": null,
            "_idleStart": 4136,
            "_onTimeout": null,
            "_repeat": null,
            "_destroyed": true
          },
          "cell": {
            "columnId": "tbd",
            "rowId": "4.2 (Success) Validation MUST result in one of the following three possible outcomes: success, failure, or indeterminate."
          },
          "duration": 187,
          "state": "failed",
          "err": {
            "name": "AssertionError",
            "message": "expected 'error' to equal 'success'",
            "showDiff": true,
            "actual": "error",
            "expected": "success",
            "operator": "strictEqual",
            "stack": "AssertionError: expected 'error' to equal 'success'\n    at should.equal (node_modules/chai/lib/chai/interface/should.js:98:35)\n    at Context.<anonymous> (file:///home/runner/work/vc-json-schema-test-suite/vc-json-schema-test-suite/tests/jsonschema.js:69:18)"
          }
        },
        {
          "type": "test",
          "title": "4.2 (Failure) Validation MUST result in one of the following three possible outcomes: success, failure, or indeterminate.",
          "body": "async function() {\n          await generateTestResults(i.name, schemaVersionName, jsonSchemaType, this.test.title);\n          this.test.cell = {columnId: i.name, rowId: this.test.title};\n          const result = await checkTestResults(i.name, schemaVersionName, jsonSchemaType, this.test.title);\n          should.equal(result, TestResult.success);\n        }",
          "async": 0,
          "sync": true,
          "_timeout": 150000,
          "_slow": 75,
          "_retries": -1,
          "timedOut": false,
          "_currentRetry": 0,
          "pending": false,
          "file": "/home/runner/work/vc-json-schema-test-suite/vc-json-schema-test-suite/tests/jsonschema.js",
          "parent": "60ieeUs4wXfk_U-MqtET7",
          "ctx": null,
          "_testId": "urn:uuid:934d5789-15c6-4640-926f-8f217ff2ae85",
          "_events": {},
          "_eventsCount": 1,
          "timer": {
            "_idleTimeout": -1,
            "_idlePrev": null,
            "_idleNext": null,
            "_idleStart": 4324,
            "_onTimeout": null,
            "_repeat": null,
            "_destroyed": true
          },
          "cell": {
            "columnId": "tbd",
            "rowId": "4.2 (Failure) Validation MUST result in one of the following three possible outcomes: success, failure, or indeterminate."
          },
          "duration": 188,
          "state": "failed",
          "err": {
            "name": "AssertionError",
            "message": "expected 'error' to equal 'success'",
            "showDiff": true,
            "actual": "error",
            "expected": "success",
            "operator": "strictEqual",
            "stack": "AssertionError: expected 'error' to equal 'success'\n    at should.equal (node_modules/chai/lib/chai/interface/should.js:98:35)\n    at Context.<anonymous> (file:///home/runner/work/vc-json-schema-test-suite/vc-json-schema-test-suite/tests/jsonschema.js:76:18)"
          }
        },
        {
          "type": "test",
          "title": "4.2 (Indeterminate) Validation MUST result in one of the following three possible outcomes: success, failure, or indeterminate.",
          "body": "async function() {\n          await generateTestResults(i.name, schemaVersionName, jsonSchemaType, this.test.title);\n          this.test.cell = {columnId: i.name, rowId: this.test.title};\n          const result = await checkTestResults(i.name, schemaVersionName, jsonSchemaType, this.test.title);\n          should.equal(result, TestResult.success);\n        }",
          "async": 0,
          "sync": true,
          "_timeout": 150000,
          "_slow": 75,
          "_retries": -1,
          "timedOut": false,
          "_currentRetry": 0,
          "pending": false,
          "file": "/home/runner/work/vc-json-schema-test-suite/vc-json-schema-test-suite/tests/jsonschema.js",
          "parent": "60ieeUs4wXfk_U-MqtET7",
          "ctx": null,
          "_testId": "urn:uuid:9ca04a70-a1c6-4486-8dbc-f195b4130e9b",
          "_events": {},
          "_eventsCount": 1,
          "timer": {
            "_idleTimeout": -1,
            "_idlePrev": null,
            "_idleNext": null,
            "_idleStart": 4512,
            "_onTimeout": null,
            "_repeat": null,
            "_destroyed": true
          },
          "cell": {
            "columnId": "tbd",
            "rowId": "4.2 (Indeterminate) Validation MUST result in one of the following three possible outcomes: success, failure, or indeterminate."
          },
          "duration": 187,
          "state": "failed",
          "err": {
            "name": "AssertionError",
            "message": "expected 'error' to equal 'success'",
            "showDiff": true,
            "actual": "error",
            "expected": "success",
            "operator": "strictEqual",
            "stack": "AssertionError: expected 'error' to equal 'success'\n    at should.equal (node_modules/chai/lib/chai/interface/should.js:98:35)\n    at Context.<anonymous> (file:///home/runner/work/vc-json-schema-test-suite/vc-json-schema-test-suite/tests/jsonschema.js:83:18)"
          }
        }
      ],
      "root": false,
      "pending": false,
      "_retries": -1,
      "_beforeEach": [],
      "_beforeAll": [],
      "_afterEach": [],
      "_afterAll": [],
      "_timeout": 150000,
      "_slow": 75,
      "_bail": false,
      "_onlyTests": [],
      "_onlySuites": [],
      "delayed": false,
      "parent": "QbPzaVTZlxPjx9zTaSSJu",
      "file": "/home/runner/work/vc-json-schema-test-suite/vc-json-schema-test-suite/tests/jsonschema.js",
      "matrix": true,
      "report": true,
      "implemented": [
        "tbd"
      ],
      "rowLabel": "Test Name",
      "columnLabel": "Implementation",
      "_testId": "urn:uuid:e25414ad-e51f-4277-911d-9a273580951d"
    },
    {
      "title": "JsonSchemaCredential – JSON Schema 2019-09",
      "ctx": null,
      "suites": [
        {
          "title": "tbd",
          "ctx": null,
          "suites": [],
          "tests": [
            {
              "type": "test",
              "title": "2.1 ID - The value MUST be a URL that identifies the schema associated with the verifiable credential.",
              "body": "async function() {\n          await generateTestResults(i.name, schemaVersionName, jsonSchemaType, this.test.title);\n          this.test.cell = {columnId: i.name, rowId: this.test.title};\n          const result = await checkTestResults(i.name, schemaVersionName, jsonSchemaType, this.test.title);\n          should.equal(result, TestResult.success);\n        }",
              "async": 0,
              "sync": true,
              "_timeout": 150000,
              "_slow": 75,
              "_retries": -1,
              "timedOut": false,
              "_currentRetry": 0,
              "pending": false,
              "file": "/home/runner/work/vc-json-schema-test-suite/vc-json-schema-test-suite/tests/jsonschemacredential.js",
              "parent": "nFI24RurGe-_Uw2KzuHDT",
              "ctx": null,
              "_testId": "urn:uuid:8fa25b88-7bc7-49cc-ac88-c9e8b79beb0b",
              "_events": {},
              "_eventsCount": 1,
              "timer": {
                "_idleTimeout": -1,
                "_idlePrev": null,
                "_idleNext": null,
                "_idleStart": 4700,
                "_onTimeout": null,
                "_repeat": null,
                "_destroyed": true
              },
              "cell": {
                "columnId": "tbd",
                "rowId": "2.1 ID - The value MUST be a URL that identifies the schema associated with the verifiable credential."
              },
              "duration": 222,
              "state": "failed",
              "err": {
                "name": "AssertionError",
                "message": "expected 'error' to equal 'success'",
                "showDiff": true,
                "actual": "error",
                "expected": "success",
                "operator": "strictEqual",
                "stack": "AssertionError: expected 'error' to equal 'success'\n    at should.equal (node_modules/chai/lib/chai/interface/should.js:98:35)\n    at Context.<anonymous> (file:///home/runner/work/vc-json-schema-test-suite/vc-json-schema-test-suite/tests/jsonschemacredential.js:31:18)"
              }
            },
            {
              "type": "test",
              "title": "2.1 The type property MUST be JsonSchemaCredential.",
              "body": "async function() {\n          await generateTestResults(i.name, schemaVersionName, jsonSchemaType, this.test.title);\n          this.test.cell = {columnId: i.name, rowId: this.test.title};\n          const result = await checkTestResults(i.name, schemaVersionName, jsonSchemaType, this.test.title);\n          should.equal(result, TestResult.success);\n        }",
              "async": 0,
              "sync": true,
              "_timeout": 150000,
              "_slow": 75,
              "_retries": -1,
              "timedOut": false,
              "_currentRetry": 0,
              "pending": false,
              "file": "/home/runner/work/vc-json-schema-test-suite/vc-json-schema-test-suite/tests/jsonschemacredential.js",
              "parent": "nFI24RurGe-_Uw2KzuHDT",
              "ctx": null,
              "_testId": "urn:uuid:5b265845-e690-4b06-98e2-581ec0c21f8a",
              "_events": {},
              "_eventsCount": 1,
              "timer": {
                "_idleTimeout": -1,
                "_idlePrev": null,
                "_idleNext": null,
                "_idleStart": 4922,
                "_onTimeout": null,
                "_repeat": null,
                "_destroyed": true
              },
              "cell": {
                "columnId": "tbd",
                "rowId": "2.1 The type property MUST be JsonSchemaCredential."
              },
              "duration": 222,
              "state": "failed",
              "err": {
                "name": "AssertionError",
                "message": "expected 'error' to equal 'success'",
                "showDiff": true,
                "actual": "error",
                "expected": "success",
                "operator": "strictEqual",
                "stack": "AssertionError: expected 'error' to equal 'success'\n    at should.equal (node_modules/chai/lib/chai/interface/should.js:98:35)\n    at Context.<anonymous> (file:///home/runner/work/vc-json-schema-test-suite/vc-json-schema-test-suite/tests/jsonschemacredential.js:38:18)"
              }
            },
            {
              "type": "test",
              "title": "2.2 The credentialSubject property MUST contain two properties: type - the value of which MUST be JsonSchema; jsonSchema - an object which contains a valid JSON Schema",
              "body": "async function() {\n          await generateTestResults(i.name, schemaVersionName, jsonSchemaType, this.test.title);\n          this.test.cell = {columnId: i.name, rowId: this.test.title};\n          const result = await checkTestResults(i.name, schemaVersionName, jsonSchemaType, this.test.title);\n          should.equal(result, TestResult.success);\n        }",
              "async": 0,
              "sync": true,
              "_timeout": 150000,
              "_slow": 75,
              "_retries": -1,
              "timedOut": false,
              "_currentRetry": 0,
              "pending": false,
              "file": "/home/runner/work/vc-json-schema-test-suite/vc-json-schema-test-suite/tests/jsonschemacredential.js",
              "parent": "nFI24RurGe-_Uw2KzuHDT",
              "ctx": null,
              "_testId": "urn:uuid:dff760c8-f14a-497f-b461-6b73842aba3d",
              "_events": {},
              "_eventsCount": 1,
              "timer": {
                "_idleTimeout": -1,
                "_idlePrev": null,
                "_idleNext": null,
                "_idleStart": 5144,
                "_onTimeout": null,
                "_repeat": null,
                "_destroyed": true
              },
              "cell": {
                "columnId": "tbd",
                "rowId": "2.2 The credentialSubject property MUST contain two properties: type - the value of which MUST be JsonSchema; jsonSchema - an object which contains a valid JSON Schema"
              },
              "duration": 293,
              "state": "failed",
              "err": {
                "name": "AssertionError",
                "message": "expected 'error' to equal 'success'",
                "showDiff": true,
                "actual": "error",
                "expected": "success",
                "operator": "strictEqual",
                "stack": "AssertionError: expected 'error' to equal 'success'\n    at should.equal (node_modules/chai/lib/chai/interface/should.js:98:35)\n    at Context.<anonymous> (file:///home/runner/work/vc-json-schema-test-suite/vc-json-schema-test-suite/tests/jsonschemacredential.js:45:18)"
              }
            },
            {
              "type": "test",
              "title": "2.2 The value of the credentialSchema property MUST always be set to [known json schema]",
              "body": "async function() {\n          await generateTestResults(i.name, schemaVersionName, jsonSchemaType, this.test.title);\n          this.test.cell = {columnId: i.name, rowId: this.test.title};\n          const result = await checkTestResults(i.name, schemaVersionName, jsonSchemaType, this.test.title);\n          should.equal(result, TestResult.success);\n        }",
              "async": 0,
              "sync": true,
              "_timeout": 150000,
              "_slow": 75,
              "_retries": -1,
              "timedOut": false,
              "_currentRetry": 0,
              "pending": false,
              "file": "/home/runner/work/vc-json-schema-test-suite/vc-json-schema-test-suite/tests/jsonschemacredential.js",
              "parent": "nFI24RurGe-_Uw2KzuHDT",
              "ctx": null,
              "_testId": "urn:uuid:b1287d90-113c-45fc-9a95-60817e516369",
              "_events": {},
              "_eventsCount": 1,
              "timer": {
                "_idleTimeout": -1,
                "_idlePrev": null,
                "_idleNext": null,
                "_idleStart": 5437,
                "_onTimeout": null,
                "_repeat": null,
                "_destroyed": true
              },
              "cell": {
                "columnId": "tbd",
                "rowId": "2.2 The value of the credentialSchema property MUST always be set to [known json schema]"
              },
              "duration": 221,
              "state": "failed",
              "err": {
                "name": "AssertionError",
                "message": "expected 'error' to equal 'success'",
                "showDiff": true,
                "actual": "error",
                "expected": "success",
                "operator": "strictEqual",
                "stack": "AssertionError: expected 'error' to equal 'success'\n    at should.equal (node_modules/chai/lib/chai/interface/should.js:98:35)\n    at Context.<anonymous> (file:///home/runner/work/vc-json-schema-test-suite/vc-json-schema-test-suite/tests/jsonschemacredential.js:52:18)"
              }
            },
            {
              "type": "test",
              "title": "3 Implementers MUST provide support for JSON Schema specifications where, in the following table, the required column's value is yes",
              "body": "async function() {\n          this.test.cell = {columnId: i.name, rowId: this.test.title};\n          if (schemaVersionName === JsonSchemaVersions['202012']) {\n            should.equal(true, true);\n          } else {\n            this.skip();\n          }\n        }",
              "async": 0,
              "sync": true,
              "_timeout": 150000,
              "_slow": 75,
              "_retries": -1,
              "timedOut": false,
              "_currentRetry": 0,
              "pending": true,
              "file": "/home/runner/work/vc-json-schema-test-suite/vc-json-schema-test-suite/tests/jsonschemacredential.js",
              "parent": "nFI24RurGe-_Uw2KzuHDT",
              "ctx": null,
              "_testId": "urn:uuid:ed5ae0b9-e779-4829-aade-6d22ab45175b",
              "_events": {},
              "_eventsCount": 1,
              "cell": {
                "columnId": "tbd",
                "rowId": "3 Implementers MUST provide support for JSON Schema specifications where, in the following table, the required column's value is yes"
              },
              "timer": {
                "_idleTimeout": -1,
                "_idlePrev": null,
                "_idleNext": null,
                "_idleStart": 5623,
                "_onTimeout": null,
                "_repeat": null,
                "_destroyed": true
              },
              "duration": 0,
              "state": "pending"
            },
            {
              "type": "test",
              "title": "3.1.1 The $id MUST be present and its value MUST represent a valid URI-reference",
              "body": "async function() {\n          await generateTestResults(i.name, schemaVersionName, jsonSchemaType, this.test.title);\n          this.test.cell = {columnId: i.name, rowId: this.test.title};\n          const result = await checkTestResults(i.name, schemaVersionName, jsonSchemaType, this.test.title);\n          should.equal(result, TestResult.success);\n        }",
              "async": 0,
              "sync": true,
              "_timeout": 150000,
              "_slow": 75,
              "_retries": -1,
              "timedOut": false,
              "_currentRetry": 0,
              "pending": false,
              "file": "/home/runner/work/vc-json-schema-test-suite/vc-json-schema-test-suite/tests/jsonschemacredential.js",
              "parent": "nFI24RurGe-_Uw2KzuHDT",
              "ctx": null,
              "_testId": "urn:uuid:72ac8075-9e4a-4938-81a2-ebd63ddf7356",
              "_events": {},
              "_eventsCount": 1,
              "timer": {
                "_idleTimeout": -1,
                "_idlePrev": null,
                "_idleNext": null,
                "_idleStart": 5660,
                "_onTimeout": null,
                "_repeat": null,
                "_destroyed": true
              },
              "cell": {
                "columnId": "tbd",
                "rowId": "3.1.1 The $id MUST be present and its value MUST represent a valid URI-reference"
              },
              "duration": 259,
              "state": "failed",
              "err": {
                "name": "AssertionError",
                "message": "expected 'error' to equal 'success'",
                "showDiff": true,
                "actual": "error",
                "expected": "success",
                "operator": "strictEqual",
                "stack": "AssertionError: expected 'error' to equal 'success'\n    at should.equal (node_modules/chai/lib/chai/interface/should.js:98:35)\n    at Context.<anonymous> (file:///home/runner/work/vc-json-schema-test-suite/vc-json-schema-test-suite/tests/jsonschemacredential.js:68:18)"
              }
            },
            {
              "type": "test",
              "title": "3.1.2, 4 The $schema property MUST be present in each schema",
              "body": "async function() {\n          await generateTestResults(i.name, schemaVersionName, jsonSchemaType, this.test.title);\n          this.test.cell = {columnId: i.name, rowId: this.test.title};\n          const result = await checkTestResults(i.name, schemaVersionName, jsonSchemaType, this.test.title);\n          should.equal(result, TestResult.success);\n        }",
              "async": 0,
              "sync": true,
              "_timeout": 150000,
              "_slow": 75,
              "_retries": -1,
              "timedOut": false,
              "_currentRetry": 0,
              "pending": false,
              "file": "/home/runner/work/vc-json-schema-test-suite/vc-json-schema-test-suite/tests/jsonschemacredential.js",
              "parent": "nFI24RurGe-_Uw2KzuHDT",
              "ctx": null,
              "_testId": "urn:uuid:ea18ae72-bf0b-48c3-ad61-38a0eeb42cc7",
              "_events": {},
              "_eventsCount": 1,
              "timer": {
                "_idleTimeout": -1,
                "_idlePrev": null,
                "_idleNext": null,
                "_idleStart": 5919,
                "_onTimeout": null,
                "_repeat": null,
                "_destroyed": true
              },
              "cell": {
                "columnId": "tbd",
                "rowId": "3.1.2, 4 The $schema property MUST be present in each schema"
              },
              "duration": 221,
              "state": "failed",
              "err": {
                "name": "AssertionError",
                "message": "expected 'error' to equal 'success'",
                "showDiff": true,
                "actual": "error",
                "expected": "success",
                "operator": "strictEqual",
                "stack": "AssertionError: expected 'error' to equal 'success'\n    at should.equal (node_modules/chai/lib/chai/interface/should.js:98:35)\n    at Context.<anonymous> (file:///home/runner/work/vc-json-schema-test-suite/vc-json-schema-test-suite/tests/jsonschemacredential.js:76:18)"
              }
            },
            {
              "type": "test",
              "title": "4.2 (Success) Validation MUST result in one of the following three possible outcomes: success, failure, or indeterminate.",
              "body": "async function() {\n          await generateTestResults(i.name, schemaVersionName, jsonSchemaType, this.test.title);\n          this.test.cell = {columnId: i.name, rowId: this.test.title};\n          const result = await checkTestResults(i.name, schemaVersionName, jsonSchemaType, this.test.title);\n          should.equal(result, TestResult.success);\n        }",
              "async": 0,
              "sync": true,
              "_timeout": 150000,
              "_slow": 75,
              "_retries": -1,
              "timedOut": false,
              "_currentRetry": 0,
              "pending": false,
              "file": "/home/runner/work/vc-json-schema-test-suite/vc-json-schema-test-suite/tests/jsonschemacredential.js",
              "parent": "nFI24RurGe-_Uw2KzuHDT",
              "ctx": null,
              "_testId": "urn:uuid:6d8beb13-ed4c-43c3-8d36-271952983854",
              "_events": {},
              "_eventsCount": 1,
              "timer": {
                "_idleTimeout": -1,
                "_idlePrev": null,
                "_idleNext": null,
                "_idleStart": 6141,
                "_onTimeout": null,
                "_repeat": null,
                "_destroyed": true
              },
              "cell": {
                "columnId": "tbd",
                "rowId": "4.2 (Success) Validation MUST result in one of the following three possible outcomes: success, failure, or indeterminate."
              },
              "duration": 186,
              "state": "failed",
              "err": {
                "name": "AssertionError",
                "message": "expected 'error' to equal 'success'",
                "showDiff": true,
                "actual": "error",
                "expected": "success",
                "operator": "strictEqual",
                "stack": "AssertionError: expected 'error' to equal 'success'\n    at should.equal (node_modules/chai/lib/chai/interface/should.js:98:35)\n    at Context.<anonymous> (file:///home/runner/work/vc-json-schema-test-suite/vc-json-schema-test-suite/tests/jsonschemacredential.js:83:18)"
              }
            },
            {
              "type": "test",
              "title": "4.2 (Failure) Validation MUST result in one of the following three possible outcomes: success, failure, or indeterminate.",
              "body": "async function() {\n          await generateTestResults(i.name, schemaVersionName, jsonSchemaType, this.test.title);\n          this.test.cell = {columnId: i.name, rowId: this.test.title};\n          const result = await checkTestResults(i.name, schemaVersionName, jsonSchemaType, this.test.title);\n          should.equal(result, TestResult.success);\n        }",
              "async": 0,
              "sync": true,
              "_timeout": 150000,
              "_slow": 75,
              "_retries": -1,
              "timedOut": false,
              "_currentRetry": 0,
              "pending": false,
              "file": "/home/runner/work/vc-json-schema-test-suite/vc-json-schema-test-suite/tests/jsonschemacredential.js",
              "parent": "nFI24RurGe-_Uw2KzuHDT",
              "ctx": null,
              "_testId": "urn:uuid:7fb676c1-5bef-4ab7-a760-a0c0b01e5945",
              "_events": {},
              "_eventsCount": 1,
              "timer": {
                "_idleTimeout": -1,
                "_idlePrev": null,
                "_idleNext": null,
                "_idleStart": 6328,
                "_onTimeout": null,
                "_repeat": null,
                "_destroyed": true
              },
              "cell": {
                "columnId": "tbd",
                "rowId": "4.2 (Failure) Validation MUST result in one of the following three possible outcomes: success, failure, or indeterminate."
              },
              "duration": 186,
              "state": "failed",
              "err": {
                "name": "AssertionError",
                "message": "expected 'error' to equal 'success'",
                "showDiff": true,
                "actual": "error",
                "expected": "success",
                "operator": "strictEqual",
                "stack": "AssertionError: expected 'error' to equal 'success'\n    at should.equal (node_modules/chai/lib/chai/interface/should.js:98:35)\n    at Context.<anonymous> (file:///home/runner/work/vc-json-schema-test-suite/vc-json-schema-test-suite/tests/jsonschemacredential.js:90:18)"
              }
            },
            {
              "type": "test",
              "title": "4.2 (Indeterminate) Validation MUST result in one of the following three possible outcomes: success, failure, or indeterminate.",
              "body": "async function() {\n          await generateTestResults(i.name, schemaVersionName, jsonSchemaType, this.test.title);\n          this.test.cell = {columnId: i.name, rowId: this.test.title};\n          const result = await checkTestResults(i.name, schemaVersionName, jsonSchemaType, this.test.title);\n          should.equal(result, TestResult.success);\n        }",
              "async": 0,
              "sync": true,
              "_timeout": 150000,
              "_slow": 75,
              "_retries": -1,
              "timedOut": false,
              "_currentRetry": 0,
              "pending": false,
              "file": "/home/runner/work/vc-json-schema-test-suite/vc-json-schema-test-suite/tests/jsonschemacredential.js",
              "parent": "nFI24RurGe-_Uw2KzuHDT",
              "ctx": null,
              "_testId": "urn:uuid:eda1d91e-7bfb-467f-956f-676603ad401a",
              "_events": {},
              "_eventsCount": 1,
              "timer": {
                "_idleTimeout": -1,
                "_idlePrev": null,
                "_idleNext": null,
                "_idleStart": 6514,
                "_onTimeout": null,
                "_repeat": null,
                "_destroyed": true
              },
              "cell": {
                "columnId": "tbd",
                "rowId": "4.2 (Indeterminate) Validation MUST result in one of the following three possible outcomes: success, failure, or indeterminate."
              },
              "duration": 187,
              "state": "failed",
              "err": {
                "name": "AssertionError",
                "message": "expected 'error' to equal 'success'",
                "showDiff": true,
                "actual": "error",
                "expected": "success",
                "operator": "strictEqual",
                "stack": "AssertionError: expected 'error' to equal 'success'\n    at should.equal (node_modules/chai/lib/chai/interface/should.js:98:35)\n    at Context.<anonymous> (file:///home/runner/work/vc-json-schema-test-suite/vc-json-schema-test-suite/tests/jsonschemacredential.js:97:18)"
              }
            }
          ],
          "root": false,
          "pending": false,
          "_retries": -1,
          "_beforeEach": [],
          "_beforeAll": [],
          "_afterEach": [],
          "_afterAll": [],
          "_timeout": 150000,
          "_slow": 75,
          "_bail": false,
          "_onlyTests": [],
          "_onlySuites": [],
          "delayed": false,
          "parent": "qjAUpO_Oi1_qIdIAsqGuK",
          "file": "/home/runner/work/vc-json-schema-test-suite/vc-json-schema-test-suite/tests/jsonschemacredential.js",
          "_testId": "urn:uuid:219dc7c7-b7f2-48e9-8a86-c91a8643805f"
        }
      ],
      "tests": [
        {
          "type": "test",
          "title": "2.1 ID - The value MUST be a URL that identifies the schema associated with the verifiable credential.",
          "body": "async function() {\n          await generateTestResults(i.name, schemaVersionName, jsonSchemaType, this.test.title);\n          this.test.cell = {columnId: i.name, rowId: this.test.title};\n          const result = await checkTestResults(i.name, schemaVersionName, jsonSchemaType, this.test.title);\n          should.equal(result, TestResult.success);\n        }",
          "async": 0,
          "sync": true,
          "_timeout": 150000,
          "_slow": 75,
          "_retries": -1,
          "timedOut": false,
          "_currentRetry": 0,
          "pending": false,
          "file": "/home/runner/work/vc-json-schema-test-suite/vc-json-schema-test-suite/tests/jsonschemacredential.js",
          "parent": "nFI24RurGe-_Uw2KzuHDT",
          "ctx": null,
          "_testId": "urn:uuid:8fa25b88-7bc7-49cc-ac88-c9e8b79beb0b",
          "_events": {},
          "_eventsCount": 1,
          "timer": {
            "_idleTimeout": -1,
            "_idlePrev": null,
            "_idleNext": null,
            "_idleStart": 4700,
            "_onTimeout": null,
            "_repeat": null,
            "_destroyed": true
          },
          "cell": {
            "columnId": "tbd",
            "rowId": "2.1 ID - The value MUST be a URL that identifies the schema associated with the verifiable credential."
          },
          "duration": 222,
          "state": "failed",
          "err": {
            "name": "AssertionError",
            "message": "expected 'error' to equal 'success'",
            "showDiff": true,
            "actual": "error",
            "expected": "success",
            "operator": "strictEqual",
            "stack": "AssertionError: expected 'error' to equal 'success'\n    at should.equal (node_modules/chai/lib/chai/interface/should.js:98:35)\n    at Context.<anonymous> (file:///home/runner/work/vc-json-schema-test-suite/vc-json-schema-test-suite/tests/jsonschemacredential.js:31:18)"
          }
        },
        {
          "type": "test",
          "title": "2.1 The type property MUST be JsonSchemaCredential.",
          "body": "async function() {\n          await generateTestResults(i.name, schemaVersionName, jsonSchemaType, this.test.title);\n          this.test.cell = {columnId: i.name, rowId: this.test.title};\n          const result = await checkTestResults(i.name, schemaVersionName, jsonSchemaType, this.test.title);\n          should.equal(result, TestResult.success);\n        }",
          "async": 0,
          "sync": true,
          "_timeout": 150000,
          "_slow": 75,
          "_retries": -1,
          "timedOut": false,
          "_currentRetry": 0,
          "pending": false,
          "file": "/home/runner/work/vc-json-schema-test-suite/vc-json-schema-test-suite/tests/jsonschemacredential.js",
          "parent": "nFI24RurGe-_Uw2KzuHDT",
          "ctx": null,
          "_testId": "urn:uuid:5b265845-e690-4b06-98e2-581ec0c21f8a",
          "_events": {},
          "_eventsCount": 1,
          "timer": {
            "_idleTimeout": -1,
            "_idlePrev": null,
            "_idleNext": null,
            "_idleStart": 4922,
            "_onTimeout": null,
            "_repeat": null,
            "_destroyed": true
          },
          "cell": {
            "columnId": "tbd",
            "rowId": "2.1 The type property MUST be JsonSchemaCredential."
          },
          "duration": 222,
          "state": "failed",
          "err": {
            "name": "AssertionError",
            "message": "expected 'error' to equal 'success'",
            "showDiff": true,
            "actual": "error",
            "expected": "success",
            "operator": "strictEqual",
            "stack": "AssertionError: expected 'error' to equal 'success'\n    at should.equal (node_modules/chai/lib/chai/interface/should.js:98:35)\n    at Context.<anonymous> (file:///home/runner/work/vc-json-schema-test-suite/vc-json-schema-test-suite/tests/jsonschemacredential.js:38:18)"
          }
        },
        {
          "type": "test",
          "title": "2.2 The credentialSubject property MUST contain two properties: type - the value of which MUST be JsonSchema; jsonSchema - an object which contains a valid JSON Schema",
          "body": "async function() {\n          await generateTestResults(i.name, schemaVersionName, jsonSchemaType, this.test.title);\n          this.test.cell = {columnId: i.name, rowId: this.test.title};\n          const result = await checkTestResults(i.name, schemaVersionName, jsonSchemaType, this.test.title);\n          should.equal(result, TestResult.success);\n        }",
          "async": 0,
          "sync": true,
          "_timeout": 150000,
          "_slow": 75,
          "_retries": -1,
          "timedOut": false,
          "_currentRetry": 0,
          "pending": false,
          "file": "/home/runner/work/vc-json-schema-test-suite/vc-json-schema-test-suite/tests/jsonschemacredential.js",
          "parent": "nFI24RurGe-_Uw2KzuHDT",
          "ctx": null,
          "_testId": "urn:uuid:dff760c8-f14a-497f-b461-6b73842aba3d",
          "_events": {},
          "_eventsCount": 1,
          "timer": {
            "_idleTimeout": -1,
            "_idlePrev": null,
            "_idleNext": null,
            "_idleStart": 5144,
            "_onTimeout": null,
            "_repeat": null,
            "_destroyed": true
          },
          "cell": {
            "columnId": "tbd",
            "rowId": "2.2 The credentialSubject property MUST contain two properties: type - the value of which MUST be JsonSchema; jsonSchema - an object which contains a valid JSON Schema"
          },
          "duration": 293,
          "state": "failed",
          "err": {
            "name": "AssertionError",
            "message": "expected 'error' to equal 'success'",
            "showDiff": true,
            "actual": "error",
            "expected": "success",
            "operator": "strictEqual",
            "stack": "AssertionError: expected 'error' to equal 'success'\n    at should.equal (node_modules/chai/lib/chai/interface/should.js:98:35)\n    at Context.<anonymous> (file:///home/runner/work/vc-json-schema-test-suite/vc-json-schema-test-suite/tests/jsonschemacredential.js:45:18)"
          }
        },
        {
          "type": "test",
          "title": "2.2 The value of the credentialSchema property MUST always be set to [known json schema]",
          "body": "async function() {\n          await generateTestResults(i.name, schemaVersionName, jsonSchemaType, this.test.title);\n          this.test.cell = {columnId: i.name, rowId: this.test.title};\n          const result = await checkTestResults(i.name, schemaVersionName, jsonSchemaType, this.test.title);\n          should.equal(result, TestResult.success);\n        }",
          "async": 0,
          "sync": true,
          "_timeout": 150000,
          "_slow": 75,
          "_retries": -1,
          "timedOut": false,
          "_currentRetry": 0,
          "pending": false,
          "file": "/home/runner/work/vc-json-schema-test-suite/vc-json-schema-test-suite/tests/jsonschemacredential.js",
          "parent": "nFI24RurGe-_Uw2KzuHDT",
          "ctx": null,
          "_testId": "urn:uuid:b1287d90-113c-45fc-9a95-60817e516369",
          "_events": {},
          "_eventsCount": 1,
          "timer": {
            "_idleTimeout": -1,
            "_idlePrev": null,
            "_idleNext": null,
            "_idleStart": 5437,
            "_onTimeout": null,
            "_repeat": null,
            "_destroyed": true
          },
          "cell": {
            "columnId": "tbd",
            "rowId": "2.2 The value of the credentialSchema property MUST always be set to [known json schema]"
          },
          "duration": 221,
          "state": "failed",
          "err": {
            "name": "AssertionError",
            "message": "expected 'error' to equal 'success'",
            "showDiff": true,
            "actual": "error",
            "expected": "success",
            "operator": "strictEqual",
            "stack": "AssertionError: expected 'error' to equal 'success'\n    at should.equal (node_modules/chai/lib/chai/interface/should.js:98:35)\n    at Context.<anonymous> (file:///home/runner/work/vc-json-schema-test-suite/vc-json-schema-test-suite/tests/jsonschemacredential.js:52:18)"
          }
        },
        {
          "type": "test",
          "title": "3 Implementers MUST provide support for JSON Schema specifications where, in the following table, the required column's value is yes",
          "body": "async function() {\n          this.test.cell = {columnId: i.name, rowId: this.test.title};\n          if (schemaVersionName === JsonSchemaVersions['202012']) {\n            should.equal(true, true);\n          } else {\n            this.skip();\n          }\n        }",
          "async": 0,
          "sync": true,
          "_timeout": 150000,
          "_slow": 75,
          "_retries": -1,
          "timedOut": false,
          "_currentRetry": 0,
          "pending": true,
          "file": "/home/runner/work/vc-json-schema-test-suite/vc-json-schema-test-suite/tests/jsonschemacredential.js",
          "parent": "nFI24RurGe-_Uw2KzuHDT",
          "ctx": null,
          "_testId": "urn:uuid:ed5ae0b9-e779-4829-aade-6d22ab45175b",
          "_events": {},
          "_eventsCount": 1,
          "cell": {
            "columnId": "tbd",
            "rowId": "3 Implementers MUST provide support for JSON Schema specifications where, in the following table, the required column's value is yes"
          },
          "timer": {
            "_idleTimeout": -1,
            "_idlePrev": null,
            "_idleNext": null,
            "_idleStart": 5623,
            "_onTimeout": null,
            "_repeat": null,
            "_destroyed": true
          },
          "duration": 0,
          "state": "pending"
        },
        {
          "type": "test",
          "title": "3.1.1 The $id MUST be present and its value MUST represent a valid URI-reference",
          "body": "async function() {\n          await generateTestResults(i.name, schemaVersionName, jsonSchemaType, this.test.title);\n          this.test.cell = {columnId: i.name, rowId: this.test.title};\n          const result = await checkTestResults(i.name, schemaVersionName, jsonSchemaType, this.test.title);\n          should.equal(result, TestResult.success);\n        }",
          "async": 0,
          "sync": true,
          "_timeout": 150000,
          "_slow": 75,
          "_retries": -1,
          "timedOut": false,
          "_currentRetry": 0,
          "pending": false,
          "file": "/home/runner/work/vc-json-schema-test-suite/vc-json-schema-test-suite/tests/jsonschemacredential.js",
          "parent": "nFI24RurGe-_Uw2KzuHDT",
          "ctx": null,
          "_testId": "urn:uuid:72ac8075-9e4a-4938-81a2-ebd63ddf7356",
          "_events": {},
          "_eventsCount": 1,
          "timer": {
            "_idleTimeout": -1,
            "_idlePrev": null,
            "_idleNext": null,
            "_idleStart": 5660,
            "_onTimeout": null,
            "_repeat": null,
            "_destroyed": true
          },
          "cell": {
            "columnId": "tbd",
            "rowId": "3.1.1 The $id MUST be present and its value MUST represent a valid URI-reference"
          },
          "duration": 259,
          "state": "failed",
          "err": {
            "name": "AssertionError",
            "message": "expected 'error' to equal 'success'",
            "showDiff": true,
            "actual": "error",
            "expected": "success",
            "operator": "strictEqual",
            "stack": "AssertionError: expected 'error' to equal 'success'\n    at should.equal (node_modules/chai/lib/chai/interface/should.js:98:35)\n    at Context.<anonymous> (file:///home/runner/work/vc-json-schema-test-suite/vc-json-schema-test-suite/tests/jsonschemacredential.js:68:18)"
          }
        },
        {
          "type": "test",
          "title": "3.1.2, 4 The $schema property MUST be present in each schema",
          "body": "async function() {\n          await generateTestResults(i.name, schemaVersionName, jsonSchemaType, this.test.title);\n          this.test.cell = {columnId: i.name, rowId: this.test.title};\n          const result = await checkTestResults(i.name, schemaVersionName, jsonSchemaType, this.test.title);\n          should.equal(result, TestResult.success);\n        }",
          "async": 0,
          "sync": true,
          "_timeout": 150000,
          "_slow": 75,
          "_retries": -1,
          "timedOut": false,
          "_currentRetry": 0,
          "pending": false,
          "file": "/home/runner/work/vc-json-schema-test-suite/vc-json-schema-test-suite/tests/jsonschemacredential.js",
          "parent": "nFI24RurGe-_Uw2KzuHDT",
          "ctx": null,
          "_testId": "urn:uuid:ea18ae72-bf0b-48c3-ad61-38a0eeb42cc7",
          "_events": {},
          "_eventsCount": 1,
          "timer": {
            "_idleTimeout": -1,
            "_idlePrev": null,
            "_idleNext": null,
            "_idleStart": 5919,
            "_onTimeout": null,
            "_repeat": null,
            "_destroyed": true
          },
          "cell": {
            "columnId": "tbd",
            "rowId": "3.1.2, 4 The $schema property MUST be present in each schema"
          },
          "duration": 221,
          "state": "failed",
          "err": {
            "name": "AssertionError",
            "message": "expected 'error' to equal 'success'",
            "showDiff": true,
            "actual": "error",
            "expected": "success",
            "operator": "strictEqual",
            "stack": "AssertionError: expected 'error' to equal 'success'\n    at should.equal (node_modules/chai/lib/chai/interface/should.js:98:35)\n    at Context.<anonymous> (file:///home/runner/work/vc-json-schema-test-suite/vc-json-schema-test-suite/tests/jsonschemacredential.js:76:18)"
          }
        },
        {
          "type": "test",
          "title": "4.2 (Success) Validation MUST result in one of the following three possible outcomes: success, failure, or indeterminate.",
          "body": "async function() {\n          await generateTestResults(i.name, schemaVersionName, jsonSchemaType, this.test.title);\n          this.test.cell = {columnId: i.name, rowId: this.test.title};\n          const result = await checkTestResults(i.name, schemaVersionName, jsonSchemaType, this.test.title);\n          should.equal(result, TestResult.success);\n        }",
          "async": 0,
          "sync": true,
          "_timeout": 150000,
          "_slow": 75,
          "_retries": -1,
          "timedOut": false,
          "_currentRetry": 0,
          "pending": false,
          "file": "/home/runner/work/vc-json-schema-test-suite/vc-json-schema-test-suite/tests/jsonschemacredential.js",
          "parent": "nFI24RurGe-_Uw2KzuHDT",
          "ctx": null,
          "_testId": "urn:uuid:6d8beb13-ed4c-43c3-8d36-271952983854",
          "_events": {},
          "_eventsCount": 1,
          "timer": {
            "_idleTimeout": -1,
            "_idlePrev": null,
            "_idleNext": null,
            "_idleStart": 6141,
            "_onTimeout": null,
            "_repeat": null,
            "_destroyed": true
          },
          "cell": {
            "columnId": "tbd",
            "rowId": "4.2 (Success) Validation MUST result in one of the following three possible outcomes: success, failure, or indeterminate."
          },
          "duration": 186,
          "state": "failed",
          "err": {
            "name": "AssertionError",
            "message": "expected 'error' to equal 'success'",
            "showDiff": true,
            "actual": "error",
            "expected": "success",
            "operator": "strictEqual",
            "stack": "AssertionError: expected 'error' to equal 'success'\n    at should.equal (node_modules/chai/lib/chai/interface/should.js:98:35)\n    at Context.<anonymous> (file:///home/runner/work/vc-json-schema-test-suite/vc-json-schema-test-suite/tests/jsonschemacredential.js:83:18)"
          }
        },
        {
          "type": "test",
          "title": "4.2 (Failure) Validation MUST result in one of the following three possible outcomes: success, failure, or indeterminate.",
          "body": "async function() {\n          await generateTestResults(i.name, schemaVersionName, jsonSchemaType, this.test.title);\n          this.test.cell = {columnId: i.name, rowId: this.test.title};\n          const result = await checkTestResults(i.name, schemaVersionName, jsonSchemaType, this.test.title);\n          should.equal(result, TestResult.success);\n        }",
          "async": 0,
          "sync": true,
          "_timeout": 150000,
          "_slow": 75,
          "_retries": -1,
          "timedOut": false,
          "_currentRetry": 0,
          "pending": false,
          "file": "/home/runner/work/vc-json-schema-test-suite/vc-json-schema-test-suite/tests/jsonschemacredential.js",
          "parent": "nFI24RurGe-_Uw2KzuHDT",
          "ctx": null,
          "_testId": "urn:uuid:7fb676c1-5bef-4ab7-a760-a0c0b01e5945",
          "_events": {},
          "_eventsCount": 1,
          "timer": {
            "_idleTimeout": -1,
            "_idlePrev": null,
            "_idleNext": null,
            "_idleStart": 6328,
            "_onTimeout": null,
            "_repeat": null,
            "_destroyed": true
          },
          "cell": {
            "columnId": "tbd",
            "rowId": "4.2 (Failure) Validation MUST result in one of the following three possible outcomes: success, failure, or indeterminate."
          },
          "duration": 186,
          "state": "failed",
          "err": {
            "name": "AssertionError",
            "message": "expected 'error' to equal 'success'",
            "showDiff": true,
            "actual": "error",
            "expected": "success",
            "operator": "strictEqual",
            "stack": "AssertionError: expected 'error' to equal 'success'\n    at should.equal (node_modules/chai/lib/chai/interface/should.js:98:35)\n    at Context.<anonymous> (file:///home/runner/work/vc-json-schema-test-suite/vc-json-schema-test-suite/tests/jsonschemacredential.js:90:18)"
          }
        },
        {
          "type": "test",
          "title": "4.2 (Indeterminate) Validation MUST result in one of the following three possible outcomes: success, failure, or indeterminate.",
          "body": "async function() {\n          await generateTestResults(i.name, schemaVersionName, jsonSchemaType, this.test.title);\n          this.test.cell = {columnId: i.name, rowId: this.test.title};\n          const result = await checkTestResults(i.name, schemaVersionName, jsonSchemaType, this.test.title);\n          should.equal(result, TestResult.success);\n        }",
          "async": 0,
          "sync": true,
          "_timeout": 150000,
          "_slow": 75,
          "_retries": -1,
          "timedOut": false,
          "_currentRetry": 0,
          "pending": false,
          "file": "/home/runner/work/vc-json-schema-test-suite/vc-json-schema-test-suite/tests/jsonschemacredential.js",
          "parent": "nFI24RurGe-_Uw2KzuHDT",
          "ctx": null,
          "_testId": "urn:uuid:eda1d91e-7bfb-467f-956f-676603ad401a",
          "_events": {},
          "_eventsCount": 1,
          "timer": {
            "_idleTimeout": -1,
            "_idlePrev": null,
            "_idleNext": null,
            "_idleStart": 6514,
            "_onTimeout": null,
            "_repeat": null,
            "_destroyed": true
          },
          "cell": {
            "columnId": "tbd",
            "rowId": "4.2 (Indeterminate) Validation MUST result in one of the following three possible outcomes: success, failure, or indeterminate."
          },
          "duration": 187,
          "state": "failed",
          "err": {
            "name": "AssertionError",
            "message": "expected 'error' to equal 'success'",
            "showDiff": true,
            "actual": "error",
            "expected": "success",
            "operator": "strictEqual",
            "stack": "AssertionError: expected 'error' to equal 'success'\n    at should.equal (node_modules/chai/lib/chai/interface/should.js:98:35)\n    at Context.<anonymous> (file:///home/runner/work/vc-json-schema-test-suite/vc-json-schema-test-suite/tests/jsonschemacredential.js:97:18)"
          }
        }
      ],
      "root": false,
      "pending": false,
      "_retries": -1,
      "_beforeEach": [],
      "_beforeAll": [],
      "_afterEach": [],
      "_afterAll": [],
      "_timeout": 150000,
      "_slow": 75,
      "_bail": false,
      "_onlyTests": [],
      "_onlySuites": [],
      "delayed": false,
      "parent": "QbPzaVTZlxPjx9zTaSSJu",
      "file": "/home/runner/work/vc-json-schema-test-suite/vc-json-schema-test-suite/tests/jsonschemacredential.js",
      "matrix": true,
      "report": true,
      "implemented": [
        "tbd"
      ],
      "rowLabel": "Test Name",
      "columnLabel": "Implementation",
      "_testId": "urn:uuid:65b389da-4640-459a-8398-0f9a6c28fe3d"
    },
    {
      "title": "JsonSchemaCredential – JSON Schema 2020-12",
      "ctx": null,
      "suites": [
        {
          "title": "tbd",
          "ctx": null,
          "suites": [],
          "tests": [
            {
              "type": "test",
              "title": "2.1 ID - The value MUST be a URL that identifies the schema associated with the verifiable credential.",
              "body": "async function() {\n          await generateTestResults(i.name, schemaVersionName, jsonSchemaType, this.test.title);\n          this.test.cell = {columnId: i.name, rowId: this.test.title};\n          const result = await checkTestResults(i.name, schemaVersionName, jsonSchemaType, this.test.title);\n          should.equal(result, TestResult.success);\n        }",
              "async": 0,
              "sync": true,
              "_timeout": 150000,
              "_slow": 75,
              "_retries": -1,
              "timedOut": false,
              "_currentRetry": 0,
              "pending": false,
              "file": "/home/runner/work/vc-json-schema-test-suite/vc-json-schema-test-suite/tests/jsonschemacredential.js",
              "parent": "QbcbCjjAz81k0tyJylx1l",
              "ctx": null,
              "_testId": "urn:uuid:fe3f17f0-3dce-4f3a-8233-11c1166aab12",
              "_events": {},
              "_eventsCount": 1,
              "timer": {
                "_idleTimeout": -1,
                "_idlePrev": null,
                "_idleNext": null,
                "_idleStart": 6701,
                "_onTimeout": null,
                "_repeat": null,
                "_destroyed": true
              },
              "cell": {
                "columnId": "tbd",
                "rowId": "2.1 ID - The value MUST be a URL that identifies the schema associated with the verifiable credential."
              },
              "duration": 221,
              "state": "failed",
              "err": {
                "name": "AssertionError",
                "message": "expected 'error' to equal 'success'",
                "showDiff": true,
                "actual": "error",
                "expected": "success",
                "operator": "strictEqual",
                "stack": "AssertionError: expected 'error' to equal 'success'\n    at should.equal (node_modules/chai/lib/chai/interface/should.js:98:35)\n    at Context.<anonymous> (file:///home/runner/work/vc-json-schema-test-suite/vc-json-schema-test-suite/tests/jsonschemacredential.js:31:18)"
              }
            },
            {
              "type": "test",
              "title": "2.1 The type property MUST be JsonSchemaCredential.",
              "body": "async function() {\n          await generateTestResults(i.name, schemaVersionName, jsonSchemaType, this.test.title);\n          this.test.cell = {columnId: i.name, rowId: this.test.title};\n          const result = await checkTestResults(i.name, schemaVersionName, jsonSchemaType, this.test.title);\n          should.equal(result, TestResult.success);\n        }",
              "async": 0,
              "sync": true,
              "_timeout": 150000,
              "_slow": 75,
              "_retries": -1,
              "timedOut": false,
              "_currentRetry": 0,
              "pending": false,
              "file": "/home/runner/work/vc-json-schema-test-suite/vc-json-schema-test-suite/tests/jsonschemacredential.js",
              "parent": "QbcbCjjAz81k0tyJylx1l",
              "ctx": null,
              "_testId": "urn:uuid:9d15fef5-643c-4c65-bea4-4af3a0b95a5a",
              "_events": {},
              "_eventsCount": 1,
              "timer": {
                "_idleTimeout": -1,
                "_idlePrev": null,
                "_idleNext": null,
                "_idleStart": 6922,
                "_onTimeout": null,
                "_repeat": null,
                "_destroyed": true
              },
              "cell": {
                "columnId": "tbd",
                "rowId": "2.1 The type property MUST be JsonSchemaCredential."
              },
              "duration": 222,
              "state": "failed",
              "err": {
                "name": "AssertionError",
                "message": "expected 'error' to equal 'success'",
                "showDiff": true,
                "actual": "error",
                "expected": "success",
                "operator": "strictEqual",
                "stack": "AssertionError: expected 'error' to equal 'success'\n    at should.equal (node_modules/chai/lib/chai/interface/should.js:98:35)\n    at Context.<anonymous> (file:///home/runner/work/vc-json-schema-test-suite/vc-json-schema-test-suite/tests/jsonschemacredential.js:38:18)"
              }
            },
            {
              "type": "test",
              "title": "2.2 The credentialSubject property MUST contain two properties: type - the value of which MUST be JsonSchema; jsonSchema - an object which contains a valid JSON Schema",
              "body": "async function() {\n          await generateTestResults(i.name, schemaVersionName, jsonSchemaType, this.test.title);\n          this.test.cell = {columnId: i.name, rowId: this.test.title};\n          const result = await checkTestResults(i.name, schemaVersionName, jsonSchemaType, this.test.title);\n          should.equal(result, TestResult.success);\n        }",
              "async": 0,
              "sync": true,
              "_timeout": 150000,
              "_slow": 75,
              "_retries": -1,
              "timedOut": false,
              "_currentRetry": 0,
              "pending": false,
              "file": "/home/runner/work/vc-json-schema-test-suite/vc-json-schema-test-suite/tests/jsonschemacredential.js",
              "parent": "QbcbCjjAz81k0tyJylx1l",
              "ctx": null,
              "_testId": "urn:uuid:c573515b-483a-4867-9485-4253693bd369",
              "_events": {},
              "_eventsCount": 1,
              "timer": {
                "_idleTimeout": -1,
                "_idlePrev": null,
                "_idleNext": null,
                "_idleStart": 7144,
                "_onTimeout": null,
                "_repeat": null,
                "_destroyed": true
              },
              "cell": {
                "columnId": "tbd",
                "rowId": "2.2 The credentialSubject property MUST contain two properties: type - the value of which MUST be JsonSchema; jsonSchema - an object which contains a valid JSON Schema"
              },
              "duration": 292,
              "state": "failed",
              "err": {
                "name": "AssertionError",
                "message": "expected 'error' to equal 'success'",
                "showDiff": true,
                "actual": "error",
                "expected": "success",
                "operator": "strictEqual",
                "stack": "AssertionError: expected 'error' to equal 'success'\n    at should.equal (node_modules/chai/lib/chai/interface/should.js:98:35)\n    at Context.<anonymous> (file:///home/runner/work/vc-json-schema-test-suite/vc-json-schema-test-suite/tests/jsonschemacredential.js:45:18)"
              }
            },
            {
              "type": "test",
              "title": "2.2 The value of the credentialSchema property MUST always be set to [known json schema]",
              "body": "async function() {\n          await generateTestResults(i.name, schemaVersionName, jsonSchemaType, this.test.title);\n          this.test.cell = {columnId: i.name, rowId: this.test.title};\n          const result = await checkTestResults(i.name, schemaVersionName, jsonSchemaType, this.test.title);\n          should.equal(result, TestResult.success);\n        }",
              "async": 0,
              "sync": true,
              "_timeout": 150000,
              "_slow": 75,
              "_retries": -1,
              "timedOut": false,
              "_currentRetry": 0,
              "pending": false,
              "file": "/home/runner/work/vc-json-schema-test-suite/vc-json-schema-test-suite/tests/jsonschemacredential.js",
              "parent": "QbcbCjjAz81k0tyJylx1l",
              "ctx": null,
              "_testId": "urn:uuid:71979604-4e75-4238-b64f-5cd550400cdd",
              "_events": {},
              "_eventsCount": 1,
              "timer": {
                "_idleTimeout": -1,
                "_idlePrev": null,
                "_idleNext": null,
                "_idleStart": 7436,
                "_onTimeout": null,
                "_repeat": null,
                "_destroyed": true
              },
              "cell": {
                "columnId": "tbd",
                "rowId": "2.2 The value of the credentialSchema property MUST always be set to [known json schema]"
              },
              "duration": 220,
              "state": "failed",
              "err": {
                "name": "AssertionError",
                "message": "expected 'error' to equal 'success'",
                "showDiff": true,
                "actual": "error",
                "expected": "success",
                "operator": "strictEqual",
                "stack": "AssertionError: expected 'error' to equal 'success'\n    at should.equal (node_modules/chai/lib/chai/interface/should.js:98:35)\n    at Context.<anonymous> (file:///home/runner/work/vc-json-schema-test-suite/vc-json-schema-test-suite/tests/jsonschemacredential.js:52:18)"
              }
            },
            {
              "type": "test",
              "title": "3 Implementers MUST provide support for JSON Schema specifications where, in the following table, the required column's value is yes",
              "body": "async function() {\n          this.test.cell = {columnId: i.name, rowId: this.test.title};\n          if (schemaVersionName === JsonSchemaVersions['202012']) {\n            should.equal(true, true);\n          } else {\n            this.skip();\n          }\n        }",
              "async": 0,
              "sync": true,
              "_timeout": 150000,
              "_slow": 75,
              "_retries": -1,
              "timedOut": false,
              "_currentRetry": 0,
              "pending": false,
              "file": "/home/runner/work/vc-json-schema-test-suite/vc-json-schema-test-suite/tests/jsonschemacredential.js",
              "parent": "QbcbCjjAz81k0tyJylx1l",
              "ctx": null,
              "_testId": "urn:uuid:c9ce6d3f-67e2-49a1-8edc-d394385deb35",
              "_events": {},
              "_eventsCount": 1,
              "cell": {
                "columnId": "tbd",
                "rowId": "3 Implementers MUST provide support for JSON Schema specifications where, in the following table, the required column's value is yes"
              },
              "timer": {
                "_idleTimeout": -1,
                "_idlePrev": null,
                "_idleNext": null,
                "_idleStart": 7622,
                "_onTimeout": null,
                "_repeat": null,
                "_destroyed": true
              },
              "duration": 0,
              "state": "passed",
              "speed": "fast"
            },
            {
              "type": "test",
              "title": "3.1.1 The $id MUST be present and its value MUST represent a valid URI-reference",
              "body": "async function() {\n          await generateTestResults(i.name, schemaVersionName, jsonSchemaType, this.test.title);\n          this.test.cell = {columnId: i.name, rowId: this.test.title};\n          const result = await checkTestResults(i.name, schemaVersionName, jsonSchemaType, this.test.title);\n          should.equal(result, TestResult.success);\n        }",
              "async": 0,
              "sync": true,
              "_timeout": 150000,
              "_slow": 75,
              "_retries": -1,
              "timedOut": false,
              "_currentRetry": 0,
              "pending": false,
              "file": "/home/runner/work/vc-json-schema-test-suite/vc-json-schema-test-suite/tests/jsonschemacredential.js",
              "parent": "QbcbCjjAz81k0tyJylx1l",
              "ctx": null,
              "_testId": "urn:uuid:a4bdd80f-0203-4117-a8ee-cc9f0fc4ff71",
              "_events": {},
              "_eventsCount": 1,
              "timer": {
                "_idleTimeout": -1,
                "_idlePrev": null,
                "_idleNext": null,
                "_idleStart": 7659,
                "_onTimeout": null,
                "_repeat": null,
                "_destroyed": true
              },
              "cell": {
                "columnId": "tbd",
                "rowId": "3.1.1 The $id MUST be present and its value MUST represent a valid URI-reference"
              },
              "duration": 257,
              "state": "failed",
              "err": {
                "name": "AssertionError",
                "message": "expected 'error' to equal 'success'",
                "showDiff": true,
                "actual": "error",
                "expected": "success",
                "operator": "strictEqual",
                "stack": "AssertionError: expected 'error' to equal 'success'\n    at should.equal (node_modules/chai/lib/chai/interface/should.js:98:35)\n    at Context.<anonymous> (file:///home/runner/work/vc-json-schema-test-suite/vc-json-schema-test-suite/tests/jsonschemacredential.js:68:18)"
              }
            },
            {
              "type": "test",
              "title": "3.1.2, 4 The $schema property MUST be present in each schema",
              "body": "async function() {\n          await generateTestResults(i.name, schemaVersionName, jsonSchemaType, this.test.title);\n          this.test.cell = {columnId: i.name, rowId: this.test.title};\n          const result = await checkTestResults(i.name, schemaVersionName, jsonSchemaType, this.test.title);\n          should.equal(result, TestResult.success);\n        }",
              "async": 0,
              "sync": true,
              "_timeout": 150000,
              "_slow": 75,
              "_retries": -1,
              "timedOut": false,
              "_currentRetry": 0,
              "pending": false,
              "file": "/home/runner/work/vc-json-schema-test-suite/vc-json-schema-test-suite/tests/jsonschemacredential.js",
              "parent": "QbcbCjjAz81k0tyJylx1l",
              "ctx": null,
              "_testId": "urn:uuid:32bd6035-e65f-4cdc-86f1-64ab7d9444bb",
              "_events": {},
              "_eventsCount": 1,
              "timer": {
                "_idleTimeout": -1,
                "_idlePrev": null,
                "_idleNext": null,
                "_idleStart": 7915,
                "_onTimeout": null,
                "_repeat": null,
                "_destroyed": true
              },
              "cell": {
                "columnId": "tbd",
                "rowId": "3.1.2, 4 The $schema property MUST be present in each schema"
              },
              "duration": 221,
              "state": "failed",
              "err": {
                "name": "AssertionError",
                "message": "expected 'error' to equal 'success'",
                "showDiff": true,
                "actual": "error",
                "expected": "success",
                "operator": "strictEqual",
                "stack": "AssertionError: expected 'error' to equal 'success'\n    at should.equal (node_modules/chai/lib/chai/interface/should.js:98:35)\n    at Context.<anonymous> (file:///home/runner/work/vc-json-schema-test-suite/vc-json-schema-test-suite/tests/jsonschemacredential.js:76:18)"
              }
            },
            {
              "type": "test",
              "title": "4.2 (Success) Validation MUST result in one of the following three possible outcomes: success, failure, or indeterminate.",
              "body": "async function() {\n          await generateTestResults(i.name, schemaVersionName, jsonSchemaType, this.test.title);\n          this.test.cell = {columnId: i.name, rowId: this.test.title};\n          const result = await checkTestResults(i.name, schemaVersionName, jsonSchemaType, this.test.title);\n          should.equal(result, TestResult.success);\n        }",
              "async": 0,
              "sync": true,
              "_timeout": 150000,
              "_slow": 75,
              "_retries": -1,
              "timedOut": false,
              "_currentRetry": 0,
              "pending": false,
              "file": "/home/runner/work/vc-json-schema-test-suite/vc-json-schema-test-suite/tests/jsonschemacredential.js",
              "parent": "QbcbCjjAz81k0tyJylx1l",
              "ctx": null,
              "_testId": "urn:uuid:78fc10ed-2c6f-4c49-8909-9ffb3d07a764",
              "_events": {},
              "_eventsCount": 1,
              "timer": {
                "_idleTimeout": -1,
                "_idlePrev": null,
                "_idleNext": null,
                "_idleStart": 8139,
                "_onTimeout": null,
                "_repeat": null,
                "_destroyed": true
              },
              "cell": {
                "columnId": "tbd",
                "rowId": "4.2 (Success) Validation MUST result in one of the following three possible outcomes: success, failure, or indeterminate."
              },
              "duration": 189,
              "state": "failed",
              "err": {
                "name": "AssertionError",
                "message": "expected 'error' to equal 'success'",
                "showDiff": true,
                "actual": "error",
                "expected": "success",
                "operator": "strictEqual",
                "stack": "AssertionError: expected 'error' to equal 'success'\n    at should.equal (node_modules/chai/lib/chai/interface/should.js:98:35)\n    at Context.<anonymous> (file:///home/runner/work/vc-json-schema-test-suite/vc-json-schema-test-suite/tests/jsonschemacredential.js:83:18)"
              }
            },
            {
              "type": "test",
              "title": "4.2 (Failure) Validation MUST result in one of the following three possible outcomes: success, failure, or indeterminate.",
              "body": "async function() {\n          await generateTestResults(i.name, schemaVersionName, jsonSchemaType, this.test.title);\n          this.test.cell = {columnId: i.name, rowId: this.test.title};\n          const result = await checkTestResults(i.name, schemaVersionName, jsonSchemaType, this.test.title);\n          should.equal(result, TestResult.success);\n        }",
              "async": 0,
              "sync": true,
              "_timeout": 150000,
              "_slow": 75,
              "_retries": -1,
              "timedOut": false,
              "_currentRetry": 0,
              "pending": false,
              "file": "/home/runner/work/vc-json-schema-test-suite/vc-json-schema-test-suite/tests/jsonschemacredential.js",
              "parent": "QbcbCjjAz81k0tyJylx1l",
              "ctx": null,
              "_testId": "urn:uuid:436c56bb-0396-4882-9ffe-6ec310ede44f",
              "_events": {},
              "_eventsCount": 1,
              "timer": {
                "_idleTimeout": -1,
                "_idlePrev": null,
                "_idleNext": null,
                "_idleStart": 8325,
                "_onTimeout": null,
                "_repeat": null,
                "_destroyed": true
              },
              "cell": {
                "columnId": "tbd",
                "rowId": "4.2 (Failure) Validation MUST result in one of the following three possible outcomes: success, failure, or indeterminate."
              },
              "duration": 186,
              "state": "failed",
              "err": {
                "name": "AssertionError",
                "message": "expected 'error' to equal 'success'",
                "showDiff": true,
                "actual": "error",
                "expected": "success",
                "operator": "strictEqual",
                "stack": "AssertionError: expected 'error' to equal 'success'\n    at should.equal (node_modules/chai/lib/chai/interface/should.js:98:35)\n    at Context.<anonymous> (file:///home/runner/work/vc-json-schema-test-suite/vc-json-schema-test-suite/tests/jsonschemacredential.js:90:18)"
              }
            },
            {
              "type": "test",
              "title": "4.2 (Indeterminate) Validation MUST result in one of the following three possible outcomes: success, failure, or indeterminate.",
              "body": "async function() {\n          await generateTestResults(i.name, schemaVersionName, jsonSchemaType, this.test.title);\n          this.test.cell = {columnId: i.name, rowId: this.test.title};\n          const result = await checkTestResults(i.name, schemaVersionName, jsonSchemaType, this.test.title);\n          should.equal(result, TestResult.success);\n        }",
              "async": 0,
              "sync": true,
              "_timeout": 150000,
              "_slow": 75,
              "_retries": -1,
              "timedOut": false,
              "_currentRetry": 0,
              "pending": false,
              "file": "/home/runner/work/vc-json-schema-test-suite/vc-json-schema-test-suite/tests/jsonschemacredential.js",
              "parent": "QbcbCjjAz81k0tyJylx1l",
              "ctx": null,
              "_testId": "urn:uuid:345f388e-8388-481e-a538-a638ddb280a2",
              "_events": {},
              "_eventsCount": 1,
              "timer": {
                "_idleTimeout": -1,
                "_idlePrev": null,
                "_idleNext": null,
                "_idleStart": 8512,
                "_onTimeout": null,
                "_repeat": null,
                "_destroyed": true
              },
              "cell": {
                "columnId": "tbd",
                "rowId": "4.2 (Indeterminate) Validation MUST result in one of the following three possible outcomes: success, failure, or indeterminate."
              },
              "duration": 186,
              "state": "failed",
              "err": {
                "name": "AssertionError",
                "message": "expected 'error' to equal 'success'",
                "showDiff": true,
                "actual": "error",
                "expected": "success",
                "operator": "strictEqual",
                "stack": "AssertionError: expected 'error' to equal 'success'\n    at should.equal (node_modules/chai/lib/chai/interface/should.js:98:35)\n    at Context.<anonymous> (file:///home/runner/work/vc-json-schema-test-suite/vc-json-schema-test-suite/tests/jsonschemacredential.js:97:18)"
              }
            }
          ],
          "root": false,
          "pending": false,
          "_retries": -1,
          "_beforeEach": [],
          "_beforeAll": [],
          "_afterEach": [],
          "_afterAll": [],
          "_timeout": 150000,
          "_slow": 75,
          "_bail": false,
          "_onlyTests": [],
          "_onlySuites": [],
          "delayed": false,
          "parent": "ua3CC3kfTcVDGcZ18KGjc",
          "file": "/home/runner/work/vc-json-schema-test-suite/vc-json-schema-test-suite/tests/jsonschemacredential.js",
          "_testId": "urn:uuid:c190502e-b5a7-43a2-9fe4-c1bab18369d7"
        }
      ],
      "tests": [
        {
          "type": "test",
          "title": "2.1 ID - The value MUST be a URL that identifies the schema associated with the verifiable credential.",
          "body": "async function() {\n          await generateTestResults(i.name, schemaVersionName, jsonSchemaType, this.test.title);\n          this.test.cell = {columnId: i.name, rowId: this.test.title};\n          const result = await checkTestResults(i.name, schemaVersionName, jsonSchemaType, this.test.title);\n          should.equal(result, TestResult.success);\n        }",
          "async": 0,
          "sync": true,
          "_timeout": 150000,
          "_slow": 75,
          "_retries": -1,
          "timedOut": false,
          "_currentRetry": 0,
          "pending": false,
          "file": "/home/runner/work/vc-json-schema-test-suite/vc-json-schema-test-suite/tests/jsonschemacredential.js",
          "parent": "QbcbCjjAz81k0tyJylx1l",
          "ctx": null,
          "_testId": "urn:uuid:fe3f17f0-3dce-4f3a-8233-11c1166aab12",
          "_events": {},
          "_eventsCount": 1,
          "timer": {
            "_idleTimeout": -1,
            "_idlePrev": null,
            "_idleNext": null,
            "_idleStart": 6701,
            "_onTimeout": null,
            "_repeat": null,
            "_destroyed": true
          },
          "cell": {
            "columnId": "tbd",
            "rowId": "2.1 ID - The value MUST be a URL that identifies the schema associated with the verifiable credential."
          },
          "duration": 221,
          "state": "failed",
          "err": {
            "name": "AssertionError",
            "message": "expected 'error' to equal 'success'",
            "showDiff": true,
            "actual": "error",
            "expected": "success",
            "operator": "strictEqual",
            "stack": "AssertionError: expected 'error' to equal 'success'\n    at should.equal (node_modules/chai/lib/chai/interface/should.js:98:35)\n    at Context.<anonymous> (file:///home/runner/work/vc-json-schema-test-suite/vc-json-schema-test-suite/tests/jsonschemacredential.js:31:18)"
          }
        },
        {
          "type": "test",
          "title": "2.1 The type property MUST be JsonSchemaCredential.",
          "body": "async function() {\n          await generateTestResults(i.name, schemaVersionName, jsonSchemaType, this.test.title);\n          this.test.cell = {columnId: i.name, rowId: this.test.title};\n          const result = await checkTestResults(i.name, schemaVersionName, jsonSchemaType, this.test.title);\n          should.equal(result, TestResult.success);\n        }",
          "async": 0,
          "sync": true,
          "_timeout": 150000,
          "_slow": 75,
          "_retries": -1,
          "timedOut": false,
          "_currentRetry": 0,
          "pending": false,
          "file": "/home/runner/work/vc-json-schema-test-suite/vc-json-schema-test-suite/tests/jsonschemacredential.js",
          "parent": "QbcbCjjAz81k0tyJylx1l",
          "ctx": null,
          "_testId": "urn:uuid:9d15fef5-643c-4c65-bea4-4af3a0b95a5a",
          "_events": {},
          "_eventsCount": 1,
          "timer": {
            "_idleTimeout": -1,
            "_idlePrev": null,
            "_idleNext": null,
            "_idleStart": 6922,
            "_onTimeout": null,
            "_repeat": null,
            "_destroyed": true
          },
          "cell": {
            "columnId": "tbd",
            "rowId": "2.1 The type property MUST be JsonSchemaCredential."
          },
          "duration": 222,
          "state": "failed",
          "err": {
            "name": "AssertionError",
            "message": "expected 'error' to equal 'success'",
            "showDiff": true,
            "actual": "error",
            "expected": "success",
            "operator": "strictEqual",
            "stack": "AssertionError: expected 'error' to equal 'success'\n    at should.equal (node_modules/chai/lib/chai/interface/should.js:98:35)\n    at Context.<anonymous> (file:///home/runner/work/vc-json-schema-test-suite/vc-json-schema-test-suite/tests/jsonschemacredential.js:38:18)"
          }
        },
        {
          "type": "test",
          "title": "2.2 The credentialSubject property MUST contain two properties: type - the value of which MUST be JsonSchema; jsonSchema - an object which contains a valid JSON Schema",
          "body": "async function() {\n          await generateTestResults(i.name, schemaVersionName, jsonSchemaType, this.test.title);\n          this.test.cell = {columnId: i.name, rowId: this.test.title};\n          const result = await checkTestResults(i.name, schemaVersionName, jsonSchemaType, this.test.title);\n          should.equal(result, TestResult.success);\n        }",
          "async": 0,
          "sync": true,
          "_timeout": 150000,
          "_slow": 75,
          "_retries": -1,
          "timedOut": false,
          "_currentRetry": 0,
          "pending": false,
          "file": "/home/runner/work/vc-json-schema-test-suite/vc-json-schema-test-suite/tests/jsonschemacredential.js",
          "parent": "QbcbCjjAz81k0tyJylx1l",
          "ctx": null,
          "_testId": "urn:uuid:c573515b-483a-4867-9485-4253693bd369",
          "_events": {},
          "_eventsCount": 1,
          "timer": {
            "_idleTimeout": -1,
            "_idlePrev": null,
            "_idleNext": null,
            "_idleStart": 7144,
            "_onTimeout": null,
            "_repeat": null,
            "_destroyed": true
          },
          "cell": {
            "columnId": "tbd",
            "rowId": "2.2 The credentialSubject property MUST contain two properties: type - the value of which MUST be JsonSchema; jsonSchema - an object which contains a valid JSON Schema"
          },
          "duration": 292,
          "state": "failed",
          "err": {
            "name": "AssertionError",
            "message": "expected 'error' to equal 'success'",
            "showDiff": true,
            "actual": "error",
            "expected": "success",
            "operator": "strictEqual",
            "stack": "AssertionError: expected 'error' to equal 'success'\n    at should.equal (node_modules/chai/lib/chai/interface/should.js:98:35)\n    at Context.<anonymous> (file:///home/runner/work/vc-json-schema-test-suite/vc-json-schema-test-suite/tests/jsonschemacredential.js:45:18)"
          }
        },
        {
          "type": "test",
          "title": "2.2 The value of the credentialSchema property MUST always be set to [known json schema]",
          "body": "async function() {\n          await generateTestResults(i.name, schemaVersionName, jsonSchemaType, this.test.title);\n          this.test.cell = {columnId: i.name, rowId: this.test.title};\n          const result = await checkTestResults(i.name, schemaVersionName, jsonSchemaType, this.test.title);\n          should.equal(result, TestResult.success);\n        }",
          "async": 0,
          "sync": true,
          "_timeout": 150000,
          "_slow": 75,
          "_retries": -1,
          "timedOut": false,
          "_currentRetry": 0,
          "pending": false,
          "file": "/home/runner/work/vc-json-schema-test-suite/vc-json-schema-test-suite/tests/jsonschemacredential.js",
          "parent": "QbcbCjjAz81k0tyJylx1l",
          "ctx": null,
          "_testId": "urn:uuid:71979604-4e75-4238-b64f-5cd550400cdd",
          "_events": {},
          "_eventsCount": 1,
          "timer": {
            "_idleTimeout": -1,
            "_idlePrev": null,
            "_idleNext": null,
            "_idleStart": 7436,
            "_onTimeout": null,
            "_repeat": null,
            "_destroyed": true
          },
          "cell": {
            "columnId": "tbd",
            "rowId": "2.2 The value of the credentialSchema property MUST always be set to [known json schema]"
          },
          "duration": 220,
          "state": "failed",
          "err": {
            "name": "AssertionError",
            "message": "expected 'error' to equal 'success'",
            "showDiff": true,
            "actual": "error",
            "expected": "success",
            "operator": "strictEqual",
            "stack": "AssertionError: expected 'error' to equal 'success'\n    at should.equal (node_modules/chai/lib/chai/interface/should.js:98:35)\n    at Context.<anonymous> (file:///home/runner/work/vc-json-schema-test-suite/vc-json-schema-test-suite/tests/jsonschemacredential.js:52:18)"
          }
        },
        {
          "type": "test",
          "title": "3 Implementers MUST provide support for JSON Schema specifications where, in the following table, the required column's value is yes",
          "body": "async function() {\n          this.test.cell = {columnId: i.name, rowId: this.test.title};\n          if (schemaVersionName === JsonSchemaVersions['202012']) {\n            should.equal(true, true);\n          } else {\n            this.skip();\n          }\n        }",
          "async": 0,
          "sync": true,
          "_timeout": 150000,
          "_slow": 75,
          "_retries": -1,
          "timedOut": false,
          "_currentRetry": 0,
          "pending": false,
          "file": "/home/runner/work/vc-json-schema-test-suite/vc-json-schema-test-suite/tests/jsonschemacredential.js",
          "parent": "QbcbCjjAz81k0tyJylx1l",
          "ctx": null,
          "_testId": "urn:uuid:c9ce6d3f-67e2-49a1-8edc-d394385deb35",
          "_events": {},
          "_eventsCount": 1,
          "cell": {
            "columnId": "tbd",
            "rowId": "3 Implementers MUST provide support for JSON Schema specifications where, in the following table, the required column's value is yes"
          },
          "timer": {
            "_idleTimeout": -1,
            "_idlePrev": null,
            "_idleNext": null,
            "_idleStart": 7622,
            "_onTimeout": null,
            "_repeat": null,
            "_destroyed": true
          },
          "duration": 0,
          "state": "passed",
          "speed": "fast"
        },
        {
          "type": "test",
          "title": "3.1.1 The $id MUST be present and its value MUST represent a valid URI-reference",
          "body": "async function() {\n          await generateTestResults(i.name, schemaVersionName, jsonSchemaType, this.test.title);\n          this.test.cell = {columnId: i.name, rowId: this.test.title};\n          const result = await checkTestResults(i.name, schemaVersionName, jsonSchemaType, this.test.title);\n          should.equal(result, TestResult.success);\n        }",
          "async": 0,
          "sync": true,
          "_timeout": 150000,
          "_slow": 75,
          "_retries": -1,
          "timedOut": false,
          "_currentRetry": 0,
          "pending": false,
          "file": "/home/runner/work/vc-json-schema-test-suite/vc-json-schema-test-suite/tests/jsonschemacredential.js",
          "parent": "QbcbCjjAz81k0tyJylx1l",
          "ctx": null,
          "_testId": "urn:uuid:a4bdd80f-0203-4117-a8ee-cc9f0fc4ff71",
          "_events": {},
          "_eventsCount": 1,
          "timer": {
            "_idleTimeout": -1,
            "_idlePrev": null,
            "_idleNext": null,
            "_idleStart": 7659,
            "_onTimeout": null,
            "_repeat": null,
            "_destroyed": true
          },
          "cell": {
            "columnId": "tbd",
            "rowId": "3.1.1 The $id MUST be present and its value MUST represent a valid URI-reference"
          },
          "duration": 257,
          "state": "failed",
          "err": {
            "name": "AssertionError",
            "message": "expected 'error' to equal 'success'",
            "showDiff": true,
            "actual": "error",
            "expected": "success",
            "operator": "strictEqual",
            "stack": "AssertionError: expected 'error' to equal 'success'\n    at should.equal (node_modules/chai/lib/chai/interface/should.js:98:35)\n    at Context.<anonymous> (file:///home/runner/work/vc-json-schema-test-suite/vc-json-schema-test-suite/tests/jsonschemacredential.js:68:18)"
          }
        },
        {
          "type": "test",
          "title": "3.1.2, 4 The $schema property MUST be present in each schema",
          "body": "async function() {\n          await generateTestResults(i.name, schemaVersionName, jsonSchemaType, this.test.title);\n          this.test.cell = {columnId: i.name, rowId: this.test.title};\n          const result = await checkTestResults(i.name, schemaVersionName, jsonSchemaType, this.test.title);\n          should.equal(result, TestResult.success);\n        }",
          "async": 0,
          "sync": true,
          "_timeout": 150000,
          "_slow": 75,
          "_retries": -1,
          "timedOut": false,
          "_currentRetry": 0,
          "pending": false,
          "file": "/home/runner/work/vc-json-schema-test-suite/vc-json-schema-test-suite/tests/jsonschemacredential.js",
          "parent": "QbcbCjjAz81k0tyJylx1l",
          "ctx": null,
          "_testId": "urn:uuid:32bd6035-e65f-4cdc-86f1-64ab7d9444bb",
          "_events": {},
          "_eventsCount": 1,
          "timer": {
            "_idleTimeout": -1,
            "_idlePrev": null,
            "_idleNext": null,
            "_idleStart": 7915,
            "_onTimeout": null,
            "_repeat": null,
            "_destroyed": true
          },
          "cell": {
            "columnId": "tbd",
            "rowId": "3.1.2, 4 The $schema property MUST be present in each schema"
          },
          "duration": 221,
          "state": "failed",
          "err": {
            "name": "AssertionError",
            "message": "expected 'error' to equal 'success'",
            "showDiff": true,
            "actual": "error",
            "expected": "success",
            "operator": "strictEqual",
            "stack": "AssertionError: expected 'error' to equal 'success'\n    at should.equal (node_modules/chai/lib/chai/interface/should.js:98:35)\n    at Context.<anonymous> (file:///home/runner/work/vc-json-schema-test-suite/vc-json-schema-test-suite/tests/jsonschemacredential.js:76:18)"
          }
        },
        {
          "type": "test",
          "title": "4.2 (Success) Validation MUST result in one of the following three possible outcomes: success, failure, or indeterminate.",
          "body": "async function() {\n          await generateTestResults(i.name, schemaVersionName, jsonSchemaType, this.test.title);\n          this.test.cell = {columnId: i.name, rowId: this.test.title};\n          const result = await checkTestResults(i.name, schemaVersionName, jsonSchemaType, this.test.title);\n          should.equal(result, TestResult.success);\n        }",
          "async": 0,
          "sync": true,
          "_timeout": 150000,
          "_slow": 75,
          "_retries": -1,
          "timedOut": false,
          "_currentRetry": 0,
          "pending": false,
          "file": "/home/runner/work/vc-json-schema-test-suite/vc-json-schema-test-suite/tests/jsonschemacredential.js",
          "parent": "QbcbCjjAz81k0tyJylx1l",
          "ctx": null,
          "_testId": "urn:uuid:78fc10ed-2c6f-4c49-8909-9ffb3d07a764",
          "_events": {},
          "_eventsCount": 1,
          "timer": {
            "_idleTimeout": -1,
            "_idlePrev": null,
            "_idleNext": null,
            "_idleStart": 8139,
            "_onTimeout": null,
            "_repeat": null,
            "_destroyed": true
          },
          "cell": {
            "columnId": "tbd",
            "rowId": "4.2 (Success) Validation MUST result in one of the following three possible outcomes: success, failure, or indeterminate."
          },
          "duration": 189,
          "state": "failed",
          "err": {
            "name": "AssertionError",
            "message": "expected 'error' to equal 'success'",
            "showDiff": true,
            "actual": "error",
            "expected": "success",
            "operator": "strictEqual",
            "stack": "AssertionError: expected 'error' to equal 'success'\n    at should.equal (node_modules/chai/lib/chai/interface/should.js:98:35)\n    at Context.<anonymous> (file:///home/runner/work/vc-json-schema-test-suite/vc-json-schema-test-suite/tests/jsonschemacredential.js:83:18)"
          }
        },
        {
          "type": "test",
          "title": "4.2 (Failure) Validation MUST result in one of the following three possible outcomes: success, failure, or indeterminate.",
          "body": "async function() {\n          await generateTestResults(i.name, schemaVersionName, jsonSchemaType, this.test.title);\n          this.test.cell = {columnId: i.name, rowId: this.test.title};\n          const result = await checkTestResults(i.name, schemaVersionName, jsonSchemaType, this.test.title);\n          should.equal(result, TestResult.success);\n        }",
          "async": 0,
          "sync": true,
          "_timeout": 150000,
          "_slow": 75,
          "_retries": -1,
          "timedOut": false,
          "_currentRetry": 0,
          "pending": false,
          "file": "/home/runner/work/vc-json-schema-test-suite/vc-json-schema-test-suite/tests/jsonschemacredential.js",
          "parent": "QbcbCjjAz81k0tyJylx1l",
          "ctx": null,
          "_testId": "urn:uuid:436c56bb-0396-4882-9ffe-6ec310ede44f",
          "_events": {},
          "_eventsCount": 1,
          "timer": {
            "_idleTimeout": -1,
            "_idlePrev": null,
            "_idleNext": null,
            "_idleStart": 8325,
            "_onTimeout": null,
            "_repeat": null,
            "_destroyed": true
          },
          "cell": {
            "columnId": "tbd",
            "rowId": "4.2 (Failure) Validation MUST result in one of the following three possible outcomes: success, failure, or indeterminate."
          },
          "duration": 186,
          "state": "failed",
          "err": {
            "name": "AssertionError",
            "message": "expected 'error' to equal 'success'",
            "showDiff": true,
            "actual": "error",
            "expected": "success",
            "operator": "strictEqual",
            "stack": "AssertionError: expected 'error' to equal 'success'\n    at should.equal (node_modules/chai/lib/chai/interface/should.js:98:35)\n    at Context.<anonymous> (file:///home/runner/work/vc-json-schema-test-suite/vc-json-schema-test-suite/tests/jsonschemacredential.js:90:18)"
          }
        },
        {
          "type": "test",
          "title": "4.2 (Indeterminate) Validation MUST result in one of the following three possible outcomes: success, failure, or indeterminate.",
          "body": "async function() {\n          await generateTestResults(i.name, schemaVersionName, jsonSchemaType, this.test.title);\n          this.test.cell = {columnId: i.name, rowId: this.test.title};\n          const result = await checkTestResults(i.name, schemaVersionName, jsonSchemaType, this.test.title);\n          should.equal(result, TestResult.success);\n        }",
          "async": 0,
          "sync": true,
          "_timeout": 150000,
          "_slow": 75,
          "_retries": -1,
          "timedOut": false,
          "_currentRetry": 0,
          "pending": false,
          "file": "/home/runner/work/vc-json-schema-test-suite/vc-json-schema-test-suite/tests/jsonschemacredential.js",
          "parent": "QbcbCjjAz81k0tyJylx1l",
          "ctx": null,
          "_testId": "urn:uuid:345f388e-8388-481e-a538-a638ddb280a2",
          "_events": {},
          "_eventsCount": 1,
          "timer": {
            "_idleTimeout": -1,
            "_idlePrev": null,
            "_idleNext": null,
            "_idleStart": 8512,
            "_onTimeout": null,
            "_repeat": null,
            "_destroyed": true
          },
          "cell": {
            "columnId": "tbd",
            "rowId": "4.2 (Indeterminate) Validation MUST result in one of the following three possible outcomes: success, failure, or indeterminate."
          },
          "duration": 186,
          "state": "failed",
          "err": {
            "name": "AssertionError",
            "message": "expected 'error' to equal 'success'",
            "showDiff": true,
            "actual": "error",
            "expected": "success",
            "operator": "strictEqual",
            "stack": "AssertionError: expected 'error' to equal 'success'\n    at should.equal (node_modules/chai/lib/chai/interface/should.js:98:35)\n    at Context.<anonymous> (file:///home/runner/work/vc-json-schema-test-suite/vc-json-schema-test-suite/tests/jsonschemacredential.js:97:18)"
          }
        }
      ],
      "root": false,
      "pending": false,
      "_retries": -1,
      "_beforeEach": [],
      "_beforeAll": [],
      "_afterEach": [],
      "_afterAll": [],
      "_timeout": 150000,
      "_slow": 75,
      "_bail": false,
      "_onlyTests": [],
      "_onlySuites": [],
      "delayed": false,
      "parent": "QbPzaVTZlxPjx9zTaSSJu",
      "file": "/home/runner/work/vc-json-schema-test-suite/vc-json-schema-test-suite/tests/jsonschemacredential.js",
      "matrix": true,
      "report": true,
      "implemented": [
        "tbd"
      ],
      "rowLabel": "Test Name",
      "columnLabel": "Implementation",
      "_testId": "urn:uuid:af19c447-0f16-464c-92b0-732df99ff9d4"
    },
    {
      "title": "JsonSchemaCredential – JSON Schema Draft-7",
      "ctx": null,
      "suites": [
        {
          "title": "tbd",
          "ctx": null,
          "suites": [],
          "tests": [
            {
              "type": "test",
              "title": "2.1 ID - The value MUST be a URL that identifies the schema associated with the verifiable credential.",
              "body": "async function() {\n          await generateTestResults(i.name, schemaVersionName, jsonSchemaType, this.test.title);\n          this.test.cell = {columnId: i.name, rowId: this.test.title};\n          const result = await checkTestResults(i.name, schemaVersionName, jsonSchemaType, this.test.title);\n          should.equal(result, TestResult.success);\n        }",
              "async": 0,
              "sync": true,
              "_timeout": 150000,
              "_slow": 75,
              "_retries": -1,
              "timedOut": false,
              "_currentRetry": 0,
              "pending": false,
              "file": "/home/runner/work/vc-json-schema-test-suite/vc-json-schema-test-suite/tests/jsonschemacredential.js",
              "parent": "bcr3e4VKT62NUsdhTlWGF",
              "ctx": null,
              "_testId": "urn:uuid:14053ba1-ea5d-4a48-b062-0da5c6b4bcc9",
              "_events": {},
              "_eventsCount": 1,
              "timer": {
                "_idleTimeout": -1,
                "_idlePrev": null,
                "_idleNext": null,
                "_idleStart": 8699,
                "_onTimeout": null,
                "_repeat": null,
                "_destroyed": true
              },
              "cell": {
                "columnId": "tbd",
                "rowId": "2.1 ID - The value MUST be a URL that identifies the schema associated with the verifiable credential."
              },
              "duration": 226,
              "state": "failed",
              "err": {
                "name": "AssertionError",
                "message": "expected 'error' to equal 'success'",
                "showDiff": true,
                "actual": "error",
                "expected": "success",
                "operator": "strictEqual",
                "stack": "AssertionError: expected 'error' to equal 'success'\n    at should.equal (node_modules/chai/lib/chai/interface/should.js:98:35)\n    at Context.<anonymous> (file:///home/runner/work/vc-json-schema-test-suite/vc-json-schema-test-suite/tests/jsonschemacredential.js:31:18)"
              }
            },
            {
              "type": "test",
              "title": "2.1 The type property MUST be JsonSchemaCredential.",
              "body": "async function() {\n          await generateTestResults(i.name, schemaVersionName, jsonSchemaType, this.test.title);\n          this.test.cell = {columnId: i.name, rowId: this.test.title};\n          const result = await checkTestResults(i.name, schemaVersionName, jsonSchemaType, this.test.title);\n          should.equal(result, TestResult.success);\n        }",
              "async": 0,
              "sync": true,
              "_timeout": 150000,
              "_slow": 75,
              "_retries": -1,
              "timedOut": false,
              "_currentRetry": 0,
              "pending": false,
              "file": "/home/runner/work/vc-json-schema-test-suite/vc-json-schema-test-suite/tests/jsonschemacredential.js",
              "parent": "bcr3e4VKT62NUsdhTlWGF",
              "ctx": null,
              "_testId": "urn:uuid:c54c3a7b-f63b-452f-ac0d-399a3c484e7a",
              "_events": {},
              "_eventsCount": 1,
              "timer": {
                "_idleTimeout": -1,
                "_idlePrev": null,
                "_idleNext": null,
                "_idleStart": 8925,
                "_onTimeout": null,
                "_repeat": null,
                "_destroyed": true
              },
              "cell": {
                "columnId": "tbd",
                "rowId": "2.1 The type property MUST be JsonSchemaCredential."
              },
              "duration": 221,
              "state": "failed",
              "err": {
                "name": "AssertionError",
                "message": "expected 'error' to equal 'success'",
                "showDiff": true,
                "actual": "error",
                "expected": "success",
                "operator": "strictEqual",
                "stack": "AssertionError: expected 'error' to equal 'success'\n    at should.equal (node_modules/chai/lib/chai/interface/should.js:98:35)\n    at Context.<anonymous> (file:///home/runner/work/vc-json-schema-test-suite/vc-json-schema-test-suite/tests/jsonschemacredential.js:38:18)"
              }
            },
            {
              "type": "test",
              "title": "2.2 The credentialSubject property MUST contain two properties: type - the value of which MUST be JsonSchema; jsonSchema - an object which contains a valid JSON Schema",
              "body": "async function() {\n          await generateTestResults(i.name, schemaVersionName, jsonSchemaType, this.test.title);\n          this.test.cell = {columnId: i.name, rowId: this.test.title};\n          const result = await checkTestResults(i.name, schemaVersionName, jsonSchemaType, this.test.title);\n          should.equal(result, TestResult.success);\n        }",
              "async": 0,
              "sync": true,
              "_timeout": 150000,
              "_slow": 75,
              "_retries": -1,
              "timedOut": false,
              "_currentRetry": 0,
              "pending": false,
              "file": "/home/runner/work/vc-json-schema-test-suite/vc-json-schema-test-suite/tests/jsonschemacredential.js",
              "parent": "bcr3e4VKT62NUsdhTlWGF",
              "ctx": null,
              "_testId": "urn:uuid:9c0015d3-a862-4125-958e-17192bf7b589",
              "_events": {},
              "_eventsCount": 1,
              "timer": {
                "_idleTimeout": -1,
                "_idlePrev": null,
                "_idleNext": null,
                "_idleStart": 9147,
                "_onTimeout": null,
                "_repeat": null,
                "_destroyed": true
              },
              "cell": {
                "columnId": "tbd",
                "rowId": "2.2 The credentialSubject property MUST contain two properties: type - the value of which MUST be JsonSchema; jsonSchema - an object which contains a valid JSON Schema"
              },
              "duration": 291,
              "state": "failed",
              "err": {
                "name": "AssertionError",
                "message": "expected 'error' to equal 'success'",
                "showDiff": true,
                "actual": "error",
                "expected": "success",
                "operator": "strictEqual",
                "stack": "AssertionError: expected 'error' to equal 'success'\n    at should.equal (node_modules/chai/lib/chai/interface/should.js:98:35)\n    at Context.<anonymous> (file:///home/runner/work/vc-json-schema-test-suite/vc-json-schema-test-suite/tests/jsonschemacredential.js:45:18)"
              }
            },
            {
              "type": "test",
              "title": "2.2 The value of the credentialSchema property MUST always be set to [known json schema]",
              "body": "async function() {\n          await generateTestResults(i.name, schemaVersionName, jsonSchemaType, this.test.title);\n          this.test.cell = {columnId: i.name, rowId: this.test.title};\n          const result = await checkTestResults(i.name, schemaVersionName, jsonSchemaType, this.test.title);\n          should.equal(result, TestResult.success);\n        }",
              "async": 0,
              "sync": true,
              "_timeout": 150000,
              "_slow": 75,
              "_retries": -1,
              "timedOut": false,
              "_currentRetry": 0,
              "pending": false,
              "file": "/home/runner/work/vc-json-schema-test-suite/vc-json-schema-test-suite/tests/jsonschemacredential.js",
              "parent": "bcr3e4VKT62NUsdhTlWGF",
              "ctx": null,
              "_testId": "urn:uuid:665a07dd-8f46-48b7-89c4-b464e72b01ca",
              "_events": {},
              "_eventsCount": 1,
              "timer": {
                "_idleTimeout": -1,
                "_idlePrev": null,
                "_idleNext": null,
                "_idleStart": 9438,
                "_onTimeout": null,
                "_repeat": null,
                "_destroyed": true
              },
              "cell": {
                "columnId": "tbd",
                "rowId": "2.2 The value of the credentialSchema property MUST always be set to [known json schema]"
              },
              "duration": 221,
              "state": "failed",
              "err": {
                "name": "AssertionError",
                "message": "expected 'error' to equal 'success'",
                "showDiff": true,
                "actual": "error",
                "expected": "success",
                "operator": "strictEqual",
                "stack": "AssertionError: expected 'error' to equal 'success'\n    at should.equal (node_modules/chai/lib/chai/interface/should.js:98:35)\n    at Context.<anonymous> (file:///home/runner/work/vc-json-schema-test-suite/vc-json-schema-test-suite/tests/jsonschemacredential.js:52:18)"
              }
            },
            {
              "type": "test",
              "title": "3 Implementers MUST provide support for JSON Schema specifications where, in the following table, the required column's value is yes",
              "body": "async function() {\n          this.test.cell = {columnId: i.name, rowId: this.test.title};\n          if (schemaVersionName === JsonSchemaVersions['202012']) {\n            should.equal(true, true);\n          } else {\n            this.skip();\n          }\n        }",
              "async": 0,
              "sync": true,
              "_timeout": 150000,
              "_slow": 75,
              "_retries": -1,
              "timedOut": false,
              "_currentRetry": 0,
              "pending": true,
              "file": "/home/runner/work/vc-json-schema-test-suite/vc-json-schema-test-suite/tests/jsonschemacredential.js",
              "parent": "bcr3e4VKT62NUsdhTlWGF",
              "ctx": null,
              "_testId": "urn:uuid:08092565-547c-4b4b-b585-6943440a9388",
              "_events": {},
              "_eventsCount": 1,
              "cell": {
                "columnId": "tbd",
                "rowId": "3 Implementers MUST provide support for JSON Schema specifications where, in the following table, the required column's value is yes"
              },
              "timer": {
                "_idleTimeout": -1,
                "_idlePrev": null,
                "_idleNext": null,
                "_idleStart": 9624,
                "_onTimeout": null,
                "_repeat": null,
                "_destroyed": true
              },
              "duration": 0,
              "state": "pending"
            },
            {
              "type": "test",
              "title": "3.1.1 The $id MUST be present and its value MUST represent a valid URI-reference",
              "body": "async function() {\n          await generateTestResults(i.name, schemaVersionName, jsonSchemaType, this.test.title);\n          this.test.cell = {columnId: i.name, rowId: this.test.title};\n          const result = await checkTestResults(i.name, schemaVersionName, jsonSchemaType, this.test.title);\n          should.equal(result, TestResult.success);\n        }",
              "async": 0,
              "sync": true,
              "_timeout": 150000,
              "_slow": 75,
              "_retries": -1,
              "timedOut": false,
              "_currentRetry": 0,
              "pending": false,
              "file": "/home/runner/work/vc-json-schema-test-suite/vc-json-schema-test-suite/tests/jsonschemacredential.js",
              "parent": "bcr3e4VKT62NUsdhTlWGF",
              "ctx": null,
              "_testId": "urn:uuid:70941fc5-bfaa-44fd-867a-ecae84a62e9c",
              "_events": {},
              "_eventsCount": 1,
              "timer": {
                "_idleTimeout": -1,
                "_idlePrev": null,
                "_idleNext": null,
                "_idleStart": 9660,
                "_onTimeout": null,
                "_repeat": null,
                "_destroyed": true
              },
              "cell": {
                "columnId": "tbd",
                "rowId": "3.1.1 The $id MUST be present and its value MUST represent a valid URI-reference"
              },
              "duration": 257,
              "state": "failed",
              "err": {
                "name": "AssertionError",
                "message": "expected 'error' to equal 'success'",
                "showDiff": true,
                "actual": "error",
                "expected": "success",
                "operator": "strictEqual",
                "stack": "AssertionError: expected 'error' to equal 'success'\n    at should.equal (node_modules/chai/lib/chai/interface/should.js:98:35)\n    at Context.<anonymous> (file:///home/runner/work/vc-json-schema-test-suite/vc-json-schema-test-suite/tests/jsonschemacredential.js:68:18)"
              }
            },
            {
              "type": "test",
              "title": "3.1.2, 4 The $schema property MUST be present in each schema",
              "body": "async function() {\n          await generateTestResults(i.name, schemaVersionName, jsonSchemaType, this.test.title);\n          this.test.cell = {columnId: i.name, rowId: this.test.title};\n          const result = await checkTestResults(i.name, schemaVersionName, jsonSchemaType, this.test.title);\n          should.equal(result, TestResult.success);\n        }",
              "async": 0,
              "sync": true,
              "_timeout": 150000,
              "_slow": 75,
              "_retries": -1,
              "timedOut": false,
              "_currentRetry": 0,
              "pending": false,
              "file": "/home/runner/work/vc-json-schema-test-suite/vc-json-schema-test-suite/tests/jsonschemacredential.js",
              "parent": "bcr3e4VKT62NUsdhTlWGF",
              "ctx": null,
              "_testId": "urn:uuid:0616e7a5-94a9-4e6f-bb40-759575ac5465",
              "_events": {},
              "_eventsCount": 1,
              "timer": {
                "_idleTimeout": -1,
                "_idlePrev": null,
                "_idleNext": null,
                "_idleStart": 9919,
                "_onTimeout": null,
                "_repeat": null,
                "_destroyed": true
              },
              "cell": {
                "columnId": "tbd",
                "rowId": "3.1.2, 4 The $schema property MUST be present in each schema"
              },
              "duration": 222,
              "state": "failed",
              "err": {
                "name": "AssertionError",
                "message": "expected 'error' to equal 'success'",
                "showDiff": true,
                "actual": "error",
                "expected": "success",
                "operator": "strictEqual",
                "stack": "AssertionError: expected 'error' to equal 'success'\n    at should.equal (node_modules/chai/lib/chai/interface/should.js:98:35)\n    at Context.<anonymous> (file:///home/runner/work/vc-json-schema-test-suite/vc-json-schema-test-suite/tests/jsonschemacredential.js:76:18)"
              }
            },
            {
              "type": "test",
              "title": "4.2 (Success) Validation MUST result in one of the following three possible outcomes: success, failure, or indeterminate.",
              "body": "async function() {\n          await generateTestResults(i.name, schemaVersionName, jsonSchemaType, this.test.title);\n          this.test.cell = {columnId: i.name, rowId: this.test.title};\n          const result = await checkTestResults(i.name, schemaVersionName, jsonSchemaType, this.test.title);\n          should.equal(result, TestResult.success);\n        }",
              "async": 0,
              "sync": true,
              "_timeout": 150000,
              "_slow": 75,
              "_retries": -1,
              "timedOut": false,
              "_currentRetry": 0,
              "pending": false,
              "file": "/home/runner/work/vc-json-schema-test-suite/vc-json-schema-test-suite/tests/jsonschemacredential.js",
              "parent": "bcr3e4VKT62NUsdhTlWGF",
              "ctx": null,
              "_testId": "urn:uuid:b97aedc1-eff4-4ada-93bc-42202217ae7b",
              "_events": {},
              "_eventsCount": 1,
              "timer": {
                "_idleTimeout": -1,
                "_idlePrev": null,
                "_idleNext": null,
                "_idleStart": 10141,
                "_onTimeout": null,
                "_repeat": null,
                "_destroyed": true
              },
              "cell": {
                "columnId": "tbd",
                "rowId": "4.2 (Success) Validation MUST result in one of the following three possible outcomes: success, failure, or indeterminate."
              },
              "duration": 187,
              "state": "failed",
              "err": {
                "name": "AssertionError",
                "message": "expected 'error' to equal 'success'",
                "showDiff": true,
                "actual": "error",
                "expected": "success",
                "operator": "strictEqual",
                "stack": "AssertionError: expected 'error' to equal 'success'\n    at should.equal (node_modules/chai/lib/chai/interface/should.js:98:35)\n    at Context.<anonymous> (file:///home/runner/work/vc-json-schema-test-suite/vc-json-schema-test-suite/tests/jsonschemacredential.js:83:18)"
              }
            },
            {
              "type": "test",
              "title": "4.2 (Failure) Validation MUST result in one of the following three possible outcomes: success, failure, or indeterminate.",
              "body": "async function() {\n          await generateTestResults(i.name, schemaVersionName, jsonSchemaType, this.test.title);\n          this.test.cell = {columnId: i.name, rowId: this.test.title};\n          const result = await checkTestResults(i.name, schemaVersionName, jsonSchemaType, this.test.title);\n          should.equal(result, TestResult.success);\n        }",
              "async": 0,
              "sync": true,
              "_timeout": 150000,
              "_slow": 75,
              "_retries": -1,
              "timedOut": false,
              "_currentRetry": 0,
              "pending": false,
              "file": "/home/runner/work/vc-json-schema-test-suite/vc-json-schema-test-suite/tests/jsonschemacredential.js",
              "parent": "bcr3e4VKT62NUsdhTlWGF",
              "ctx": null,
              "_testId": "urn:uuid:ae7d3e95-a9be-420d-8fa8-dc1055b79b0a",
              "_events": {},
              "_eventsCount": 1,
              "timer": {
                "_idleTimeout": -1,
                "_idlePrev": null,
                "_idleNext": null,
                "_idleStart": 10327,
                "_onTimeout": null,
                "_repeat": null,
                "_destroyed": true
              },
              "cell": {
                "columnId": "tbd",
                "rowId": "4.2 (Failure) Validation MUST result in one of the following three possible outcomes: success, failure, or indeterminate."
              },
              "duration": 186,
              "state": "failed",
              "err": {
                "name": "AssertionError",
                "message": "expected 'error' to equal 'success'",
                "showDiff": true,
                "actual": "error",
                "expected": "success",
                "operator": "strictEqual",
                "stack": "AssertionError: expected 'error' to equal 'success'\n    at should.equal (node_modules/chai/lib/chai/interface/should.js:98:35)\n    at Context.<anonymous> (file:///home/runner/work/vc-json-schema-test-suite/vc-json-schema-test-suite/tests/jsonschemacredential.js:90:18)"
              }
            },
            {
              "type": "test",
              "title": "4.2 (Indeterminate) Validation MUST result in one of the following three possible outcomes: success, failure, or indeterminate.",
              "body": "async function() {\n          await generateTestResults(i.name, schemaVersionName, jsonSchemaType, this.test.title);\n          this.test.cell = {columnId: i.name, rowId: this.test.title};\n          const result = await checkTestResults(i.name, schemaVersionName, jsonSchemaType, this.test.title);\n          should.equal(result, TestResult.success);\n        }",
              "async": 0,
              "sync": true,
              "_timeout": 150000,
              "_slow": 75,
              "_retries": -1,
              "timedOut": false,
              "_currentRetry": 0,
              "pending": false,
              "file": "/home/runner/work/vc-json-schema-test-suite/vc-json-schema-test-suite/tests/jsonschemacredential.js",
              "parent": "bcr3e4VKT62NUsdhTlWGF",
              "ctx": null,
              "_testId": "urn:uuid:8d9ad6f9-813a-4bf2-bded-aeedc1dc4ff6",
              "_events": {},
              "_eventsCount": 1,
              "timer": {
                "_idleTimeout": -1,
                "_idlePrev": null,
                "_idleNext": null,
                "_idleStart": 10513,
                "_onTimeout": null,
                "_repeat": null,
                "_destroyed": true
              },
              "cell": {
                "columnId": "tbd",
                "rowId": "4.2 (Indeterminate) Validation MUST result in one of the following three possible outcomes: success, failure, or indeterminate."
              },
              "duration": 186,
              "state": "failed",
              "err": {
                "name": "AssertionError",
                "message": "expected 'error' to equal 'success'",
                "showDiff": true,
                "actual": "error",
                "expected": "success",
                "operator": "strictEqual",
                "stack": "AssertionError: expected 'error' to equal 'success'\n    at should.equal (node_modules/chai/lib/chai/interface/should.js:98:35)\n    at Context.<anonymous> (file:///home/runner/work/vc-json-schema-test-suite/vc-json-schema-test-suite/tests/jsonschemacredential.js:97:18)"
              }
            }
          ],
          "root": false,
          "pending": false,
          "_retries": -1,
          "_beforeEach": [],
          "_beforeAll": [],
          "_afterEach": [],
          "_afterAll": [],
          "_timeout": 150000,
          "_slow": 75,
          "_bail": false,
          "_onlyTests": [],
          "_onlySuites": [],
          "delayed": false,
          "parent": "ezXOnyJ2XR0hwTSx4nu0W",
          "file": "/home/runner/work/vc-json-schema-test-suite/vc-json-schema-test-suite/tests/jsonschemacredential.js",
          "_testId": "urn:uuid:9e1c32ae-f58c-417e-91e2-681cef0d8857"
        }
      ],
      "tests": [
        {
          "type": "test",
          "title": "2.1 ID - The value MUST be a URL that identifies the schema associated with the verifiable credential.",
          "body": "async function() {\n          await generateTestResults(i.name, schemaVersionName, jsonSchemaType, this.test.title);\n          this.test.cell = {columnId: i.name, rowId: this.test.title};\n          const result = await checkTestResults(i.name, schemaVersionName, jsonSchemaType, this.test.title);\n          should.equal(result, TestResult.success);\n        }",
          "async": 0,
          "sync": true,
          "_timeout": 150000,
          "_slow": 75,
          "_retries": -1,
          "timedOut": false,
          "_currentRetry": 0,
          "pending": false,
          "file": "/home/runner/work/vc-json-schema-test-suite/vc-json-schema-test-suite/tests/jsonschemacredential.js",
          "parent": "bcr3e4VKT62NUsdhTlWGF",
          "ctx": null,
          "_testId": "urn:uuid:14053ba1-ea5d-4a48-b062-0da5c6b4bcc9",
          "_events": {},
          "_eventsCount": 1,
          "timer": {
            "_idleTimeout": -1,
            "_idlePrev": null,
            "_idleNext": null,
            "_idleStart": 8699,
            "_onTimeout": null,
            "_repeat": null,
            "_destroyed": true
          },
          "cell": {
            "columnId": "tbd",
            "rowId": "2.1 ID - The value MUST be a URL that identifies the schema associated with the verifiable credential."
          },
          "duration": 226,
          "state": "failed",
          "err": {
            "name": "AssertionError",
            "message": "expected 'error' to equal 'success'",
            "showDiff": true,
            "actual": "error",
            "expected": "success",
            "operator": "strictEqual",
            "stack": "AssertionError: expected 'error' to equal 'success'\n    at should.equal (node_modules/chai/lib/chai/interface/should.js:98:35)\n    at Context.<anonymous> (file:///home/runner/work/vc-json-schema-test-suite/vc-json-schema-test-suite/tests/jsonschemacredential.js:31:18)"
          }
        },
        {
          "type": "test",
          "title": "2.1 The type property MUST be JsonSchemaCredential.",
          "body": "async function() {\n          await generateTestResults(i.name, schemaVersionName, jsonSchemaType, this.test.title);\n          this.test.cell = {columnId: i.name, rowId: this.test.title};\n          const result = await checkTestResults(i.name, schemaVersionName, jsonSchemaType, this.test.title);\n          should.equal(result, TestResult.success);\n        }",
          "async": 0,
          "sync": true,
          "_timeout": 150000,
          "_slow": 75,
          "_retries": -1,
          "timedOut": false,
          "_currentRetry": 0,
          "pending": false,
          "file": "/home/runner/work/vc-json-schema-test-suite/vc-json-schema-test-suite/tests/jsonschemacredential.js",
          "parent": "bcr3e4VKT62NUsdhTlWGF",
          "ctx": null,
          "_testId": "urn:uuid:c54c3a7b-f63b-452f-ac0d-399a3c484e7a",
          "_events": {},
          "_eventsCount": 1,
          "timer": {
            "_idleTimeout": -1,
            "_idlePrev": null,
            "_idleNext": null,
            "_idleStart": 8925,
            "_onTimeout": null,
            "_repeat": null,
            "_destroyed": true
          },
          "cell": {
            "columnId": "tbd",
            "rowId": "2.1 The type property MUST be JsonSchemaCredential."
          },
          "duration": 221,
          "state": "failed",
          "err": {
            "name": "AssertionError",
            "message": "expected 'error' to equal 'success'",
            "showDiff": true,
            "actual": "error",
            "expected": "success",
            "operator": "strictEqual",
            "stack": "AssertionError: expected 'error' to equal 'success'\n    at should.equal (node_modules/chai/lib/chai/interface/should.js:98:35)\n    at Context.<anonymous> (file:///home/runner/work/vc-json-schema-test-suite/vc-json-schema-test-suite/tests/jsonschemacredential.js:38:18)"
          }
        },
        {
          "type": "test",
          "title": "2.2 The credentialSubject property MUST contain two properties: type - the value of which MUST be JsonSchema; jsonSchema - an object which contains a valid JSON Schema",
          "body": "async function() {\n          await generateTestResults(i.name, schemaVersionName, jsonSchemaType, this.test.title);\n          this.test.cell = {columnId: i.name, rowId: this.test.title};\n          const result = await checkTestResults(i.name, schemaVersionName, jsonSchemaType, this.test.title);\n          should.equal(result, TestResult.success);\n        }",
          "async": 0,
          "sync": true,
          "_timeout": 150000,
          "_slow": 75,
          "_retries": -1,
          "timedOut": false,
          "_currentRetry": 0,
          "pending": false,
          "file": "/home/runner/work/vc-json-schema-test-suite/vc-json-schema-test-suite/tests/jsonschemacredential.js",
          "parent": "bcr3e4VKT62NUsdhTlWGF",
          "ctx": null,
          "_testId": "urn:uuid:9c0015d3-a862-4125-958e-17192bf7b589",
          "_events": {},
          "_eventsCount": 1,
          "timer": {
            "_idleTimeout": -1,
            "_idlePrev": null,
            "_idleNext": null,
            "_idleStart": 9147,
            "_onTimeout": null,
            "_repeat": null,
            "_destroyed": true
          },
          "cell": {
            "columnId": "tbd",
            "rowId": "2.2 The credentialSubject property MUST contain two properties: type - the value of which MUST be JsonSchema; jsonSchema - an object which contains a valid JSON Schema"
          },
          "duration": 291,
          "state": "failed",
          "err": {
            "name": "AssertionError",
            "message": "expected 'error' to equal 'success'",
            "showDiff": true,
            "actual": "error",
            "expected": "success",
            "operator": "strictEqual",
            "stack": "AssertionError: expected 'error' to equal 'success'\n    at should.equal (node_modules/chai/lib/chai/interface/should.js:98:35)\n    at Context.<anonymous> (file:///home/runner/work/vc-json-schema-test-suite/vc-json-schema-test-suite/tests/jsonschemacredential.js:45:18)"
          }
        },
        {
          "type": "test",
          "title": "2.2 The value of the credentialSchema property MUST always be set to [known json schema]",
          "body": "async function() {\n          await generateTestResults(i.name, schemaVersionName, jsonSchemaType, this.test.title);\n          this.test.cell = {columnId: i.name, rowId: this.test.title};\n          const result = await checkTestResults(i.name, schemaVersionName, jsonSchemaType, this.test.title);\n          should.equal(result, TestResult.success);\n        }",
          "async": 0,
          "sync": true,
          "_timeout": 150000,
          "_slow": 75,
          "_retries": -1,
          "timedOut": false,
          "_currentRetry": 0,
          "pending": false,
          "file": "/home/runner/work/vc-json-schema-test-suite/vc-json-schema-test-suite/tests/jsonschemacredential.js",
          "parent": "bcr3e4VKT62NUsdhTlWGF",
          "ctx": null,
          "_testId": "urn:uuid:665a07dd-8f46-48b7-89c4-b464e72b01ca",
          "_events": {},
          "_eventsCount": 1,
          "timer": {
            "_idleTimeout": -1,
            "_idlePrev": null,
            "_idleNext": null,
            "_idleStart": 9438,
            "_onTimeout": null,
            "_repeat": null,
            "_destroyed": true
          },
          "cell": {
            "columnId": "tbd",
            "rowId": "2.2 The value of the credentialSchema property MUST always be set to [known json schema]"
          },
          "duration": 221,
          "state": "failed",
          "err": {
            "name": "AssertionError",
            "message": "expected 'error' to equal 'success'",
            "showDiff": true,
            "actual": "error",
            "expected": "success",
            "operator": "strictEqual",
            "stack": "AssertionError: expected 'error' to equal 'success'\n    at should.equal (node_modules/chai/lib/chai/interface/should.js:98:35)\n    at Context.<anonymous> (file:///home/runner/work/vc-json-schema-test-suite/vc-json-schema-test-suite/tests/jsonschemacredential.js:52:18)"
          }
        },
        {
          "type": "test",
          "title": "3 Implementers MUST provide support for JSON Schema specifications where, in the following table, the required column's value is yes",
          "body": "async function() {\n          this.test.cell = {columnId: i.name, rowId: this.test.title};\n          if (schemaVersionName === JsonSchemaVersions['202012']) {\n            should.equal(true, true);\n          } else {\n            this.skip();\n          }\n        }",
          "async": 0,
          "sync": true,
          "_timeout": 150000,
          "_slow": 75,
          "_retries": -1,
          "timedOut": false,
          "_currentRetry": 0,
          "pending": true,
          "file": "/home/runner/work/vc-json-schema-test-suite/vc-json-schema-test-suite/tests/jsonschemacredential.js",
          "parent": "bcr3e4VKT62NUsdhTlWGF",
          "ctx": null,
          "_testId": "urn:uuid:08092565-547c-4b4b-b585-6943440a9388",
          "_events": {},
          "_eventsCount": 1,
          "cell": {
            "columnId": "tbd",
            "rowId": "3 Implementers MUST provide support for JSON Schema specifications where, in the following table, the required column's value is yes"
          },
          "timer": {
            "_idleTimeout": -1,
            "_idlePrev": null,
            "_idleNext": null,
            "_idleStart": 9624,
            "_onTimeout": null,
            "_repeat": null,
            "_destroyed": true
          },
          "duration": 0,
          "state": "pending"
        },
        {
          "type": "test",
          "title": "3.1.1 The $id MUST be present and its value MUST represent a valid URI-reference",
          "body": "async function() {\n          await generateTestResults(i.name, schemaVersionName, jsonSchemaType, this.test.title);\n          this.test.cell = {columnId: i.name, rowId: this.test.title};\n          const result = await checkTestResults(i.name, schemaVersionName, jsonSchemaType, this.test.title);\n          should.equal(result, TestResult.success);\n        }",
          "async": 0,
          "sync": true,
          "_timeout": 150000,
          "_slow": 75,
          "_retries": -1,
          "timedOut": false,
          "_currentRetry": 0,
          "pending": false,
          "file": "/home/runner/work/vc-json-schema-test-suite/vc-json-schema-test-suite/tests/jsonschemacredential.js",
          "parent": "bcr3e4VKT62NUsdhTlWGF",
          "ctx": null,
          "_testId": "urn:uuid:70941fc5-bfaa-44fd-867a-ecae84a62e9c",
          "_events": {},
          "_eventsCount": 1,
          "timer": {
            "_idleTimeout": -1,
            "_idlePrev": null,
            "_idleNext": null,
            "_idleStart": 9660,
            "_onTimeout": null,
            "_repeat": null,
            "_destroyed": true
          },
          "cell": {
            "columnId": "tbd",
            "rowId": "3.1.1 The $id MUST be present and its value MUST represent a valid URI-reference"
          },
          "duration": 257,
          "state": "failed",
          "err": {
            "name": "AssertionError",
            "message": "expected 'error' to equal 'success'",
            "showDiff": true,
            "actual": "error",
            "expected": "success",
            "operator": "strictEqual",
            "stack": "AssertionError: expected 'error' to equal 'success'\n    at should.equal (node_modules/chai/lib/chai/interface/should.js:98:35)\n    at Context.<anonymous> (file:///home/runner/work/vc-json-schema-test-suite/vc-json-schema-test-suite/tests/jsonschemacredential.js:68:18)"
          }
        },
        {
          "type": "test",
          "title": "3.1.2, 4 The $schema property MUST be present in each schema",
          "body": "async function() {\n          await generateTestResults(i.name, schemaVersionName, jsonSchemaType, this.test.title);\n          this.test.cell = {columnId: i.name, rowId: this.test.title};\n          const result = await checkTestResults(i.name, schemaVersionName, jsonSchemaType, this.test.title);\n          should.equal(result, TestResult.success);\n        }",
          "async": 0,
          "sync": true,
          "_timeout": 150000,
          "_slow": 75,
          "_retries": -1,
          "timedOut": false,
          "_currentRetry": 0,
          "pending": false,
          "file": "/home/runner/work/vc-json-schema-test-suite/vc-json-schema-test-suite/tests/jsonschemacredential.js",
          "parent": "bcr3e4VKT62NUsdhTlWGF",
          "ctx": null,
          "_testId": "urn:uuid:0616e7a5-94a9-4e6f-bb40-759575ac5465",
          "_events": {},
          "_eventsCount": 1,
          "timer": {
            "_idleTimeout": -1,
            "_idlePrev": null,
            "_idleNext": null,
            "_idleStart": 9919,
            "_onTimeout": null,
            "_repeat": null,
            "_destroyed": true
          },
          "cell": {
            "columnId": "tbd",
            "rowId": "3.1.2, 4 The $schema property MUST be present in each schema"
          },
          "duration": 222,
          "state": "failed",
          "err": {
            "name": "AssertionError",
            "message": "expected 'error' to equal 'success'",
            "showDiff": true,
            "actual": "error",
            "expected": "success",
            "operator": "strictEqual",
            "stack": "AssertionError: expected 'error' to equal 'success'\n    at should.equal (node_modules/chai/lib/chai/interface/should.js:98:35)\n    at Context.<anonymous> (file:///home/runner/work/vc-json-schema-test-suite/vc-json-schema-test-suite/tests/jsonschemacredential.js:76:18)"
          }
        },
        {
          "type": "test",
          "title": "4.2 (Success) Validation MUST result in one of the following three possible outcomes: success, failure, or indeterminate.",
          "body": "async function() {\n          await generateTestResults(i.name, schemaVersionName, jsonSchemaType, this.test.title);\n          this.test.cell = {columnId: i.name, rowId: this.test.title};\n          const result = await checkTestResults(i.name, schemaVersionName, jsonSchemaType, this.test.title);\n          should.equal(result, TestResult.success);\n        }",
          "async": 0,
          "sync": true,
          "_timeout": 150000,
          "_slow": 75,
          "_retries": -1,
          "timedOut": false,
          "_currentRetry": 0,
          "pending": false,
          "file": "/home/runner/work/vc-json-schema-test-suite/vc-json-schema-test-suite/tests/jsonschemacredential.js",
          "parent": "bcr3e4VKT62NUsdhTlWGF",
          "ctx": null,
          "_testId": "urn:uuid:b97aedc1-eff4-4ada-93bc-42202217ae7b",
          "_events": {},
          "_eventsCount": 1,
          "timer": {
            "_idleTimeout": -1,
            "_idlePrev": null,
            "_idleNext": null,
            "_idleStart": 10141,
            "_onTimeout": null,
            "_repeat": null,
            "_destroyed": true
          },
          "cell": {
            "columnId": "tbd",
            "rowId": "4.2 (Success) Validation MUST result in one of the following three possible outcomes: success, failure, or indeterminate."
          },
          "duration": 187,
          "state": "failed",
          "err": {
            "name": "AssertionError",
            "message": "expected 'error' to equal 'success'",
            "showDiff": true,
            "actual": "error",
            "expected": "success",
            "operator": "strictEqual",
            "stack": "AssertionError: expected 'error' to equal 'success'\n    at should.equal (node_modules/chai/lib/chai/interface/should.js:98:35)\n    at Context.<anonymous> (file:///home/runner/work/vc-json-schema-test-suite/vc-json-schema-test-suite/tests/jsonschemacredential.js:83:18)"
          }
        },
        {
          "type": "test",
          "title": "4.2 (Failure) Validation MUST result in one of the following three possible outcomes: success, failure, or indeterminate.",
          "body": "async function() {\n          await generateTestResults(i.name, schemaVersionName, jsonSchemaType, this.test.title);\n          this.test.cell = {columnId: i.name, rowId: this.test.title};\n          const result = await checkTestResults(i.name, schemaVersionName, jsonSchemaType, this.test.title);\n          should.equal(result, TestResult.success);\n        }",
          "async": 0,
          "sync": true,
          "_timeout": 150000,
          "_slow": 75,
          "_retries": -1,
          "timedOut": false,
          "_currentRetry": 0,
          "pending": false,
          "file": "/home/runner/work/vc-json-schema-test-suite/vc-json-schema-test-suite/tests/jsonschemacredential.js",
          "parent": "bcr3e4VKT62NUsdhTlWGF",
          "ctx": null,
          "_testId": "urn:uuid:ae7d3e95-a9be-420d-8fa8-dc1055b79b0a",
          "_events": {},
          "_eventsCount": 1,
          "timer": {
            "_idleTimeout": -1,
            "_idlePrev": null,
            "_idleNext": null,
            "_idleStart": 10327,
            "_onTimeout": null,
            "_repeat": null,
            "_destroyed": true
          },
          "cell": {
            "columnId": "tbd",
            "rowId": "4.2 (Failure) Validation MUST result in one of the following three possible outcomes: success, failure, or indeterminate."
          },
          "duration": 186,
          "state": "failed",
          "err": {
            "name": "AssertionError",
            "message": "expected 'error' to equal 'success'",
            "showDiff": true,
            "actual": "error",
            "expected": "success",
            "operator": "strictEqual",
            "stack": "AssertionError: expected 'error' to equal 'success'\n    at should.equal (node_modules/chai/lib/chai/interface/should.js:98:35)\n    at Context.<anonymous> (file:///home/runner/work/vc-json-schema-test-suite/vc-json-schema-test-suite/tests/jsonschemacredential.js:90:18)"
          }
        },
        {
          "type": "test",
          "title": "4.2 (Indeterminate) Validation MUST result in one of the following three possible outcomes: success, failure, or indeterminate.",
          "body": "async function() {\n          await generateTestResults(i.name, schemaVersionName, jsonSchemaType, this.test.title);\n          this.test.cell = {columnId: i.name, rowId: this.test.title};\n          const result = await checkTestResults(i.name, schemaVersionName, jsonSchemaType, this.test.title);\n          should.equal(result, TestResult.success);\n        }",
          "async": 0,
          "sync": true,
          "_timeout": 150000,
          "_slow": 75,
          "_retries": -1,
          "timedOut": false,
          "_currentRetry": 0,
          "pending": false,
          "file": "/home/runner/work/vc-json-schema-test-suite/vc-json-schema-test-suite/tests/jsonschemacredential.js",
          "parent": "bcr3e4VKT62NUsdhTlWGF",
          "ctx": null,
          "_testId": "urn:uuid:8d9ad6f9-813a-4bf2-bded-aeedc1dc4ff6",
          "_events": {},
          "_eventsCount": 1,
          "timer": {
            "_idleTimeout": -1,
            "_idlePrev": null,
            "_idleNext": null,
            "_idleStart": 10513,
            "_onTimeout": null,
            "_repeat": null,
            "_destroyed": true
          },
          "cell": {
            "columnId": "tbd",
            "rowId": "4.2 (Indeterminate) Validation MUST result in one of the following three possible outcomes: success, failure, or indeterminate."
          },
          "duration": 186,
          "state": "failed",
          "err": {
            "name": "AssertionError",
            "message": "expected 'error' to equal 'success'",
            "showDiff": true,
            "actual": "error",
            "expected": "success",
            "operator": "strictEqual",
            "stack": "AssertionError: expected 'error' to equal 'success'\n    at should.equal (node_modules/chai/lib/chai/interface/should.js:98:35)\n    at Context.<anonymous> (file:///home/runner/work/vc-json-schema-test-suite/vc-json-schema-test-suite/tests/jsonschemacredential.js:97:18)"
          }
        }
      ],
      "root": false,
      "pending": false,
      "_retries": -1,
      "_beforeEach": [],
      "_beforeAll": [],
      "_afterEach": [],
      "_afterAll": [],
      "_timeout": 150000,
      "_slow": 75,
      "_bail": false,
      "_onlyTests": [],
      "_onlySuites": [],
      "delayed": false,
      "parent": "QbPzaVTZlxPjx9zTaSSJu",
      "file": "/home/runner/work/vc-json-schema-test-suite/vc-json-schema-test-suite/tests/jsonschemacredential.js",
      "matrix": true,
      "report": true,
      "implemented": [
        "tbd"
      ],
      "rowLabel": "Test Name",
      "columnLabel": "Implementation",
      "_testId": "urn:uuid:6f1e6b88-73aa-4714-a542-d4ce54783cb9"
    }
  ],
  "tests": [],
  "root": true,
  "pending": false,
  "_retries": -1,
  "_beforeEach": [],
  "_beforeAll": [],
  "_afterEach": [],
  "_afterAll": [],
  "_timeout": 150000,
  "_slow": 75,
  "_bail": false,
  "_onlyTests": [],
  "_onlySuites": [],
  "delayed": false,
  "_events": {
    "pre-require": [
      null,
      null
    ]
  },
  "_eventsCount": 1,
  "_testId": "urn:uuid:8e9374f8-c62f-422c-bf73-55f3b1bd9041"
}